nohup: ignoring input
WARNING (theano.sandbox.cuda): The cuda backend is deprecated and will be removed in the next release (v0.10).  Please switch to the gpuarray backend. You can get more information about how to switch at this URL:
 https://github.com/Theano/Theano/wiki/Converting-to-the-new-gpu-back-end%28gpuarray%29

ERROR (theano.sandbox.cuda): nvcc compiler not found on $PATH. Check your nvcc installation and try again.
INFO:root:Shape for training set: (17381, 483142)
INFO:root:State: {'ndim': '50', 'test_all': '100', 'test_path': 'data/fb15k/FB15k-test.pkl', 'nhid': '50', 'lremb': '0.1', 'seed': '123', 'simfn': 'L1', 'valid_path': 'data/fb15k/FB15k-valid.pkl', 'nbatches': '10', 'lrparam': '0.1', 'decay': '0.999', 'no_rescaling': 'True', 'Nrel': '2430', 'ranking_score_right': 'False', 'Nent': '17381', 'Nsyn': '14951', 'method': 'ADAGRAD', 'loss_margin': '1.0', 'C': '1.0', 'epsilon': '1e-06', 'use_db': 'False', 'max_lr': 'None', 'l1_param_weight': 'None', 'filtered': 'True', 'name': 'fb15k_margin/fb15k_TransC_ap_den2/', 'totepochs': '500', 'l2_param_weight': 'None', 'train_path': 'data/fb15k/FB15k-train_C.pkl', 'op': 'TransE'}
INFO:root:Starting the Experiment ..
INFO:root:-- EPOCH 1 (9.585 seconds):
INFO:root:COST >> 1.6166 +/- 0.7338, % updates: 61.965%
INFO:root:-- EPOCH 2 (7.29 seconds):
INFO:root:COST >> 0.3741 +/- 0.1029, % updates: 23.316%
INFO:root:-- EPOCH 3 (5.225 seconds):
INFO:root:COST >> 0.1665 +/- 0.0112, % updates: 11.566%
INFO:root:-- EPOCH 4 (4.235 seconds):
INFO:root:COST >> 0.1228 +/- 0.0034, % updates: 8.625%
INFO:root:-- EPOCH 5 (4.985 seconds):
INFO:root:COST >> 0.1032 +/- 0.0015, % updates: 7.246%
INFO:root:-- EPOCH 6 (5.263 seconds):
INFO:root:COST >> 0.0933 +/- 0.001, % updates: 6.549%
INFO:root:-- EPOCH 7 (5.26 seconds):
INFO:root:COST >> 0.0856 +/- 0.0008, % updates: 6.014%
INFO:root:-- EPOCH 8 (5.24 seconds):
INFO:root:COST >> 0.0805 +/- 0.0011, % updates: 5.666%
INFO:root:-- EPOCH 9 (5.215 seconds):
INFO:root:COST >> 0.0759 +/- 0.0007, % updates: 5.391%
INFO:root:-- EPOCH 10 (5.278 seconds):
INFO:root:COST >> 0.0731 +/- 0.0012, % updates: 5.179%
INFO:root:-- EPOCH 11 (5.261 seconds):
INFO:root:COST >> 0.0709 +/- 0.0014, % updates: 5.009%
INFO:root:-- EPOCH 12 (5.244 seconds):
INFO:root:COST >> 0.0683 +/- 0.0012, % updates: 4.86%
INFO:root:-- EPOCH 13 (5.376 seconds):
INFO:root:COST >> 0.0663 +/- 0.0007, % updates: 4.706%
INFO:root:-- EPOCH 14 (5.254 seconds):
INFO:root:COST >> 0.0648 +/- 0.0008, % updates: 4.618%
INFO:root:-- EPOCH 15 (5.21 seconds):
INFO:root:COST >> 0.0636 +/- 0.001, % updates: 4.533%
INFO:root:-- EPOCH 16 (5.269 seconds):
INFO:root:COST >> 0.0622 +/- 0.0008, % updates: 4.451%
INFO:root:-- EPOCH 17 (5.34 seconds):
INFO:root:COST >> 0.0607 +/- 0.0007, % updates: 4.353%
INFO:root:-- EPOCH 18 (5.167 seconds):
INFO:root:COST >> 0.0604 +/- 0.001, % updates: 4.313%
INFO:root:-- EPOCH 19 (5.338 seconds):
INFO:root:COST >> 0.0597 +/- 0.0006, % updates: 4.28%
INFO:root:-- EPOCH 20 (5.236 seconds):
INFO:root:COST >> 0.0582 +/- 0.0007, % updates: 4.175%
INFO:root:-- EPOCH 21 (5.09 seconds):
INFO:root:COST >> 0.0571 +/- 0.0011, % updates: 4.128%
INFO:root:-- EPOCH 22 (4.104 seconds):
INFO:root:COST >> 0.0566 +/- 0.0012, % updates: 4.081%
INFO:root:-- EPOCH 23 (4.165 seconds):
INFO:root:COST >> 0.0557 +/- 0.0009, % updates: 4.035%
INFO:root:-- EPOCH 24 (4.972 seconds):
INFO:root:COST >> 0.0554 +/- 0.0011, % updates: 4.026%
INFO:root:-- EPOCH 25 (5.159 seconds):
INFO:root:COST >> 0.0543 +/- 0.0006, % updates: 3.955%
INFO:root:-- EPOCH 26 (5.331 seconds):
INFO:root:COST >> 0.0542 +/- 0.0014, % updates: 3.932%
INFO:root:-- EPOCH 27 (5.256 seconds):
INFO:root:COST >> 0.0537 +/- 0.0008, % updates: 3.909%
INFO:root:-- EPOCH 28 (5.243 seconds):
INFO:root:COST >> 0.053 +/- 0.0009, % updates: 3.876%
INFO:root:-- EPOCH 29 (5.357 seconds):
INFO:root:COST >> 0.0519 +/- 0.0008, % updates: 3.818%
INFO:root:-- EPOCH 30 (5.454 seconds):
INFO:root:COST >> 0.052 +/- 0.0009, % updates: 3.788%
INFO:root:-- EPOCH 31 (5.34 seconds):
INFO:root:COST >> 0.0518 +/- 0.001, % updates: 3.81%
INFO:root:-- EPOCH 32 (5.528 seconds):
INFO:root:COST >> 0.0513 +/- 0.0011, % updates: 3.766%
INFO:root:-- EPOCH 33 (5.363 seconds):
INFO:root:COST >> 0.0511 +/- 0.0009, % updates: 3.75%
INFO:root:-- EPOCH 34 (5.337 seconds):
INFO:root:COST >> 0.0506 +/- 0.0006, % updates: 3.742%
INFO:root:-- EPOCH 35 (5.284 seconds):
INFO:root:COST >> 0.0505 +/- 0.0006, % updates: 3.71%
INFO:root:-- EPOCH 36 (5.328 seconds):
INFO:root:COST >> 0.0502 +/- 0.0008, % updates: 3.7%
INFO:root:-- EPOCH 37 (5.283 seconds):
INFO:root:COST >> 0.0495 +/- 0.0006, % updates: 3.66%
INFO:root:-- EPOCH 38 (5.214 seconds):
INFO:root:COST >> 0.0495 +/- 0.0007, % updates: 3.652%
INFO:root:-- EPOCH 39 (5.229 seconds):
INFO:root:COST >> 0.0491 +/- 0.0006, % updates: 3.627%
INFO:root:-- EPOCH 40 (5.009 seconds):
INFO:root:COST >> 0.0494 +/- 0.0007, % updates: 3.648%
INFO:root:-- EPOCH 41 (4.156 seconds):
INFO:root:COST >> 0.0482 +/- 0.001, % updates: 3.593%
INFO:root:-- EPOCH 42 (4.057 seconds):
INFO:root:COST >> 0.0488 +/- 0.0009, % updates: 3.604%
INFO:root:-- EPOCH 43 (5.198 seconds):
INFO:root:COST >> 0.0482 +/- 0.0011, % updates: 3.568%
INFO:root:-- EPOCH 44 (5.406 seconds):
INFO:root:COST >> 0.0484 +/- 0.001, % updates: 3.565%
INFO:root:-- EPOCH 45 (5.28 seconds):
INFO:root:COST >> 0.0477 +/- 0.0011, % updates: 3.552%
INFO:root:-- EPOCH 46 (5.322 seconds):
INFO:root:COST >> 0.0476 +/- 0.001, % updates: 3.54%
INFO:root:-- EPOCH 47 (5.283 seconds):
INFO:root:COST >> 0.0471 +/- 0.0006, % updates: 3.488%
INFO:root:-- EPOCH 48 (5.232 seconds):
INFO:root:COST >> 0.0469 +/- 0.0013, % updates: 3.495%
INFO:root:-- EPOCH 49 (5.189 seconds):
INFO:root:COST >> 0.0468 +/- 0.0012, % updates: 3.491%
INFO:root:-- EPOCH 50 (5.252 seconds):
INFO:root:COST >> 0.0467 +/- 0.0009, % updates: 3.492%
INFO:root:-- EPOCH 51 (5.346 seconds):
INFO:root:COST >> 0.0469 +/- 0.0013, % updates: 3.495%
INFO:root:-- EPOCH 52 (5.405 seconds):
INFO:root:COST >> 0.0461 +/- 0.0011, % updates: 3.46%
INFO:root:-- EPOCH 53 (5.296 seconds):
INFO:root:COST >> 0.0458 +/- 0.0008, % updates: 3.446%
INFO:root:-- EPOCH 54 (5.284 seconds):
INFO:root:COST >> 0.0462 +/- 0.0008, % updates: 3.468%
INFO:root:-- EPOCH 55 (5.278 seconds):
INFO:root:COST >> 0.0461 +/- 0.0009, % updates: 3.476%
INFO:root:-- EPOCH 56 (5.293 seconds):
INFO:root:COST >> 0.0457 +/- 0.0008, % updates: 3.441%
INFO:root:-- EPOCH 57 (5.4 seconds):
INFO:root:COST >> 0.0452 +/- 0.0007, % updates: 3.404%
INFO:root:-- EPOCH 58 (5.309 seconds):
INFO:root:COST >> 0.0454 +/- 0.0006, % updates: 3.401%
INFO:root:-- EPOCH 59 (4.619 seconds):
INFO:root:COST >> 0.0454 +/- 0.0007, % updates: 3.409%
INFO:root:-- EPOCH 60 (4.268 seconds):
INFO:root:COST >> 0.0456 +/- 0.0009, % updates: 3.404%
INFO:root:-- EPOCH 61 (4.195 seconds):
INFO:root:COST >> 0.045 +/- 0.0009, % updates: 3.379%
INFO:root:-- EPOCH 62 (5.262 seconds):
INFO:root:COST >> 0.0451 +/- 0.0008, % updates: 3.386%
INFO:root:-- EPOCH 63 (5.18 seconds):
INFO:root:COST >> 0.0448 +/- 0.0011, % updates: 3.37%
INFO:root:-- EPOCH 64 (3.728 seconds):
INFO:root:COST >> 0.0445 +/- 0.001, % updates: 3.362%
INFO:root:-- EPOCH 65 (3.666 seconds):
INFO:root:COST >> 0.0442 +/- 0.0009, % updates: 3.342%
INFO:root:-- EPOCH 66 (3.914 seconds):
INFO:root:COST >> 0.0442 +/- 0.0007, % updates: 3.351%
INFO:root:-- EPOCH 67 (4.001 seconds):
INFO:root:COST >> 0.0448 +/- 0.0009, % updates: 3.363%
INFO:root:-- EPOCH 68 (3.863 seconds):
INFO:root:COST >> 0.0442 +/- 0.0008, % updates: 3.336%
INFO:root:-- EPOCH 69 (3.79 seconds):
INFO:root:COST >> 0.0443 +/- 0.0007, % updates: 3.346%
INFO:root:-- EPOCH 70 (3.987 seconds):
INFO:root:COST >> 0.0443 +/- 0.0008, % updates: 3.35%
INFO:root:-- EPOCH 71 (3.765 seconds):
INFO:root:COST >> 0.0442 +/- 0.0006, % updates: 3.332%
INFO:root:-- EPOCH 72 (4.518 seconds):
INFO:root:COST >> 0.0437 +/- 0.0012, % updates: 3.304%
INFO:root:-- EPOCH 73 (5.02 seconds):
INFO:root:COST >> 0.0441 +/- 0.0006, % updates: 3.325%
INFO:root:-- EPOCH 74 (5.205 seconds):
INFO:root:COST >> 0.0432 +/- 0.001, % updates: 3.298%
INFO:root:-- EPOCH 75 (5.156 seconds):
INFO:root:COST >> 0.0437 +/- 0.0005, % updates: 3.291%
INFO:root:-- EPOCH 76 (5.033 seconds):
INFO:root:COST >> 0.0431 +/- 0.0008, % updates: 3.292%
INFO:root:-- EPOCH 77 (5.137 seconds):
INFO:root:COST >> 0.0431 +/- 0.0007, % updates: 3.261%
INFO:root:-- EPOCH 78 (5.112 seconds):
INFO:root:COST >> 0.0429 +/- 0.0008, % updates: 3.277%
INFO:root:-- EPOCH 79 (5.155 seconds):
INFO:root:COST >> 0.0432 +/- 0.0009, % updates: 3.286%
INFO:root:-- EPOCH 80 (5.09 seconds):
INFO:root:COST >> 0.0431 +/- 0.0012, % updates: 3.263%
INFO:root:-- EPOCH 81 (5.127 seconds):
INFO:root:COST >> 0.0434 +/- 0.0011, % updates: 3.277%
INFO:root:-- EPOCH 82 (5.111 seconds):
INFO:root:COST >> 0.0432 +/- 0.0012, % updates: 3.263%
INFO:root:-- EPOCH 83 (5.207 seconds):
INFO:root:COST >> 0.0426 +/- 0.0007, % updates: 3.245%
INFO:root:-- EPOCH 84 (4.985 seconds):
INFO:root:COST >> 0.0425 +/- 0.0009, % updates: 3.246%
INFO:root:-- EPOCH 85 (4.1 seconds):
INFO:root:COST >> 0.0426 +/- 0.0006, % updates: 3.227%
INFO:root:-- EPOCH 86 (4.092 seconds):
INFO:root:COST >> 0.0429 +/- 0.0005, % updates: 3.258%
INFO:root:-- EPOCH 87 (4.937 seconds):
INFO:root:COST >> 0.0425 +/- 0.0006, % updates: 3.242%
INFO:root:-- EPOCH 88 (5.179 seconds):
INFO:root:COST >> 0.0426 +/- 0.0007, % updates: 3.261%
INFO:root:-- EPOCH 89 (5.187 seconds):
INFO:root:COST >> 0.0425 +/- 0.0008, % updates: 3.232%
INFO:root:-- EPOCH 90 (5.24 seconds):
INFO:root:COST >> 0.0421 +/- 0.001, % updates: 3.208%
INFO:root:-- EPOCH 91 (5.224 seconds):
INFO:root:COST >> 0.0421 +/- 0.001, % updates: 3.215%
INFO:root:-- EPOCH 92 (5.185 seconds):
INFO:root:COST >> 0.0417 +/- 0.0007, % updates: 3.189%
INFO:root:-- EPOCH 93 (5.144 seconds):
INFO:root:COST >> 0.0425 +/- 0.0006, % updates: 3.212%
INFO:root:-- EPOCH 94 (5.114 seconds):
INFO:root:COST >> 0.042 +/- 0.0005, % updates: 3.214%
INFO:root:-- EPOCH 95 (5.141 seconds):
INFO:root:COST >> 0.0421 +/- 0.0005, % updates: 3.223%
INFO:root:-- EPOCH 96 (5.046 seconds):
INFO:root:COST >> 0.0417 +/- 0.0008, % updates: 3.192%
INFO:root:-- EPOCH 97 (5.202 seconds):
INFO:root:COST >> 0.042 +/- 0.001, % updates: 3.204%
INFO:root:-- EPOCH 98 (5.155 seconds):
INFO:root:COST >> 0.0416 +/- 0.0009, % updates: 3.197%
INFO:root:-- EPOCH 99 (5.062 seconds):
INFO:root:COST >> 0.0417 +/- 0.0008, % updates: 3.2%
INFO:root:-- EPOCH 100 (5.129 seconds):
INFO:root:COST >> 0.0416 +/- 0.0012, % updates: 3.197%
INFO:root:### MICRO (raw valid):
INFO:root:	-- left   >> mean: 71.49152, median: 9.0, hits@10: 52.544%
INFO:root:	-- right  >> mean: 48.99206, median: 5.0, hits@10: 61.782%
INFO:root:	-- global >> mean: 60.24179, median: 7.0, hits@10: 57.163%
INFO:root:### MACRO (raw valid):
INFO:root:	-- left   >> mean: 144.92579, median: 116.0202, hits@10: 54.015%
INFO:root:	-- right  >> mean: 141.21095, median: 112.10535, hits@10: 60.837%
INFO:root:	-- global >> mean: 143.06837, median: 93.04476, hits@10: 57.426%
INFO:root:### MICRO (filtered valid):
INFO:root:	-- left   >> mean: 66.71776, median: 8.0, hits@10: 53.834%
INFO:root:	-- right  >> mean: 46.35236, median: 5.0, hits@10: 62.98%
INFO:root:	-- global >> mean: 56.53506, median: 6.0, hits@10: 58.407%
INFO:root:### MACRO (filtered valid):
INFO:root:	-- left   >> mean: 142.83323, median: 114.31823, hits@10: 54.975%
INFO:root:	-- right  >> mean: 140.21566, median: 111.28111, hits@10: 61.518%
INFO:root:	-- global >> mean: 141.52444, median: 92.81114, hits@10: 58.246%
INFO:root:### MICRO (raw test):
INFO:root:	-- left   >> mean: 71.30941, median: 9.0, hits@1: 21.163%
INFO:root:	-- right  >> mean: 50.98878, median: 5.0, hits@1: 27.689%
INFO:root:	-- global >> mean: 61.14909, median: 7.0, hits@1: 24.426%
INFO:root:### MACRO (raw test):
INFO:root:	-- left   >> mean: 182.80313, median: 156.32518, hits@1: 19.964%
INFO:root:	-- right  >> mean: 161.2708, median: 139.12435, hits@1: 27.004%
INFO:root:	-- global >> mean: 172.03696, median: 113.44381, hits@1: 23.484%
INFO:root:### MICRO (raw test):
INFO:root:	-- left   >> mean: 71.30941, median: 9.0, hits@3: 35.12%
INFO:root:	-- right  >> mean: 50.98878, median: 5.0, hits@3: 43.143%
INFO:root:	-- global >> mean: 61.14909, median: 7.0, hits@3: 39.132%
INFO:root:### MACRO (raw test):
INFO:root:	-- left   >> mean: 182.80313, median: 156.32518, hits@3: 34.57%
INFO:root:	-- right  >> mean: 161.2708, median: 139.12435, hits@3: 41.262%
INFO:root:	-- global >> mean: 172.03696, median: 113.44381, hits@3: 37.916%
INFO:root:### MICRO (raw test):
INFO:root:	-- left   >> mean: 71.30941, median: 9.0, hits@10: 52.789%
INFO:root:	-- right  >> mean: 50.98878, median: 5.0, hits@10: 61.468%
INFO:root:	-- global >> mean: 61.14909, median: 7.0, hits@10: 57.129%
INFO:root:### MACRO (raw test):
INFO:root:	-- left   >> mean: 182.80313, median: 156.32518, hits@10: 52.653%
INFO:root:	-- right  >> mean: 161.2708, median: 139.12435, hits@10: 59.35%
INFO:root:	-- global >> mean: 172.03696, median: 113.44381, hits@10: 56.002%
INFO:root:### MICRO (filtered test):
INFO:root:	-- left   >> mean: 66.60784, median: 8.0, hits@1: 21.96%
INFO:root:	-- right  >> mean: 48.20767, median: 5.0, hits@1: 28.547%
INFO:root:	-- global >> mean: 57.40776, median: 6.0, hits@1: 25.254%
INFO:root:### MACRO (filtered test):
INFO:root:	-- left   >> mean: 180.79916, median: 154.61707, hits@1: 20.367%
INFO:root:	-- right  >> mean: 160.2763, median: 138.33299, hits@1: 27.383%
INFO:root:	-- global >> mean: 170.53773, median: 113.23465, hits@1: 23.875%
INFO:root:### MICRO (filtered test):
INFO:root:	-- left   >> mean: 66.60784, median: 8.0, hits@3: 36.187%
INFO:root:	-- right  >> mean: 48.20767, median: 5.0, hits@3: 44.318%
INFO:root:	-- global >> mean: 57.40776, median: 6.0, hits@3: 40.252%
INFO:root:### MACRO (filtered test):
INFO:root:	-- left   >> mean: 180.79916, median: 154.61707, hits@3: 35.252%
INFO:root:	-- right  >> mean: 160.2763, median: 138.33299, hits@3: 42.17%
INFO:root:	-- global >> mean: 170.53773, median: 113.23465, hits@3: 38.711%
INFO:root:### MICRO (filtered test):
INFO:root:	-- left   >> mean: 66.60784, median: 8.0, hits@10: 54.018%
INFO:root:	-- right  >> mean: 48.20767, median: 5.0, hits@10: 62.636%
INFO:root:	-- global >> mean: 57.40776, median: 6.0, hits@10: 58.327%
INFO:root:### MACRO (filtered test):
INFO:root:	-- left   >> mean: 180.79916, median: 154.61707, hits@10: 53.453%
INFO:root:	-- right  >> mean: 160.2763, median: 138.33299, hits@10: 60.002%
INFO:root:	-- global >> mean: 170.53773, median: 113.23465, hits@10: 56.727%
INFO:root:### MICRO (raw test):
INFO:root:	-- global >> mean: 3.80234, median: 1.0, hits@1: 66.637%
INFO:root:### MICRO (raw test):
INFO:root:	-- global >> mean: 3.80234, median: 1.0, hits@3: 86.597%
INFO:root:### MICRO (raw test):
INFO:root:	-- global >> mean: 3.80234, median: 1.0, hits@10: 96.428%
INFO:root:### MICRO (filtered test):
INFO:root:	-- global >> mean: 3.52285, median: 1.0, hits@1: 76.367%
INFO:root:### MICRO (filtered test):
INFO:root:	-- global >> mean: 3.52285, median: 1.0, hits@3: 90.698%
INFO:root:### MICRO (filtered test):
INFO:root:	-- global >> mean: 3.52285, median: 1.0, hits@10: 96.646%
INFO:root:-- EPOCH 101 (13.366 seconds):
INFO:root:COST >> 0.0414 +/- 0.001, % updates: 3.17%
INFO:root:-- EPOCH 102 (11.888 seconds):
INFO:root:COST >> 0.0417 +/- 0.0008, % updates: 3.202%
INFO:root:-- EPOCH 103 (9.627 seconds):
INFO:root:COST >> 0.0413 +/- 0.0008, % updates: 3.177%
INFO:root:-- EPOCH 104 (12.339 seconds):
INFO:root:COST >> 0.0409 +/- 0.0009, % updates: 3.124%
INFO:root:-- EPOCH 105 (11.25 seconds):
INFO:root:COST >> 0.0412 +/- 0.0008, % updates: 3.161%
INFO:root:-- EPOCH 106 (13.272 seconds):
INFO:root:COST >> 0.0412 +/- 0.001, % updates: 3.15%
INFO:root:-- EPOCH 107 (14.721 seconds):
INFO:root:COST >> 0.0412 +/- 0.0007, % updates: 3.163%
INFO:root:-- EPOCH 108 (12.439 seconds):
INFO:root:COST >> 0.0413 +/- 0.0005, % updates: 3.172%
INFO:root:-- EPOCH 109 (12.627 seconds):
INFO:root:COST >> 0.041 +/- 0.0012, % updates: 3.161%
INFO:root:-- EPOCH 110 (12.586 seconds):
INFO:root:COST >> 0.0412 +/- 0.0006, % updates: 3.172%
INFO:root:-- EPOCH 111 (13.855 seconds):
INFO:root:COST >> 0.041 +/- 0.0013, % updates: 3.147%
INFO:root:-- EPOCH 112 (13.116 seconds):
INFO:root:COST >> 0.041 +/- 0.0008, % updates: 3.155%
INFO:root:-- EPOCH 113 (13.392 seconds):
INFO:root:COST >> 0.0414 +/- 0.001, % updates: 3.157%
INFO:root:-- EPOCH 114 (11.195 seconds):
INFO:root:COST >> 0.0405 +/- 0.0007, % updates: 3.136%
INFO:root:-- EPOCH 115 (13.3 seconds):
INFO:root:COST >> 0.0411 +/- 0.0006, % updates: 3.142%
INFO:root:-- EPOCH 116 (9.958 seconds):
INFO:root:COST >> 0.0406 +/- 0.0007, % updates: 3.137%
INFO:root:-- EPOCH 117 (11.582 seconds):
INFO:root:COST >> 0.0405 +/- 0.0007, % updates: 3.121%
INFO:root:-- EPOCH 118 (11.119 seconds):
INFO:root:COST >> 0.0408 +/- 0.0007, % updates: 3.147%
INFO:root:-- EPOCH 119 (12.872 seconds):
INFO:root:COST >> 0.041 +/- 0.0006, % updates: 3.133%
INFO:root:-- EPOCH 120 (13.698 seconds):
INFO:root:COST >> 0.0402 +/- 0.0008, % updates: 3.092%
INFO:root:-- EPOCH 121 (12.123 seconds):
INFO:root:COST >> 0.04 +/- 0.0007, % updates: 3.1%
INFO:root:-- EPOCH 122 (13.388 seconds):
INFO:root:COST >> 0.0402 +/- 0.0005, % updates: 3.101%
INFO:root:-- EPOCH 123 (13.212 seconds):
INFO:root:COST >> 0.0399 +/- 0.001, % updates: 3.092%
INFO:root:-- EPOCH 124 (13.405 seconds):
INFO:root:COST >> 0.04 +/- 0.0007, % updates: 3.102%
INFO:root:-- EPOCH 125 (12.031 seconds):
INFO:root:COST >> 0.0401 +/- 0.0007, % updates: 3.096%
INFO:root:-- EPOCH 126 (12.215 seconds):
INFO:root:COST >> 0.0401 +/- 0.001, % updates: 3.1%
INFO:root:-- EPOCH 127 (12.573 seconds):
INFO:root:COST >> 0.0403 +/- 0.0008, % updates: 3.103%
INFO:root:-- EPOCH 128 (10.683 seconds):
INFO:root:COST >> 0.04 +/- 0.0005, % updates: 3.094%
INFO:root:-- EPOCH 129 (12.698 seconds):
INFO:root:COST >> 0.0394 +/- 0.0007, % updates: 3.068%
INFO:root:-- EPOCH 130 (13.347 seconds):
INFO:root:COST >> 0.0397 +/- 0.0009, % updates: 3.087%
INFO:root:-- EPOCH 131 (10.554 seconds):
INFO:root:COST >> 0.04 +/- 0.0008, % updates: 3.105%
INFO:root:-- EPOCH 132 (12.01 seconds):
INFO:root:COST >> 0.04 +/- 0.0005, % updates: 3.101%
INFO:root:-- EPOCH 133 (12.364 seconds):
INFO:root:COST >> 0.0397 +/- 0.0007, % updates: 3.092%
INFO:root:-- EPOCH 134 (13.515 seconds):
INFO:root:COST >> 0.0399 +/- 0.0007, % updates: 3.097%
INFO:root:-- EPOCH 135 (10.807 seconds):
INFO:root:COST >> 0.0398 +/- 0.0009, % updates: 3.08%
INFO:root:-- EPOCH 136 (11.504 seconds):
INFO:root:COST >> 0.0396 +/- 0.0009, % updates: 3.075%
INFO:root:-- EPOCH 137 (15.685 seconds):
INFO:root:COST >> 0.0396 +/- 0.0008, % updates: 3.073%
INFO:root:-- EPOCH 138 (12.728 seconds):
INFO:root:COST >> 0.0401 +/- 0.0008, % updates: 3.106%
INFO:root:-- EPOCH 139 (13.524 seconds):
INFO:root:COST >> 0.0392 +/- 0.0008, % updates: 3.062%
INFO:root:-- EPOCH 140 (12.791 seconds):
INFO:root:COST >> 0.0395 +/- 0.0009, % updates: 3.08%
INFO:root:-- EPOCH 141 (13.516 seconds):
INFO:root:COST >> 0.0396 +/- 0.0005, % updates: 3.056%
INFO:root:-- EPOCH 142 (11.2 seconds):
INFO:root:COST >> 0.0396 +/- 0.0008, % updates: 3.072%
INFO:root:-- EPOCH 143 (12.36 seconds):
INFO:root:COST >> 0.0397 +/- 0.0007, % updates: 3.079%
INFO:root:-- EPOCH 144 (12.064 seconds):
INFO:root:COST >> 0.0393 +/- 0.0008, % updates: 3.056%
INFO:root:-- EPOCH 145 (11.881 seconds):
INFO:root:COST >> 0.0392 +/- 0.0008, % updates: 3.044%
INFO:root:-- EPOCH 146 (11.52 seconds):
INFO:root:COST >> 0.0393 +/- 0.0007, % updates: 3.053%
INFO:root:-- EPOCH 147 (11.209 seconds):
INFO:root:COST >> 0.0391 +/- 0.0009, % updates: 3.07%
INFO:root:-- EPOCH 148 (11.762 seconds):
INFO:root:COST >> 0.0391 +/- 0.0008, % updates: 3.039%
INFO:root:-- EPOCH 149 (10.848 seconds):
INFO:root:COST >> 0.0392 +/- 0.0007, % updates: 3.051%
INFO:root:-- EPOCH 150 (10.908 seconds):
INFO:root:COST >> 0.0389 +/- 0.0008, % updates: 3.041%
INFO:root:-- EPOCH 151 (13.965 seconds):
INFO:root:COST >> 0.0388 +/- 0.0007, % updates: 3.029%
INFO:root:-- EPOCH 152 (12.334 seconds):
INFO:root:COST >> 0.039 +/- 0.001, % updates: 3.027%
INFO:root:-- EPOCH 153 (13.031 seconds):
INFO:root:COST >> 0.0388 +/- 0.0008, % updates: 3.021%
INFO:root:-- EPOCH 154 (11.894 seconds):
INFO:root:COST >> 0.0389 +/- 0.0008, % updates: 3.021%
INFO:root:-- EPOCH 155 (10.341 seconds):
INFO:root:COST >> 0.0389 +/- 0.0009, % updates: 3.038%
INFO:root:-- EPOCH 156 (10.417 seconds):
INFO:root:COST >> 0.0391 +/- 0.0006, % updates: 3.043%
INFO:root:-- EPOCH 157 (9.912 seconds):
INFO:root:COST >> 0.039 +/- 0.0006, % updates: 3.046%
INFO:root:-- EPOCH 158 (11.495 seconds):
INFO:root:COST >> 0.0391 +/- 0.0007, % updates: 3.035%
INFO:root:-- EPOCH 159 (14.143 seconds):
INFO:root:COST >> 0.0387 +/- 0.001, % updates: 3.009%
INFO:root:-- EPOCH 160 (12.525 seconds):
INFO:root:COST >> 0.0387 +/- 0.0008, % updates: 3.029%
INFO:root:-- EPOCH 161 (11.909 seconds):
INFO:root:COST >> 0.039 +/- 0.0008, % updates: 3.031%
INFO:root:-- EPOCH 162 (11.828 seconds):
INFO:root:COST >> 0.0389 +/- 0.0007, % updates: 3.036%
INFO:root:-- EPOCH 163 (10.371 seconds):
INFO:root:COST >> 0.0387 +/- 0.0005, % updates: 3.012%
INFO:root:-- EPOCH 164 (11.603 seconds):
INFO:root:COST >> 0.0388 +/- 0.0007, % updates: 3.019%
INFO:root:-- EPOCH 165 (12.474 seconds):
INFO:root:COST >> 0.0387 +/- 0.0009, % updates: 3.024%
INFO:root:-- EPOCH 166 (11.467 seconds):
INFO:root:COST >> 0.0387 +/- 0.0007, % updates: 3.028%
INFO:root:-- EPOCH 167 (11.577 seconds):
INFO:root:COST >> 0.0386 +/- 0.0006, % updates: 3.024%
INFO:root:-- EPOCH 168 (12.175 seconds):
INFO:root:COST >> 0.0385 +/- 0.0007, % updates: 3.029%
INFO:root:-- EPOCH 169 (11.559 seconds):
INFO:root:COST >> 0.0386 +/- 0.0005, % updates: 3.029%
INFO:root:-- EPOCH 170 (11.194 seconds):
INFO:root:COST >> 0.0387 +/- 0.0007, % updates: 3.018%
INFO:root:-- EPOCH 171 (12.32 seconds):
INFO:root:COST >> 0.0389 +/- 0.0005, % updates: 3.014%
INFO:root:-- EPOCH 172 (11.235 seconds):
INFO:root:COST >> 0.0384 +/- 0.0006, % updates: 3.0%
INFO:root:-- EPOCH 173 (11.141 seconds):
INFO:root:COST >> 0.0382 +/- 0.0007, % updates: 2.985%
INFO:root:-- EPOCH 174 (12.088 seconds):
INFO:root:COST >> 0.0384 +/- 0.0008, % updates: 2.996%
INFO:root:-- EPOCH 175 (8.863 seconds):
INFO:root:COST >> 0.0385 +/- 0.0007, % updates: 3.004%
INFO:root:-- EPOCH 176 (10.065 seconds):
INFO:root:COST >> 0.0382 +/- 0.0009, % updates: 2.99%
INFO:root:-- EPOCH 177 (12.2 seconds):
INFO:root:COST >> 0.0379 +/- 0.001, % updates: 2.976%
INFO:root:-- EPOCH 178 (11.509 seconds):
INFO:root:COST >> 0.0387 +/- 0.0004, % updates: 3.009%
INFO:root:-- EPOCH 179 (11.633 seconds):
INFO:root:COST >> 0.0381 +/- 0.0011, % updates: 2.986%
INFO:root:-- EPOCH 180 (11.773 seconds):
INFO:root:COST >> 0.0384 +/- 0.0009, % updates: 3.005%
INFO:root:-- EPOCH 181 (11.224 seconds):
INFO:root:COST >> 0.0383 +/- 0.0009, % updates: 2.99%
INFO:root:-- EPOCH 182 (11.301 seconds):
INFO:root:COST >> 0.0381 +/- 0.0006, % updates: 2.995%
INFO:root:-- EPOCH 183 (9.341 seconds):
INFO:root:COST >> 0.0383 +/- 0.0004, % updates: 3.005%
INFO:root:-- EPOCH 184 (10.364 seconds):
INFO:root:COST >> 0.0383 +/- 0.0004, % updates: 2.994%
INFO:root:-- EPOCH 185 (12.787 seconds):
INFO:root:COST >> 0.0384 +/- 0.0008, % updates: 3.001%
INFO:root:-- EPOCH 186 (12.44 seconds):
INFO:root:COST >> 0.0378 +/- 0.0007, % updates: 2.977%
INFO:root:-- EPOCH 187 (11.224 seconds):
INFO:root:COST >> 0.0379 +/- 0.0009, % updates: 2.985%
INFO:root:-- EPOCH 188 (10.819 seconds):
INFO:root:COST >> 0.0379 +/- 0.0006, % updates: 2.975%
INFO:root:-- EPOCH 189 (9.006 seconds):
INFO:root:COST >> 0.0382 +/- 0.0009, % updates: 2.993%
INFO:root:-- EPOCH 190 (7.897 seconds):
INFO:root:COST >> 0.0381 +/- 0.0007, % updates: 2.985%
INFO:root:-- EPOCH 191 (9.492 seconds):
INFO:root:COST >> 0.0377 +/- 0.0004, % updates: 2.964%
INFO:root:-- EPOCH 192 (11.103 seconds):
INFO:root:COST >> 0.0383 +/- 0.0006, % updates: 2.987%
INFO:root:-- EPOCH 193 (11.318 seconds):
INFO:root:COST >> 0.0383 +/- 0.0004, % updates: 2.992%
INFO:root:-- EPOCH 194 (13.281 seconds):
INFO:root:COST >> 0.038 +/- 0.0006, % updates: 2.988%
INFO:root:-- EPOCH 195 (9.258 seconds):
INFO:root:COST >> 0.038 +/- 0.001, % updates: 2.981%
INFO:root:-- EPOCH 196 (10.96 seconds):
INFO:root:COST >> 0.0381 +/- 0.0009, % updates: 2.997%
INFO:root:-- EPOCH 197 (8.658 seconds):
INFO:root:COST >> 0.0379 +/- 0.0008, % updates: 2.98%
INFO:root:-- EPOCH 198 (9.788 seconds):
INFO:root:COST >> 0.0378 +/- 0.0006, % updates: 2.962%
INFO:root:-- EPOCH 199 (11.093 seconds):
INFO:root:COST >> 0.0381 +/- 0.0006, % updates: 2.982%
INFO:root:-- EPOCH 200 (10.207 seconds):
INFO:root:COST >> 0.0379 +/- 0.0009, % updates: 2.974%
INFO:root:### MICRO (raw valid):
INFO:root:	-- left   >> mean: 67.42038, median: 8.0, hits@10: 53.982%
INFO:root:	-- right  >> mean: 45.5508, median: 5.0, hits@10: 63.186%
INFO:root:	-- global >> mean: 56.48559, median: 6.0, hits@10: 58.584%
INFO:root:### MACRO (raw valid):
INFO:root:	-- left   >> mean: 127.96436, median: 99.56332, hits@10: 55.97%
INFO:root:	-- right  >> mean: 115.5263, median: 88.27675, hits@10: 62.102%
INFO:root:	-- global >> mean: 121.74533, median: 74.02893, hits@10: 59.036%
INFO:root:### MICRO (filtered valid):
INFO:root:	-- left   >> mean: 62.77326, median: 8.0, hits@10: 55.174%
INFO:root:	-- right  >> mean: 42.9933, median: 4.0, hits@10: 64.398%
INFO:root:	-- global >> mean: 52.88328, median: 6.0, hits@10: 59.786%
INFO:root:### MACRO (filtered valid):
INFO:root:	-- left   >> mean: 125.90468, median: 97.85371, hits@10: 56.907%
INFO:root:	-- right  >> mean: 114.54856, median: 87.4667, hits@10: 62.753%
INFO:root:	-- global >> mean: 120.22662, median: 73.81932, hits@10: 59.83%
INFO:root:### MICRO (raw test):
INFO:root:	-- left   >> mean: 67.08119, median: 8.0, hits@1: 21.933%
INFO:root:	-- right  >> mean: 46.99512, median: 5.0, hits@1: 28.77%
INFO:root:	-- global >> mean: 57.03816, median: 6.0, hits@1: 25.352%
INFO:root:### MACRO (raw test):
INFO:root:	-- left   >> mean: 167.21063, median: 144.16961, hits@1: 22.035%
INFO:root:	-- right  >> mean: 150.35746, median: 130.65297, hits@1: 27.748%
INFO:root:	-- global >> mean: 158.78404, median: 107.15817, hits@1: 24.892%
INFO:root:### MICRO (raw test):
INFO:root:	-- left   >> mean: 67.08119, median: 8.0, hits@3: 35.977%
INFO:root:	-- right  >> mean: 46.99512, median: 5.0, hits@3: 44.452%
INFO:root:	-- global >> mean: 57.03816, median: 6.0, hits@3: 40.214%
INFO:root:### MACRO (raw test):
INFO:root:	-- left   >> mean: 167.21063, median: 144.16961, hits@3: 36.328%
INFO:root:	-- right  >> mean: 150.35746, median: 130.65297, hits@3: 43.872%
INFO:root:	-- global >> mean: 158.78404, median: 107.15817, hits@3: 40.1%
INFO:root:### MICRO (raw test):
INFO:root:	-- left   >> mean: 67.08119, median: 8.0, hits@10: 53.954%
INFO:root:	-- right  >> mean: 46.99512, median: 5.0, hits@10: 62.603%
INFO:root:	-- global >> mean: 57.03816, median: 6.0, hits@10: 58.278%
INFO:root:### MACRO (raw test):
INFO:root:	-- left   >> mean: 167.21063, median: 144.16961, hits@10: 54.955%
INFO:root:	-- right  >> mean: 150.35746, median: 130.65297, hits@10: 61.149%
INFO:root:	-- global >> mean: 158.78404, median: 107.15817, hits@10: 58.052%
INFO:root:### MICRO (filtered test):
INFO:root:	-- left   >> mean: 62.49899, median: 8.0, hits@1: 22.722%
INFO:root:	-- right  >> mean: 44.29412, median: 5.0, hits@1: 29.654%
INFO:root:	-- global >> mean: 53.39656, median: 6.0, hits@1: 26.188%
INFO:root:### MACRO (filtered test):
INFO:root:	-- left   >> mean: 165.23483, median: 142.50676, hits@1: 22.459%
INFO:root:	-- right  >> mean: 149.36799, median: 129.85172, hits@1: 28.125%
INFO:root:	-- global >> mean: 157.30141, median: 106.9563, hits@1: 25.292%
INFO:root:### MICRO (filtered test):
INFO:root:	-- left   >> mean: 62.49899, median: 8.0, hits@3: 37.049%
INFO:root:	-- right  >> mean: 44.29412, median: 5.0, hits@3: 45.596%
INFO:root:	-- global >> mean: 53.39656, median: 6.0, hits@3: 41.322%
INFO:root:### MACRO (filtered test):
INFO:root:	-- left   >> mean: 165.23483, median: 142.50676, hits@3: 36.981%
INFO:root:	-- right  >> mean: 149.36799, median: 129.85172, hits@3: 44.442%
INFO:root:	-- global >> mean: 157.30141, median: 106.9563, hits@3: 40.712%
INFO:root:### MICRO (filtered test):
INFO:root:	-- left   >> mean: 62.49899, median: 8.0, hits@10: 55.257%
INFO:root:	-- right  >> mean: 44.29412, median: 5.0, hits@10: 63.837%
INFO:root:	-- global >> mean: 53.39656, median: 6.0, hits@10: 59.547%
INFO:root:### MACRO (filtered test):
INFO:root:	-- left   >> mean: 165.23483, median: 142.50676, hits@10: 55.733%
INFO:root:	-- right  >> mean: 149.36799, median: 129.85172, hits@10: 62.068%
INFO:root:	-- global >> mean: 157.30141, median: 106.9563, hits@10: 58.9%
INFO:root:### MICRO (raw test):
INFO:root:	-- global >> mean: 3.61993, median: 1.0, hits@1: 66.351%
INFO:root:### MICRO (raw test):
INFO:root:	-- global >> mean: 3.61993, median: 1.0, hits@3: 86.836%
INFO:root:### MICRO (raw test):
INFO:root:	-- global >> mean: 3.61993, median: 1.0, hits@10: 96.736%
INFO:root:### MICRO (filtered test):
INFO:root:	-- global >> mean: 3.33522, median: 1.0, hits@1: 76.535%
INFO:root:### MICRO (filtered test):
INFO:root:	-- global >> mean: 3.33522, median: 1.0, hits@3: 91.057%
INFO:root:### MICRO (filtered test):
INFO:root:	-- global >> mean: 3.33522, median: 1.0, hits@10: 96.941%
INFO:root:-- EPOCH 201 (6.677 seconds):
INFO:root:COST >> 0.0379 +/- 0.0004, % updates: 2.978%
INFO:root:-- EPOCH 202 (4.481 seconds):
INFO:root:COST >> 0.038 +/- 0.0007, % updates: 2.96%
INFO:root:-- EPOCH 203 (4.493 seconds):
INFO:root:COST >> 0.0379 +/- 0.0008, % updates: 2.977%
INFO:root:-- EPOCH 204 (4.199 seconds):
INFO:root:COST >> 0.0377 +/- 0.0007, % updates: 2.949%
INFO:root:-- EPOCH 205 (4.344 seconds):
INFO:root:COST >> 0.0378 +/- 0.0005, % updates: 2.958%
INFO:root:-- EPOCH 206 (4.198 seconds):
INFO:root:COST >> 0.0375 +/- 0.0007, % updates: 2.962%
INFO:root:-- EPOCH 207 (4.497 seconds):
INFO:root:COST >> 0.0376 +/- 0.0006, % updates: 2.97%
INFO:root:-- EPOCH 208 (4.379 seconds):
INFO:root:COST >> 0.0377 +/- 0.001, % updates: 2.951%
INFO:root:-- EPOCH 209 (4.348 seconds):
INFO:root:COST >> 0.0377 +/- 0.0007, % updates: 2.972%
INFO:root:-- EPOCH 210 (4.316 seconds):
INFO:root:COST >> 0.0372 +/- 0.0007, % updates: 2.952%
INFO:root:-- EPOCH 211 (4.418 seconds):
INFO:root:COST >> 0.0377 +/- 0.0006, % updates: 2.961%
INFO:root:-- EPOCH 212 (4.331 seconds):
INFO:root:COST >> 0.0377 +/- 0.0008, % updates: 2.972%
INFO:root:-- EPOCH 213 (4.368 seconds):
INFO:root:COST >> 0.038 +/- 0.0005, % updates: 2.976%
INFO:root:-- EPOCH 214 (4.387 seconds):
INFO:root:COST >> 0.0379 +/- 0.0009, % updates: 2.96%
INFO:root:-- EPOCH 215 (4.293 seconds):
INFO:root:COST >> 0.0373 +/- 0.0005, % updates: 2.936%
INFO:root:-- EPOCH 216 (4.358 seconds):
INFO:root:COST >> 0.0372 +/- 0.0008, % updates: 2.938%
INFO:root:-- EPOCH 217 (4.382 seconds):
INFO:root:COST >> 0.0376 +/- 0.0006, % updates: 2.972%
INFO:root:-- EPOCH 218 (4.462 seconds):
INFO:root:COST >> 0.0373 +/- 0.0006, % updates: 2.937%
INFO:root:-- EPOCH 219 (4.306 seconds):
INFO:root:COST >> 0.0374 +/- 0.0003, % updates: 2.948%
INFO:root:-- EPOCH 220 (4.378 seconds):
INFO:root:COST >> 0.0371 +/- 0.001, % updates: 2.946%
INFO:root:-- EPOCH 221 (4.282 seconds):
INFO:root:COST >> 0.0375 +/- 0.0009, % updates: 2.943%
INFO:root:-- EPOCH 222 (4.191 seconds):
INFO:root:COST >> 0.0375 +/- 0.0009, % updates: 2.95%
INFO:root:-- EPOCH 223 (4.319 seconds):
INFO:root:COST >> 0.0372 +/- 0.0008, % updates: 2.925%
INFO:root:-- EPOCH 224 (4.323 seconds):
INFO:root:COST >> 0.038 +/- 0.0008, % updates: 2.96%
INFO:root:-- EPOCH 225 (4.433 seconds):
INFO:root:COST >> 0.038 +/- 0.0007, % updates: 2.979%
INFO:root:-- EPOCH 226 (4.262 seconds):
INFO:root:COST >> 0.0376 +/- 0.0009, % updates: 2.969%
INFO:root:-- EPOCH 227 (4.36 seconds):
INFO:root:COST >> 0.0374 +/- 0.0008, % updates: 2.948%
INFO:root:-- EPOCH 228 (4.396 seconds):
INFO:root:COST >> 0.0367 +/- 0.0008, % updates: 2.906%
INFO:root:-- EPOCH 229 (4.411 seconds):
INFO:root:COST >> 0.0372 +/- 0.0007, % updates: 2.951%
INFO:root:-- EPOCH 230 (4.459 seconds):
INFO:root:COST >> 0.0372 +/- 0.0008, % updates: 2.936%
INFO:root:-- EPOCH 231 (4.401 seconds):
INFO:root:COST >> 0.0372 +/- 0.0008, % updates: 2.936%
INFO:root:-- EPOCH 232 (4.382 seconds):
INFO:root:COST >> 0.0372 +/- 0.0007, % updates: 2.937%
INFO:root:-- EPOCH 233 (4.504 seconds):
INFO:root:COST >> 0.037 +/- 0.0008, % updates: 2.919%
INFO:root:-- EPOCH 234 (4.413 seconds):
INFO:root:COST >> 0.0374 +/- 0.0009, % updates: 2.945%
INFO:root:-- EPOCH 235 (4.308 seconds):
INFO:root:COST >> 0.0372 +/- 0.0009, % updates: 2.939%
INFO:root:-- EPOCH 236 (4.42 seconds):
INFO:root:COST >> 0.0369 +/- 0.0012, % updates: 2.914%
INFO:root:-- EPOCH 237 (4.382 seconds):
INFO:root:COST >> 0.0376 +/- 0.0008, % updates: 2.964%
INFO:root:-- EPOCH 238 (4.394 seconds):
INFO:root:COST >> 0.0369 +/- 0.0009, % updates: 2.907%
INFO:root:-- EPOCH 239 (4.393 seconds):
INFO:root:COST >> 0.0367 +/- 0.0008, % updates: 2.907%
INFO:root:-- EPOCH 240 (4.399 seconds):
INFO:root:COST >> 0.0371 +/- 0.0008, % updates: 2.943%
INFO:root:-- EPOCH 241 (4.386 seconds):
INFO:root:COST >> 0.0371 +/- 0.0004, % updates: 2.922%
INFO:root:-- EPOCH 242 (4.429 seconds):
INFO:root:COST >> 0.0371 +/- 0.0008, % updates: 2.915%
INFO:root:-- EPOCH 243 (4.384 seconds):
INFO:root:COST >> 0.037 +/- 0.0007, % updates: 2.898%
INFO:root:-- EPOCH 244 (4.369 seconds):
INFO:root:COST >> 0.0373 +/- 0.0006, % updates: 2.95%
INFO:root:-- EPOCH 245 (4.371 seconds):
INFO:root:COST >> 0.0371 +/- 0.0007, % updates: 2.943%
INFO:root:-- EPOCH 246 (4.508 seconds):
INFO:root:COST >> 0.0366 +/- 0.0004, % updates: 2.905%
INFO:root:-- EPOCH 247 (4.494 seconds):
INFO:root:COST >> 0.0366 +/- 0.0005, % updates: 2.892%
INFO:root:-- EPOCH 248 (4.358 seconds):
INFO:root:COST >> 0.0372 +/- 0.0008, % updates: 2.935%
INFO:root:-- EPOCH 249 (4.363 seconds):
INFO:root:COST >> 0.0374 +/- 0.0009, % updates: 2.938%
INFO:root:-- EPOCH 250 (4.258 seconds):
INFO:root:COST >> 0.0372 +/- 0.001, % updates: 2.932%
INFO:root:-- EPOCH 251 (4.361 seconds):
INFO:root:COST >> 0.0371 +/- 0.0007, % updates: 2.94%
INFO:root:-- EPOCH 252 (4.239 seconds):
INFO:root:COST >> 0.037 +/- 0.0011, % updates: 2.924%
INFO:root:-- EPOCH 253 (4.315 seconds):
INFO:root:COST >> 0.0367 +/- 0.0007, % updates: 2.908%
INFO:root:-- EPOCH 254 (4.301 seconds):
INFO:root:COST >> 0.037 +/- 0.001, % updates: 2.922%
INFO:root:-- EPOCH 255 (4.135 seconds):
INFO:root:COST >> 0.037 +/- 0.0005, % updates: 2.922%
INFO:root:-- EPOCH 256 (4.399 seconds):
INFO:root:COST >> 0.0372 +/- 0.0006, % updates: 2.925%
INFO:root:-- EPOCH 257 (4.708 seconds):
INFO:root:COST >> 0.0371 +/- 0.0006, % updates: 2.918%
INFO:root:-- EPOCH 258 (4.572 seconds):
INFO:root:COST >> 0.037 +/- 0.0012, % updates: 2.929%
INFO:root:-- EPOCH 259 (4.099 seconds):
INFO:root:COST >> 0.0363 +/- 0.0005, % updates: 2.898%
INFO:root:-- EPOCH 260 (4.192 seconds):
INFO:root:COST >> 0.0373 +/- 0.0004, % updates: 2.916%
INFO:root:-- EPOCH 261 (4.045 seconds):
INFO:root:COST >> 0.037 +/- 0.0006, % updates: 2.917%
INFO:root:-- EPOCH 262 (4.232 seconds):
INFO:root:COST >> 0.0368 +/- 0.0004, % updates: 2.912%
INFO:root:-- EPOCH 263 (4.467 seconds):
INFO:root:COST >> 0.037 +/- 0.0008, % updates: 2.917%
INFO:root:-- EPOCH 264 (4.433 seconds):
INFO:root:COST >> 0.0366 +/- 0.0007, % updates: 2.902%
INFO:root:-- EPOCH 265 (4.437 seconds):
INFO:root:COST >> 0.0374 +/- 0.0005, % updates: 2.936%
INFO:root:-- EPOCH 266 (4.462 seconds):
INFO:root:COST >> 0.0366 +/- 0.0007, % updates: 2.901%
INFO:root:-- EPOCH 267 (4.415 seconds):
INFO:root:COST >> 0.0365 +/- 0.0007, % updates: 2.898%
INFO:root:-- EPOCH 268 (4.325 seconds):
INFO:root:COST >> 0.0363 +/- 0.0008, % updates: 2.887%
INFO:root:-- EPOCH 269 (4.452 seconds):
INFO:root:COST >> 0.0367 +/- 0.0007, % updates: 2.905%
INFO:root:-- EPOCH 270 (4.418 seconds):
INFO:root:COST >> 0.0365 +/- 0.0005, % updates: 2.902%
INFO:root:-- EPOCH 271 (4.319 seconds):
INFO:root:COST >> 0.0365 +/- 0.0007, % updates: 2.902%
INFO:root:-- EPOCH 272 (4.346 seconds):
INFO:root:COST >> 0.0369 +/- 0.0006, % updates: 2.918%
INFO:root:-- EPOCH 273 (4.42 seconds):
INFO:root:COST >> 0.0365 +/- 0.0006, % updates: 2.884%
INFO:root:-- EPOCH 274 (4.536 seconds):
INFO:root:COST >> 0.0371 +/- 0.0007, % updates: 2.926%
INFO:root:-- EPOCH 275 (4.333 seconds):
INFO:root:COST >> 0.0364 +/- 0.0009, % updates: 2.886%
INFO:root:-- EPOCH 276 (4.467 seconds):
INFO:root:COST >> 0.0363 +/- 0.0006, % updates: 2.88%
INFO:root:-- EPOCH 277 (4.429 seconds):
INFO:root:COST >> 0.0365 +/- 0.0005, % updates: 2.911%
INFO:root:-- EPOCH 278 (4.317 seconds):
INFO:root:COST >> 0.0365 +/- 0.001, % updates: 2.908%
INFO:root:-- EPOCH 279 (4.406 seconds):
INFO:root:COST >> 0.0362 +/- 0.0006, % updates: 2.883%
INFO:root:-- EPOCH 280 (4.371 seconds):
INFO:root:COST >> 0.0365 +/- 0.0005, % updates: 2.895%
INFO:root:-- EPOCH 281 (4.356 seconds):
INFO:root:COST >> 0.0366 +/- 0.0007, % updates: 2.907%
INFO:root:-- EPOCH 282 (4.288 seconds):
INFO:root:COST >> 0.0367 +/- 0.001, % updates: 2.902%
INFO:root:-- EPOCH 283 (4.797 seconds):
INFO:root:COST >> 0.0368 +/- 0.0008, % updates: 2.902%
INFO:root:-- EPOCH 284 (4.244 seconds):
INFO:root:COST >> 0.0363 +/- 0.0009, % updates: 2.882%
INFO:root:-- EPOCH 285 (4.143 seconds):
INFO:root:COST >> 0.0364 +/- 0.0006, % updates: 2.889%
INFO:root:-- EPOCH 286 (5.047 seconds):
INFO:root:COST >> 0.0371 +/- 0.0005, % updates: 2.908%
INFO:root:-- EPOCH 287 (4.449 seconds):
INFO:root:COST >> 0.0366 +/- 0.0006, % updates: 2.904%
INFO:root:-- EPOCH 288 (4.265 seconds):
INFO:root:COST >> 0.0364 +/- 0.0005, % updates: 2.881%
INFO:root:-- EPOCH 289 (4.358 seconds):
INFO:root:COST >> 0.0366 +/- 0.0009, % updates: 2.913%
INFO:root:-- EPOCH 290 (4.298 seconds):
INFO:root:COST >> 0.0362 +/- 0.0005, % updates: 2.894%
INFO:root:-- EPOCH 291 (4.751 seconds):
INFO:root:COST >> 0.0361 +/- 0.0007, % updates: 2.895%
INFO:root:-- EPOCH 292 (3.866 seconds):
INFO:root:COST >> 0.0365 +/- 0.0009, % updates: 2.891%
INFO:root:-- EPOCH 293 (4.069 seconds):
INFO:root:COST >> 0.0367 +/- 0.0009, % updates: 2.91%
INFO:root:-- EPOCH 294 (4.053 seconds):
INFO:root:COST >> 0.0364 +/- 0.0007, % updates: 2.889%
INFO:root:-- EPOCH 295 (4.007 seconds):
INFO:root:COST >> 0.0365 +/- 0.0009, % updates: 2.879%
INFO:root:-- EPOCH 296 (3.914 seconds):
INFO:root:COST >> 0.0362 +/- 0.0006, % updates: 2.878%
INFO:root:-- EPOCH 297 (3.989 seconds):
INFO:root:COST >> 0.0363 +/- 0.0008, % updates: 2.894%
INFO:root:-- EPOCH 298 (4.116 seconds):
INFO:root:COST >> 0.0366 +/- 0.0008, % updates: 2.9%
INFO:root:-- EPOCH 299 (4.114 seconds):
INFO:root:COST >> 0.0361 +/- 0.0006, % updates: 2.868%
INFO:root:-- EPOCH 300 (3.794 seconds):
INFO:root:COST >> 0.036 +/- 0.0004, % updates: 2.873%
INFO:root:### MICRO (raw valid):
INFO:root:	-- left   >> mean: 66.2762, median: 8.0, hits@10: 54.564%
INFO:root:	-- right  >> mean: 44.70594, median: 5.0, hits@10: 63.874%
INFO:root:	-- global >> mean: 55.49107, median: 6.0, hits@10: 59.219%
INFO:root:### MACRO (raw valid):
INFO:root:	-- left   >> mean: 128.44011, median: 99.06659, hits@10: 57.577%
INFO:root:	-- right  >> mean: 112.78236, median: 86.30622, hits@10: 63.039%
INFO:root:	-- global >> mean: 120.61124, median: 72.37118, hits@10: 60.308%
INFO:root:### MICRO (filtered valid):
INFO:root:	-- left   >> mean: 61.68508, median: 7.0, hits@10: 55.774%
INFO:root:	-- right  >> mean: 42.16684, median: 4.0, hits@10: 65.046%
INFO:root:	-- global >> mean: 51.92596, median: 6.0, hits@10: 60.41%
INFO:root:### MACRO (filtered valid):
INFO:root:	-- left   >> mean: 126.40064, median: 97.37664, hits@10: 58.343%
INFO:root:	-- right  >> mean: 111.80366, median: 85.48144, hits@10: 63.649%
INFO:root:	-- global >> mean: 119.10215, median: 72.13701, hits@10: 60.996%
INFO:root:### MICRO (raw test):
INFO:root:	-- left   >> mean: 65.8904, median: 8.0, hits@1: 22.427%
INFO:root:	-- right  >> mean: 46.05978, median: 5.0, hits@1: 28.997%
INFO:root:	-- global >> mean: 55.97509, median: 6.0, hits@1: 25.712%
INFO:root:### MACRO (raw test):
INFO:root:	-- left   >> mean: 159.22001, median: 136.08065, hits@1: 22.317%
INFO:root:	-- right  >> mean: 140.2181, median: 120.41103, hits@1: 28.787%
INFO:root:	-- global >> mean: 149.71906, median: 100.62903, hits@1: 25.552%
INFO:root:### MICRO (raw test):
INFO:root:	-- left   >> mean: 65.8904, median: 8.0, hits@3: 36.668%
INFO:root:	-- right  >> mean: 46.05978, median: 5.0, hits@3: 44.822%
INFO:root:	-- global >> mean: 55.97509, median: 6.0, hits@3: 40.745%
INFO:root:### MACRO (raw test):
INFO:root:	-- left   >> mean: 159.22001, median: 136.08065, hits@3: 37.093%
INFO:root:	-- right  >> mean: 140.2181, median: 120.41103, hits@3: 44.958%
INFO:root:	-- global >> mean: 149.71906, median: 100.62903, hits@3: 41.025%
INFO:root:### MICRO (raw test):
INFO:root:	-- left   >> mean: 65.8904, median: 8.0, hits@10: 54.438%
INFO:root:	-- right  >> mean: 46.05978, median: 5.0, hits@10: 63.281%
INFO:root:	-- global >> mean: 55.97509, median: 6.0, hits@10: 58.86%
INFO:root:### MACRO (raw test):
INFO:root:	-- left   >> mean: 159.22001, median: 136.08065, hits@10: 55.331%
INFO:root:	-- right  >> mean: 140.2181, median: 120.41103, hits@10: 62.357%
INFO:root:	-- global >> mean: 149.71906, median: 100.62903, hits@10: 58.844%
INFO:root:### MICRO (filtered test):
INFO:root:	-- left   >> mean: 61.33639, median: 7.0, hits@1: 23.223%
INFO:root:	-- right  >> mean: 43.37817, median: 4.0, hits@1: 29.878%
INFO:root:	-- global >> mean: 52.35728, median: 6.0, hits@1: 26.55%
INFO:root:### MACRO (filtered test):
INFO:root:	-- left   >> mean: 157.24657, median: 134.4308, hits@1: 22.735%
INFO:root:	-- right  >> mean: 139.24108, median: 119.64412, hits@1: 29.257%
INFO:root:	-- global >> mean: 148.24383, median: 100.42092, hits@1: 25.996%
INFO:root:### MICRO (filtered test):
INFO:root:	-- left   >> mean: 61.33639, median: 7.0, hits@3: 37.836%
INFO:root:	-- right  >> mean: 43.37817, median: 4.0, hits@3: 46.018%
INFO:root:	-- global >> mean: 52.35728, median: 6.0, hits@3: 41.927%
INFO:root:### MACRO (filtered test):
INFO:root:	-- left   >> mean: 157.24657, median: 134.4308, hits@3: 37.719%
INFO:root:	-- right  >> mean: 139.24108, median: 119.64412, hits@3: 45.586%
INFO:root:	-- global >> mean: 148.24383, median: 100.42092, hits@3: 41.653%
INFO:root:### MICRO (filtered test):
INFO:root:	-- left   >> mean: 61.33639, median: 7.0, hits@10: 55.748%
INFO:root:	-- right  >> mean: 43.37817, median: 4.0, hits@10: 64.48%
INFO:root:	-- global >> mean: 52.35728, median: 6.0, hits@10: 60.114%
INFO:root:### MACRO (filtered test):
INFO:root:	-- left   >> mean: 157.24657, median: 134.4308, hits@10: 56.082%
INFO:root:	-- right  >> mean: 139.24108, median: 119.64412, hits@10: 62.996%
INFO:root:	-- global >> mean: 148.24383, median: 100.42092, hits@10: 59.539%
INFO:root:### MICRO (raw test):
INFO:root:	-- global >> mean: 3.55894, median: 1.0, hits@1: 66.603%
INFO:root:### MICRO (raw test):
INFO:root:	-- global >> mean: 3.55894, median: 1.0, hits@3: 86.955%
INFO:root:### MICRO (raw test):
INFO:root:	-- global >> mean: 3.55894, median: 1.0, hits@10: 96.838%
INFO:root:### MICRO (filtered test):
INFO:root:	-- global >> mean: 3.26913, median: 1.0, hits@1: 77.085%
INFO:root:### MICRO (filtered test):
INFO:root:	-- global >> mean: 3.26913, median: 1.0, hits@3: 91.111%
INFO:root:### MICRO (filtered test):
INFO:root:	-- global >> mean: 3.26913, median: 1.0, hits@10: 97.049%
INFO:root:-- EPOCH 301 (3.942 seconds):
INFO:root:COST >> 0.0365 +/- 0.0005, % updates: 2.89%
INFO:root:-- EPOCH 302 (4.005 seconds):
INFO:root:COST >> 0.0363 +/- 0.0007, % updates: 2.87%
INFO:root:-- EPOCH 303 (3.823 seconds):
INFO:root:COST >> 0.0364 +/- 0.0005, % updates: 2.878%
INFO:root:-- EPOCH 304 (3.975 seconds):
INFO:root:COST >> 0.0359 +/- 0.0006, % updates: 2.877%
INFO:root:-- EPOCH 305 (3.662 seconds):
INFO:root:COST >> 0.0366 +/- 0.0006, % updates: 2.906%
INFO:root:-- EPOCH 306 (3.984 seconds):
INFO:root:COST >> 0.0366 +/- 0.0009, % updates: 2.9%
INFO:root:-- EPOCH 307 (3.955 seconds):
INFO:root:COST >> 0.0364 +/- 0.0009, % updates: 2.886%
INFO:root:-- EPOCH 308 (3.931 seconds):
INFO:root:COST >> 0.0362 +/- 0.0007, % updates: 2.878%
INFO:root:-- EPOCH 309 (3.794 seconds):
INFO:root:COST >> 0.0363 +/- 0.0009, % updates: 2.876%
INFO:root:-- EPOCH 310 (4.036 seconds):
INFO:root:COST >> 0.0365 +/- 0.0008, % updates: 2.891%
INFO:root:-- EPOCH 311 (3.812 seconds):
INFO:root:COST >> 0.036 +/- 0.0007, % updates: 2.861%
INFO:root:-- EPOCH 312 (3.961 seconds):
INFO:root:COST >> 0.0361 +/- 0.0007, % updates: 2.88%
INFO:root:-- EPOCH 313 (3.762 seconds):
INFO:root:COST >> 0.0361 +/- 0.0004, % updates: 2.871%
INFO:root:-- EPOCH 314 (4.04 seconds):
INFO:root:COST >> 0.0361 +/- 0.0009, % updates: 2.88%
INFO:root:-- EPOCH 315 (4.051 seconds):
INFO:root:COST >> 0.0364 +/- 0.0007, % updates: 2.88%
INFO:root:-- EPOCH 316 (4.044 seconds):
INFO:root:COST >> 0.0361 +/- 0.0005, % updates: 2.877%
INFO:root:-- EPOCH 317 (3.986 seconds):
INFO:root:COST >> 0.0362 +/- 0.0005, % updates: 2.866%
INFO:root:-- EPOCH 318 (4.048 seconds):
INFO:root:COST >> 0.0361 +/- 0.0005, % updates: 2.871%
INFO:root:-- EPOCH 319 (4.067 seconds):
INFO:root:COST >> 0.0361 +/- 0.0009, % updates: 2.866%
INFO:root:-- EPOCH 320 (4.03 seconds):
INFO:root:COST >> 0.0362 +/- 0.0006, % updates: 2.868%
INFO:root:-- EPOCH 321 (4.059 seconds):
INFO:root:COST >> 0.0359 +/- 0.0008, % updates: 2.86%
INFO:root:-- EPOCH 322 (4.022 seconds):
INFO:root:COST >> 0.0362 +/- 0.0008, % updates: 2.87%
INFO:root:-- EPOCH 323 (3.859 seconds):
INFO:root:COST >> 0.0362 +/- 0.0006, % updates: 2.867%
INFO:root:-- EPOCH 324 (3.895 seconds):
INFO:root:COST >> 0.0356 +/- 0.0006, % updates: 2.84%
INFO:root:-- EPOCH 325 (3.883 seconds):
INFO:root:COST >> 0.0361 +/- 0.0007, % updates: 2.873%
INFO:root:-- EPOCH 326 (4.005 seconds):
INFO:root:COST >> 0.0361 +/- 0.0007, % updates: 2.871%
INFO:root:-- EPOCH 327 (3.792 seconds):
INFO:root:COST >> 0.0359 +/- 0.0006, % updates: 2.876%
INFO:root:-- EPOCH 328 (4.059 seconds):
INFO:root:COST >> 0.0359 +/- 0.0006, % updates: 2.849%
INFO:root:-- EPOCH 329 (3.647 seconds):
INFO:root:COST >> 0.0362 +/- 0.0005, % updates: 2.868%
INFO:root:-- EPOCH 330 (3.901 seconds):
INFO:root:COST >> 0.036 +/- 0.0008, % updates: 2.849%
INFO:root:-- EPOCH 331 (3.805 seconds):
INFO:root:COST >> 0.0358 +/- 0.0008, % updates: 2.86%
INFO:root:-- EPOCH 332 (3.835 seconds):
INFO:root:COST >> 0.0358 +/- 0.0005, % updates: 2.861%
INFO:root:-- EPOCH 333 (3.746 seconds):
INFO:root:COST >> 0.0357 +/- 0.0006, % updates: 2.855%
INFO:root:-- EPOCH 334 (4.07 seconds):
INFO:root:COST >> 0.0359 +/- 0.0013, % updates: 2.866%
INFO:root:-- EPOCH 335 (3.78 seconds):
INFO:root:COST >> 0.0361 +/- 0.0005, % updates: 2.869%
INFO:root:-- EPOCH 336 (3.918 seconds):
INFO:root:COST >> 0.0361 +/- 0.0007, % updates: 2.873%
INFO:root:-- EPOCH 337 (3.595 seconds):
INFO:root:COST >> 0.036 +/- 0.0008, % updates: 2.846%
INFO:root:-- EPOCH 338 (3.865 seconds):
INFO:root:COST >> 0.0358 +/- 0.0005, % updates: 2.849%
INFO:root:-- EPOCH 339 (3.753 seconds):
INFO:root:COST >> 0.036 +/- 0.0008, % updates: 2.883%
INFO:root:-- EPOCH 340 (4.044 seconds):
INFO:root:COST >> 0.0359 +/- 0.0007, % updates: 2.857%
INFO:root:-- EPOCH 341 (3.984 seconds):
INFO:root:COST >> 0.0359 +/- 0.0008, % updates: 2.861%
INFO:root:-- EPOCH 342 (4.025 seconds):
INFO:root:COST >> 0.0361 +/- 0.0009, % updates: 2.867%
INFO:root:-- EPOCH 343 (4.028 seconds):
INFO:root:COST >> 0.0358 +/- 0.0007, % updates: 2.841%
INFO:root:-- EPOCH 344 (4.017 seconds):
INFO:root:COST >> 0.0361 +/- 0.0006, % updates: 2.876%
INFO:root:-- EPOCH 345 (3.96 seconds):
INFO:root:COST >> 0.0358 +/- 0.0011, % updates: 2.855%
INFO:root:-- EPOCH 346 (3.947 seconds):
INFO:root:COST >> 0.0357 +/- 0.0007, % updates: 2.838%
INFO:root:-- EPOCH 347 (4.012 seconds):
INFO:root:COST >> 0.036 +/- 0.0008, % updates: 2.852%
INFO:root:-- EPOCH 348 (3.993 seconds):
INFO:root:COST >> 0.0355 +/- 0.0006, % updates: 2.837%
INFO:root:-- EPOCH 349 (3.845 seconds):
INFO:root:COST >> 0.0356 +/- 0.0006, % updates: 2.857%
INFO:root:-- EPOCH 350 (4.005 seconds):
INFO:root:COST >> 0.0356 +/- 0.0008, % updates: 2.86%
INFO:root:-- EPOCH 351 (4.072 seconds):
INFO:root:COST >> 0.0359 +/- 0.0007, % updates: 2.875%
INFO:root:-- EPOCH 352 (4.011 seconds):
INFO:root:COST >> 0.0357 +/- 0.0011, % updates: 2.843%
INFO:root:-- EPOCH 353 (3.905 seconds):
INFO:root:COST >> 0.036 +/- 0.0007, % updates: 2.84%
INFO:root:-- EPOCH 354 (4.026 seconds):
INFO:root:COST >> 0.0359 +/- 0.0006, % updates: 2.84%
INFO:root:-- EPOCH 355 (3.972 seconds):
INFO:root:COST >> 0.0358 +/- 0.0009, % updates: 2.853%
INFO:root:-- EPOCH 356 (4.117 seconds):
INFO:root:COST >> 0.0361 +/- 0.0004, % updates: 2.869%
INFO:root:-- EPOCH 357 (3.998 seconds):
INFO:root:COST >> 0.0357 +/- 0.0007, % updates: 2.832%
INFO:root:-- EPOCH 358 (4.04 seconds):
INFO:root:COST >> 0.0359 +/- 0.0008, % updates: 2.851%
INFO:root:-- EPOCH 359 (3.876 seconds):
INFO:root:COST >> 0.0359 +/- 0.001, % updates: 2.851%
INFO:root:-- EPOCH 360 (4.042 seconds):
INFO:root:COST >> 0.0356 +/- 0.0007, % updates: 2.836%
INFO:root:-- EPOCH 361 (4.106 seconds):
INFO:root:COST >> 0.0356 +/- 0.0007, % updates: 2.847%
INFO:root:-- EPOCH 362 (3.971 seconds):
INFO:root:COST >> 0.0356 +/- 0.0007, % updates: 2.854%
INFO:root:-- EPOCH 363 (3.94 seconds):
INFO:root:COST >> 0.0354 +/- 0.0007, % updates: 2.84%
INFO:root:-- EPOCH 364 (3.952 seconds):
INFO:root:COST >> 0.0355 +/- 0.0007, % updates: 2.837%
INFO:root:-- EPOCH 365 (3.982 seconds):
INFO:root:COST >> 0.0358 +/- 0.0008, % updates: 2.87%
INFO:root:-- EPOCH 366 (3.956 seconds):
INFO:root:COST >> 0.0356 +/- 0.0008, % updates: 2.837%
INFO:root:-- EPOCH 367 (3.935 seconds):
INFO:root:COST >> 0.036 +/- 0.0006, % updates: 2.863%
INFO:root:-- EPOCH 368 (3.902 seconds):
INFO:root:COST >> 0.0359 +/- 0.0008, % updates: 2.854%
INFO:root:-- EPOCH 369 (3.936 seconds):
INFO:root:COST >> 0.0354 +/- 0.0006, % updates: 2.833%
INFO:root:-- EPOCH 370 (3.911 seconds):
INFO:root:COST >> 0.0353 +/- 0.0005, % updates: 2.842%
INFO:root:-- EPOCH 371 (3.908 seconds):
INFO:root:COST >> 0.0354 +/- 0.0007, % updates: 2.829%
INFO:root:-- EPOCH 372 (3.966 seconds):
INFO:root:COST >> 0.0357 +/- 0.0008, % updates: 2.859%
INFO:root:-- EPOCH 373 (4.057 seconds):
INFO:root:COST >> 0.0352 +/- 0.0009, % updates: 2.829%
INFO:root:-- EPOCH 374 (3.9 seconds):
INFO:root:COST >> 0.0356 +/- 0.0008, % updates: 2.845%
INFO:root:-- EPOCH 375 (3.982 seconds):
INFO:root:COST >> 0.0355 +/- 0.0008, % updates: 2.828%
INFO:root:-- EPOCH 376 (4.036 seconds):
INFO:root:COST >> 0.0354 +/- 0.0005, % updates: 2.829%
INFO:root:-- EPOCH 377 (4.005 seconds):
INFO:root:COST >> 0.0354 +/- 0.0007, % updates: 2.837%
INFO:root:-- EPOCH 378 (4.079 seconds):
INFO:root:COST >> 0.0356 +/- 0.0008, % updates: 2.849%
INFO:root:-- EPOCH 379 (4.079 seconds):
INFO:root:COST >> 0.0355 +/- 0.0008, % updates: 2.837%
INFO:root:-- EPOCH 380 (4.085 seconds):
INFO:root:COST >> 0.0356 +/- 0.0009, % updates: 2.845%
INFO:root:-- EPOCH 381 (4.108 seconds):
INFO:root:COST >> 0.0355 +/- 0.001, % updates: 2.839%
INFO:root:-- EPOCH 382 (4.1 seconds):
INFO:root:COST >> 0.0354 +/- 0.0007, % updates: 2.811%
INFO:root:-- EPOCH 383 (4.073 seconds):
INFO:root:COST >> 0.0357 +/- 0.0004, % updates: 2.842%
INFO:root:-- EPOCH 384 (4.084 seconds):
INFO:root:COST >> 0.0355 +/- 0.0007, % updates: 2.846%
INFO:root:-- EPOCH 385 (4.075 seconds):
INFO:root:COST >> 0.0354 +/- 0.0005, % updates: 2.843%
INFO:root:-- EPOCH 386 (4.096 seconds):
INFO:root:COST >> 0.035 +/- 0.0009, % updates: 2.81%
INFO:root:-- EPOCH 387 (4.018 seconds):
INFO:root:COST >> 0.0352 +/- 0.0007, % updates: 2.819%
INFO:root:-- EPOCH 388 (4.084 seconds):
INFO:root:COST >> 0.0356 +/- 0.0008, % updates: 2.839%
INFO:root:-- EPOCH 389 (4.0 seconds):
INFO:root:COST >> 0.0351 +/- 0.0009, % updates: 2.814%
INFO:root:-- EPOCH 390 (4.083 seconds):
INFO:root:COST >> 0.0354 +/- 0.0004, % updates: 2.85%
INFO:root:-- EPOCH 391 (4.088 seconds):
INFO:root:COST >> 0.035 +/- 0.0008, % updates: 2.814%
INFO:root:-- EPOCH 392 (4.08 seconds):
INFO:root:COST >> 0.0355 +/- 0.0007, % updates: 2.842%
INFO:root:-- EPOCH 393 (3.964 seconds):
INFO:root:COST >> 0.0354 +/- 0.0005, % updates: 2.835%
INFO:root:-- EPOCH 394 (3.669 seconds):
INFO:root:COST >> 0.0354 +/- 0.001, % updates: 2.841%
INFO:root:-- EPOCH 395 (3.935 seconds):
INFO:root:COST >> 0.0358 +/- 0.0006, % updates: 2.841%
INFO:root:-- EPOCH 396 (3.944 seconds):
INFO:root:COST >> 0.0348 +/- 0.0005, % updates: 2.795%
INFO:root:-- EPOCH 397 (4.079 seconds):
INFO:root:COST >> 0.0355 +/- 0.0007, % updates: 2.853%
INFO:root:-- EPOCH 398 (3.938 seconds):
INFO:root:COST >> 0.0355 +/- 0.0005, % updates: 2.828%
INFO:root:-- EPOCH 399 (3.967 seconds):
INFO:root:COST >> 0.0352 +/- 0.0007, % updates: 2.831%
INFO:root:-- EPOCH 400 (3.924 seconds):
INFO:root:COST >> 0.0356 +/- 0.0008, % updates: 2.822%
INFO:root:### MICRO (raw valid):
INFO:root:	-- left   >> mean: 65.55208, median: 8.0, hits@10: 54.994%
INFO:root:	-- right  >> mean: 43.72266, median: 4.0, hits@10: 64.472%
INFO:root:	-- global >> mean: 54.63737, median: 6.0, hits@10: 59.733%
INFO:root:### MACRO (raw valid):
INFO:root:	-- left   >> mean: 133.29164, median: 106.12336, hits@10: 57.89%
INFO:root:	-- right  >> mean: 116.07545, median: 90.47325, hits@10: 63.753%
INFO:root:	-- global >> mean: 124.68355, median: 77.29913, hits@10: 60.821%
INFO:root:### MICRO (filtered valid):
INFO:root:	-- left   >> mean: 60.9839, median: 7.0, hits@10: 56.302%
INFO:root:	-- right  >> mean: 41.19858, median: 4.0, hits@10: 65.688%
INFO:root:	-- global >> mean: 51.09124, median: 5.0, hits@10: 60.995%
INFO:root:### MACRO (filtered valid):
INFO:root:	-- left   >> mean: 131.26339, median: 104.39956, hits@10: 58.652%
INFO:root:	-- right  >> mean: 115.0954, median: 89.69924, hits@10: 64.497%
INFO:root:	-- global >> mean: 123.17939, median: 77.06114, hits@10: 61.574%
INFO:root:### MICRO (raw test):
INFO:root:	-- left   >> mean: 65.20265, median: 8.0, hits@1: 22.515%
INFO:root:	-- right  >> mean: 45.18019, median: 5.0, hits@1: 29.258%
INFO:root:	-- global >> mean: 55.19142, median: 6.0, hits@1: 25.887%
INFO:root:### MACRO (raw test):
INFO:root:	-- left   >> mean: 156.99083, median: 134.31009, hits@1: 22.764%
INFO:root:	-- right  >> mean: 129.96653, median: 110.6155, hits@1: 29.99%
INFO:root:	-- global >> mean: 143.47868, median: 96.07804, hits@1: 26.377%
INFO:root:### MICRO (raw test):
INFO:root:	-- left   >> mean: 65.20265, median: 8.0, hits@3: 37.079%
INFO:root:	-- right  >> mean: 45.18019, median: 5.0, hits@3: 44.987%
INFO:root:	-- global >> mean: 55.19142, median: 6.0, hits@3: 41.033%
INFO:root:### MACRO (raw test):
INFO:root:	-- left   >> mean: 156.99083, median: 134.31009, hits@3: 37.443%
INFO:root:	-- right  >> mean: 129.96653, median: 110.6155, hits@3: 45.245%
INFO:root:	-- global >> mean: 143.47868, median: 96.07804, hits@3: 41.344%
INFO:root:### MICRO (raw test):
INFO:root:	-- left   >> mean: 65.20265, median: 8.0, hits@10: 55.012%
INFO:root:	-- right  >> mean: 45.18019, median: 5.0, hits@10: 63.855%
INFO:root:	-- global >> mean: 55.19142, median: 6.0, hits@10: 59.434%
INFO:root:### MACRO (raw test):
INFO:root:	-- left   >> mean: 156.99083, median: 134.31009, hits@10: 56.45%
INFO:root:	-- right  >> mean: 129.96653, median: 110.6155, hits@10: 63.577%
INFO:root:	-- global >> mean: 143.47868, median: 96.07804, hits@10: 60.014%
INFO:root:### MICRO (filtered test):
INFO:root:	-- left   >> mean: 60.66266, median: 7.0, hits@1: 23.314%
INFO:root:	-- right  >> mean: 42.53742, median: 4.0, hits@1: 30.187%
INFO:root:	-- global >> mean: 51.60004, median: 6.0, hits@1: 26.751%
INFO:root:### MACRO (filtered test):
INFO:root:	-- left   >> mean: 155.01839, median: 132.66597, hits@1: 23.118%
INFO:root:	-- right  >> mean: 128.99445, median: 109.83455, hits@1: 30.455%
INFO:root:	-- global >> mean: 142.00642, median: 95.86941, hits@1: 26.786%
INFO:root:### MICRO (filtered test):
INFO:root:	-- left   >> mean: 60.66266, median: 7.0, hits@3: 38.188%
INFO:root:	-- right  >> mean: 42.53742, median: 4.0, hits@3: 46.156%
INFO:root:	-- global >> mean: 51.60004, median: 6.0, hits@3: 42.172%
INFO:root:### MACRO (filtered test):
INFO:root:	-- left   >> mean: 155.01839, median: 132.66597, hits@3: 38.067%
INFO:root:	-- right  >> mean: 128.99445, median: 109.83455, hits@3: 46.013%
INFO:root:	-- global >> mean: 142.00642, median: 95.86941, hits@3: 42.04%
INFO:root:### MICRO (filtered test):
INFO:root:	-- left   >> mean: 60.66266, median: 7.0, hits@10: 56.305%
INFO:root:	-- right  >> mean: 42.53742, median: 4.0, hits@10: 65.056%
INFO:root:	-- global >> mean: 51.60004, median: 6.0, hits@10: 60.68%
INFO:root:### MACRO (filtered test):
INFO:root:	-- left   >> mean: 155.01839, median: 132.66597, hits@10: 57.386%
INFO:root:	-- right  >> mean: 128.99445, median: 109.83455, hits@10: 64.269%
INFO:root:	-- global >> mean: 142.00642, median: 95.86941, hits@10: 60.827%
INFO:root:### MICRO (raw test):
INFO:root:	-- global >> mean: 3.49354, median: 1.0, hits@1: 66.434%
INFO:root:### MICRO (raw test):
INFO:root:	-- global >> mean: 3.49354, median: 1.0, hits@3: 86.892%
INFO:root:### MICRO (raw test):
INFO:root:	-- global >> mean: 3.49354, median: 1.0, hits@10: 96.88%
INFO:root:### MICRO (filtered test):
INFO:root:	-- global >> mean: 3.20005, median: 1.0, hits@1: 77.188%
INFO:root:### MICRO (filtered test):
INFO:root:	-- global >> mean: 3.20005, median: 1.0, hits@3: 91.204%
INFO:root:### MICRO (filtered test):
INFO:root:	-- global >> mean: 3.20005, median: 1.0, hits@10: 97.115%
INFO:root:-- EPOCH 401 (6.564 seconds):
INFO:root:COST >> 0.0351 +/- 0.0006, % updates: 2.812%
INFO:root:-- EPOCH 402 (6.519 seconds):
INFO:root:COST >> 0.0355 +/- 0.0003, % updates: 2.84%
INFO:root:-- EPOCH 403 (6.518 seconds):
INFO:root:COST >> 0.0354 +/- 0.0006, % updates: 2.819%
INFO:root:-- EPOCH 404 (6.489 seconds):
INFO:root:COST >> 0.0355 +/- 0.0004, % updates: 2.838%
INFO:root:-- EPOCH 405 (6.502 seconds):
INFO:root:COST >> 0.0351 +/- 0.0008, % updates: 2.824%
INFO:root:-- EPOCH 406 (6.565 seconds):
INFO:root:COST >> 0.0354 +/- 0.0009, % updates: 2.82%
INFO:root:-- EPOCH 407 (6.594 seconds):
INFO:root:COST >> 0.0354 +/- 0.0006, % updates: 2.822%
INFO:root:-- EPOCH 408 (6.487 seconds):
INFO:root:COST >> 0.0355 +/- 0.0007, % updates: 2.842%
INFO:root:-- EPOCH 409 (6.536 seconds):
INFO:root:COST >> 0.0357 +/- 0.0006, % updates: 2.838%
INFO:root:-- EPOCH 410 (6.546 seconds):
INFO:root:COST >> 0.0355 +/- 0.0006, % updates: 2.821%
INFO:root:-- EPOCH 411 (6.5 seconds):
INFO:root:COST >> 0.0354 +/- 0.0006, % updates: 2.826%
INFO:root:-- EPOCH 412 (6.49 seconds):
INFO:root:COST >> 0.0352 +/- 0.0006, % updates: 2.817%
INFO:root:-- EPOCH 413 (6.567 seconds):
INFO:root:COST >> 0.0355 +/- 0.0006, % updates: 2.819%
INFO:root:-- EPOCH 414 (6.599 seconds):
INFO:root:COST >> 0.0351 +/- 0.0008, % updates: 2.806%
INFO:root:-- EPOCH 415 (5.542 seconds):
INFO:root:COST >> 0.0351 +/- 0.0005, % updates: 2.822%
INFO:root:-- EPOCH 416 (4.622 seconds):
INFO:root:COST >> 0.035 +/- 0.001, % updates: 2.815%
INFO:root:-- EPOCH 417 (4.863 seconds):
INFO:root:COST >> 0.0351 +/- 0.0008, % updates: 2.821%
INFO:root:-- EPOCH 418 (5.937 seconds):
INFO:root:COST >> 0.0351 +/- 0.0007, % updates: 2.8%
INFO:root:-- EPOCH 419 (6.556 seconds):
INFO:root:COST >> 0.0354 +/- 0.0006, % updates: 2.841%
INFO:root:-- EPOCH 420 (6.528 seconds):
INFO:root:COST >> 0.035 +/- 0.0008, % updates: 2.829%
INFO:root:-- EPOCH 421 (6.553 seconds):
INFO:root:COST >> 0.0356 +/- 0.0009, % updates: 2.838%
INFO:root:-- EPOCH 422 (6.573 seconds):
INFO:root:COST >> 0.0354 +/- 0.0005, % updates: 2.825%
INFO:root:-- EPOCH 423 (6.489 seconds):
INFO:root:COST >> 0.0361 +/- 0.0005, % updates: 2.863%
INFO:root:-- EPOCH 424 (6.381 seconds):
INFO:root:COST >> 0.0353 +/- 0.0008, % updates: 2.821%
INFO:root:-- EPOCH 425 (6.509 seconds):
INFO:root:COST >> 0.0352 +/- 0.0007, % updates: 2.823%
INFO:root:-- EPOCH 426 (6.51 seconds):
INFO:root:COST >> 0.0353 +/- 0.0009, % updates: 2.815%
INFO:root:-- EPOCH 427 (6.524 seconds):
INFO:root:COST >> 0.035 +/- 0.0007, % updates: 2.805%
INFO:root:-- EPOCH 428 (6.559 seconds):
INFO:root:COST >> 0.0348 +/- 0.0005, % updates: 2.796%
INFO:root:-- EPOCH 429 (6.502 seconds):
INFO:root:COST >> 0.0354 +/- 0.0009, % updates: 2.824%
INFO:root:-- EPOCH 430 (6.529 seconds):
INFO:root:COST >> 0.0349 +/- 0.0006, % updates: 2.809%
INFO:root:-- EPOCH 431 (6.58 seconds):
INFO:root:COST >> 0.035 +/- 0.0006, % updates: 2.802%
INFO:root:-- EPOCH 432 (6.623 seconds):
INFO:root:COST >> 0.035 +/- 0.0008, % updates: 2.796%
INFO:root:-- EPOCH 433 (6.589 seconds):
INFO:root:COST >> 0.0351 +/- 0.0009, % updates: 2.806%
INFO:root:-- EPOCH 434 (6.142 seconds):
INFO:root:COST >> 0.0348 +/- 0.0006, % updates: 2.811%
INFO:root:-- EPOCH 435 (4.975 seconds):
INFO:root:COST >> 0.0355 +/- 0.0005, % updates: 2.839%
INFO:root:-- EPOCH 436 (4.337 seconds):
INFO:root:COST >> 0.0351 +/- 0.0005, % updates: 2.821%
INFO:root:-- EPOCH 437 (5.346 seconds):
INFO:root:COST >> 0.0354 +/- 0.001, % updates: 2.817%
INFO:root:-- EPOCH 438 (6.535 seconds):
INFO:root:COST >> 0.0349 +/- 0.0005, % updates: 2.784%
INFO:root:-- EPOCH 439 (6.59 seconds):
INFO:root:COST >> 0.0354 +/- 0.0004, % updates: 2.821%
INFO:root:-- EPOCH 440 (6.629 seconds):
INFO:root:COST >> 0.0349 +/- 0.0009, % updates: 2.806%
INFO:root:-- EPOCH 441 (6.598 seconds):
INFO:root:COST >> 0.0351 +/- 0.0005, % updates: 2.817%
INFO:root:-- EPOCH 442 (6.564 seconds):
INFO:root:COST >> 0.0353 +/- 0.0005, % updates: 2.803%
INFO:root:-- EPOCH 443 (6.501 seconds):
INFO:root:COST >> 0.0352 +/- 0.0007, % updates: 2.822%
INFO:root:-- EPOCH 444 (6.537 seconds):
INFO:root:COST >> 0.0351 +/- 0.0005, % updates: 2.826%
INFO:root:-- EPOCH 445 (6.638 seconds):
INFO:root:COST >> 0.035 +/- 0.0007, % updates: 2.799%
INFO:root:-- EPOCH 446 (6.542 seconds):
INFO:root:COST >> 0.0346 +/- 0.0006, % updates: 2.796%
INFO:root:-- EPOCH 447 (6.6 seconds):
INFO:root:COST >> 0.0349 +/- 0.0008, % updates: 2.807%
INFO:root:-- EPOCH 448 (6.514 seconds):
INFO:root:COST >> 0.0347 +/- 0.0007, % updates: 2.793%
INFO:root:-- EPOCH 449 (6.553 seconds):
INFO:root:COST >> 0.0347 +/- 0.0008, % updates: 2.79%
INFO:root:-- EPOCH 450 (6.675 seconds):
INFO:root:COST >> 0.0349 +/- 0.0005, % updates: 2.791%
INFO:root:-- EPOCH 451 (6.667 seconds):
INFO:root:COST >> 0.0348 +/- 0.0006, % updates: 2.794%
INFO:root:-- EPOCH 452 (6.661 seconds):
INFO:root:COST >> 0.035 +/- 0.0006, % updates: 2.808%
INFO:root:-- EPOCH 453 (6.676 seconds):
INFO:root:COST >> 0.0349 +/- 0.0007, % updates: 2.806%
INFO:root:-- EPOCH 454 (6.106 seconds):
INFO:root:COST >> 0.0353 +/- 0.0006, % updates: 2.815%
INFO:root:-- EPOCH 455 (4.948 seconds):
INFO:root:COST >> 0.0349 +/- 0.0005, % updates: 2.801%
INFO:root:-- EPOCH 456 (4.573 seconds):
INFO:root:COST >> 0.035 +/- 0.0008, % updates: 2.783%
INFO:root:-- EPOCH 457 (5.101 seconds):
INFO:root:COST >> 0.0349 +/- 0.0008, % updates: 2.792%
INFO:root:-- EPOCH 458 (5.635 seconds):
INFO:root:COST >> 0.0353 +/- 0.0009, % updates: 2.832%
INFO:root:-- EPOCH 459 (6.527 seconds):
INFO:root:COST >> 0.0351 +/- 0.0006, % updates: 2.808%
INFO:root:-- EPOCH 460 (6.604 seconds):
INFO:root:COST >> 0.0349 +/- 0.0006, % updates: 2.802%
INFO:root:-- EPOCH 461 (6.614 seconds):
INFO:root:COST >> 0.035 +/- 0.0005, % updates: 2.798%
INFO:root:-- EPOCH 462 (6.624 seconds):
INFO:root:COST >> 0.0348 +/- 0.001, % updates: 2.794%
INFO:root:-- EPOCH 463 (6.563 seconds):
INFO:root:COST >> 0.0352 +/- 0.0007, % updates: 2.812%
INFO:root:-- EPOCH 464 (6.476 seconds):
INFO:root:COST >> 0.0353 +/- 0.0006, % updates: 2.816%
INFO:root:-- EPOCH 465 (6.492 seconds):
INFO:root:COST >> 0.0347 +/- 0.0008, % updates: 2.789%
INFO:root:-- EPOCH 466 (6.589 seconds):
INFO:root:COST >> 0.0354 +/- 0.001, % updates: 2.834%
INFO:root:-- EPOCH 467 (7.775 seconds):
INFO:root:COST >> 0.0349 +/- 0.0006, % updates: 2.807%
INFO:root:-- EPOCH 468 (6.559 seconds):
INFO:root:COST >> 0.0352 +/- 0.0009, % updates: 2.811%
INFO:root:-- EPOCH 469 (6.605 seconds):
INFO:root:COST >> 0.0347 +/- 0.0006, % updates: 2.784%
INFO:root:-- EPOCH 470 (6.639 seconds):
INFO:root:COST >> 0.0349 +/- 0.0004, % updates: 2.796%
INFO:root:-- EPOCH 471 (6.542 seconds):
INFO:root:COST >> 0.0353 +/- 0.0007, % updates: 2.809%
INFO:root:-- EPOCH 472 (6.489 seconds):
INFO:root:COST >> 0.035 +/- 0.0004, % updates: 2.806%
INFO:root:-- EPOCH 473 (6.541 seconds):
INFO:root:COST >> 0.0349 +/- 0.0007, % updates: 2.801%
INFO:root:-- EPOCH 474 (5.562 seconds):
INFO:root:COST >> 0.0349 +/- 0.0007, % updates: 2.811%
INFO:root:-- EPOCH 475 (4.967 seconds):
INFO:root:COST >> 0.0349 +/- 0.0008, % updates: 2.804%
INFO:root:-- EPOCH 476 (5.061 seconds):
INFO:root:COST >> 0.0349 +/- 0.0007, % updates: 2.801%
INFO:root:-- EPOCH 477 (5.368 seconds):
INFO:root:COST >> 0.0347 +/- 0.0007, % updates: 2.796%
INFO:root:-- EPOCH 478 (6.665 seconds):
INFO:root:COST >> 0.0347 +/- 0.0003, % updates: 2.784%
INFO:root:-- EPOCH 479 (6.486 seconds):
INFO:root:COST >> 0.0348 +/- 0.0007, % updates: 2.781%
INFO:root:-- EPOCH 480 (6.556 seconds):
INFO:root:COST >> 0.0347 +/- 0.0006, % updates: 2.784%
INFO:root:-- EPOCH 481 (6.677 seconds):
INFO:root:COST >> 0.0352 +/- 0.0007, % updates: 2.821%
INFO:root:-- EPOCH 482 (6.566 seconds):
INFO:root:COST >> 0.0343 +/- 0.0007, % updates: 2.764%
INFO:root:-- EPOCH 483 (6.582 seconds):
INFO:root:COST >> 0.0347 +/- 0.0008, % updates: 2.807%
INFO:root:-- EPOCH 484 (6.626 seconds):
INFO:root:COST >> 0.0346 +/- 0.0005, % updates: 2.798%
INFO:root:-- EPOCH 485 (6.514 seconds):
INFO:root:COST >> 0.0349 +/- 0.0005, % updates: 2.794%
INFO:root:-- EPOCH 486 (6.63 seconds):
INFO:root:COST >> 0.0342 +/- 0.0007, % updates: 2.767%
INFO:root:-- EPOCH 487 (6.494 seconds):
INFO:root:COST >> 0.0348 +/- 0.0006, % updates: 2.801%
INFO:root:-- EPOCH 488 (6.548 seconds):
INFO:root:COST >> 0.0348 +/- 0.0006, % updates: 2.79%
INFO:root:-- EPOCH 489 (6.626 seconds):
INFO:root:COST >> 0.0345 +/- 0.0004, % updates: 2.788%
INFO:root:-- EPOCH 490 (6.647 seconds):
INFO:root:COST >> 0.0348 +/- 0.0007, % updates: 2.798%
INFO:root:-- EPOCH 491 (6.596 seconds):
INFO:root:COST >> 0.0348 +/- 0.0008, % updates: 2.777%
INFO:root:-- EPOCH 492 (6.59 seconds):
INFO:root:COST >> 0.035 +/- 0.0009, % updates: 2.782%
INFO:root:-- EPOCH 493 (5.908 seconds):
INFO:root:COST >> 0.0349 +/- 0.0006, % updates: 2.805%
INFO:root:-- EPOCH 494 (5.366 seconds):
INFO:root:COST >> 0.0345 +/- 0.0006, % updates: 2.78%
INFO:root:-- EPOCH 495 (4.853 seconds):
INFO:root:COST >> 0.0348 +/- 0.0005, % updates: 2.806%
INFO:root:-- EPOCH 496 (5.302 seconds):
INFO:root:COST >> 0.0346 +/- 0.0005, % updates: 2.779%
INFO:root:-- EPOCH 497 (6.027 seconds):
INFO:root:COST >> 0.0344 +/- 0.0005, % updates: 2.77%
INFO:root:-- EPOCH 498 (6.593 seconds):
INFO:root:COST >> 0.0347 +/- 0.0005, % updates: 2.783%
INFO:root:-- EPOCH 499 (6.552 seconds):
INFO:root:COST >> 0.0345 +/- 0.0009, % updates: 2.794%
INFO:root:-- EPOCH 500 (6.532 seconds):
INFO:root:COST >> 0.035 +/- 0.0008, % updates: 2.814%
INFO:root:### MICRO (raw valid):
INFO:root:	-- left   >> mean: 64.98, median: 8.0, hits@10: 55.354%
INFO:root:	-- right  >> mean: 43.09276, median: 4.0, hits@10: 64.588%
INFO:root:	-- global >> mean: 54.03638, median: 6.0, hits@10: 59.971%
INFO:root:### MACRO (raw valid):
INFO:root:	-- left   >> mean: 128.63677, median: 101.83679, hits@10: 58.061%
INFO:root:	-- right  >> mean: 113.69407, median: 89.84007, hits@10: 64.528%
INFO:root:	-- global >> mean: 121.16542, median: 75.61845, hits@10: 61.295%
INFO:root:### MICRO (filtered valid):
INFO:root:	-- left   >> mean: 60.43092, median: 7.0, hits@10: 56.678%
INFO:root:	-- right  >> mean: 40.58334, median: 4.0, hits@10: 65.78%
INFO:root:	-- global >> mean: 50.50713, median: 5.0, hits@10: 61.229%
INFO:root:### MACRO (filtered valid):
INFO:root:	-- left   >> mean: 126.61133, median: 100.119, hits@10: 58.945%
INFO:root:	-- right  >> mean: 112.71333, median: 89.04967, hits@10: 65.158%
INFO:root:	-- global >> mean: 119.66233, median: 75.39574, hits@10: 62.052%
INFO:root:### MICRO (raw test):
INFO:root:	-- left   >> mean: 64.32224, median: 8.0, hits@1: 22.812%
INFO:root:	-- right  >> mean: 44.32366, median: 5.0, hits@1: 29.495%
INFO:root:	-- global >> mean: 54.32295, median: 6.0, hits@1: 26.153%
INFO:root:### MACRO (raw test):
INFO:root:	-- left   >> mean: 146.59453, median: 123.94953, hits@1: 22.694%
INFO:root:	-- right  >> mean: 119.97205, median: 102.01717, hits@1: 29.172%
INFO:root:	-- global >> mean: 133.28329, median: 87.51405, hits@1: 25.933%
INFO:root:### MICRO (raw test):
INFO:root:	-- left   >> mean: 64.32224, median: 8.0, hits@3: 37.191%
INFO:root:	-- right  >> mean: 44.32366, median: 5.0, hits@3: 45.415%
INFO:root:	-- global >> mean: 54.32295, median: 6.0, hits@3: 41.303%
INFO:root:### MACRO (raw test):
INFO:root:	-- left   >> mean: 146.59453, median: 123.94953, hits@3: 38.278%
INFO:root:	-- right  >> mean: 119.97205, median: 102.01717, hits@3: 45.548%
INFO:root:	-- global >> mean: 133.28329, median: 87.51405, hits@3: 41.913%
INFO:root:### MICRO (raw test):
INFO:root:	-- left   >> mean: 64.32224, median: 8.0, hits@10: 55.203%
INFO:root:	-- right  >> mean: 44.32366, median: 5.0, hits@10: 63.996%
INFO:root:	-- global >> mean: 54.32295, median: 6.0, hits@10: 59.599%
INFO:root:### MACRO (raw test):
INFO:root:	-- left   >> mean: 146.59453, median: 123.94953, hits@10: 56.777%
INFO:root:	-- right  >> mean: 119.97205, median: 102.01717, hits@10: 63.212%
INFO:root:	-- global >> mean: 133.28329, median: 87.51405, hits@10: 59.995%
INFO:root:### MICRO (filtered test):
INFO:root:	-- left   >> mean: 59.79059, median: 7.0, hits@1: 23.619%
INFO:root:	-- right  >> mean: 41.70862, median: 4.0, hits@1: 30.372%
INFO:root:	-- global >> mean: 50.74961, median: 5.0, hits@1: 26.995%
INFO:root:### MACRO (filtered test):
INFO:root:	-- left   >> mean: 144.63226, median: 122.2872, hits@1: 23.124%
INFO:root:	-- right  >> mean: 119.00148, median: 101.26639, hits@1: 29.594%
INFO:root:	-- global >> mean: 131.81687, median: 87.29032, hits@1: 26.359%
INFO:root:### MICRO (filtered test):
INFO:root:	-- left   >> mean: 59.79059, median: 7.0, hits@3: 38.337%
INFO:root:	-- right  >> mean: 41.70862, median: 4.0, hits@3: 46.639%
INFO:root:	-- global >> mean: 50.74961, median: 5.0, hits@3: 42.488%
INFO:root:### MACRO (filtered test):
INFO:root:	-- left   >> mean: 144.63226, median: 122.2872, hits@3: 38.984%
INFO:root:	-- right  >> mean: 119.00148, median: 101.26639, hits@3: 46.604%
INFO:root:	-- global >> mean: 131.81687, median: 87.29032, hits@3: 42.794%
INFO:root:### MICRO (filtered test):
INFO:root:	-- left   >> mean: 59.79059, median: 7.0, hits@10: 56.544%
INFO:root:	-- right  >> mean: 41.70862, median: 4.0, hits@10: 65.245%
INFO:root:	-- global >> mean: 50.74961, median: 5.0, hits@10: 60.895%
INFO:root:### MACRO (filtered test):
INFO:root:	-- left   >> mean: 144.63226, median: 122.2872, hits@10: 57.617%
INFO:root:	-- right  >> mean: 119.00148, median: 101.26639, hits@10: 63.789%
INFO:root:	-- global >> mean: 131.81687, median: 87.29032, hits@10: 60.703%
INFO:root:### MICRO (raw test):
INFO:root:	-- global >> mean: 3.36659, median: 1.0, hits@1: 66.752%
INFO:root:### MICRO (raw test):
INFO:root:	-- global >> mean: 3.36659, median: 1.0, hits@3: 87.075%
INFO:root:### MICRO (raw test):
INFO:root:	-- global >> mean: 3.36659, median: 1.0, hits@10: 96.948%
INFO:root:### MICRO (filtered test):
INFO:root:	-- global >> mean: 3.07547, median: 1.0, hits@1: 77.402%
INFO:root:### MICRO (filtered test):
INFO:root:	-- global >> mean: 3.07547, median: 1.0, hits@3: 91.287%
INFO:root:### MICRO (filtered test):
INFO:root:	-- global >> mean: 3.07547, median: 1.0, hits@10: 97.183%
