nohup: ignoring input
WARNING (theano.sandbox.cuda): The cuda backend is deprecated and will be removed in the next release (v0.10).  Please switch to the gpuarray backend. You can get more information about how to switch at this URL:
 https://github.com/Theano/Theano/wiki/Converting-to-the-new-gpu-back-end%28gpuarray%29

ERROR (theano.sandbox.cuda): nvcc compiler not found on $PATH. Check your nvcc installation and try again.
INFO:root:Shape for training set: (40961, 141442)
INFO:root:State: {'ndim': '20', 'test_all': '100', 'test_path': 'data/wn/WN-test.pkl', 'nhid': '20', 'lremb': '0.1', 'seed': '123', 'simfn': 'L1', 'valid_path': 'data/wn/WN-valid.pkl', 'nbatches': '10', 'lrparam': '0.1', 'decay': '0.999', 'no_rescaling': 'True', 'Nrel': '18', 'ranking_score_right': 'False', 'Nent': '40961', 'Nsyn': '40943', 'method': 'ADAGRAD', 'loss_margin': '2.0', 'C': '1.0', 'epsilon': '1e-06', 'use_db': 'False', 'max_lr': 'None', 'l1_param_weight': 'None', 'filtered': 'True', 'name': 'wn_margin/wn_TransC/', 'totepochs': '100', 'l2_param_weight': 'None', 'train_path': 'data/wn/WN-train.pkl', 'op': 'TransE'}
INFO:root:Starting the Experiment ..
INFO:root:-- EPOCH 1 (0.853 seconds):
INFO:root:COST >> 4.159 +/- 0.8437, % updates: 76.499%
INFO:root:-- EPOCH 2 (2.025 seconds):
INFO:root:COST >> 2.0798 +/- 0.096, % updates: 54.124%
INFO:root:-- EPOCH 3 (1.955 seconds):
INFO:root:COST >> 1.4205 +/- 0.0331, % updates: 44.07%
INFO:root:-- EPOCH 4 (1.943 seconds):
INFO:root:COST >> 1.1095 +/- 0.011, % updates: 38.011%
INFO:root:-- EPOCH 5 (2.017 seconds):
INFO:root:COST >> 0.9182 +/- 0.0049, % updates: 33.654%
INFO:root:-- EPOCH 6 (1.915 seconds):
INFO:root:COST >> 0.794 +/- 0.0108, % updates: 30.528%
INFO:root:-- EPOCH 7 (1.811 seconds):
INFO:root:COST >> 0.7105 +/- 0.0111, % updates: 28.249%
INFO:root:-- EPOCH 8 (1.839 seconds):
INFO:root:COST >> 0.6453 +/- 0.006, % updates: 26.302%
INFO:root:-- EPOCH 9 (1.802 seconds):
INFO:root:COST >> 0.599 +/- 0.012, % updates: 24.869%
INFO:root:-- EPOCH 10 (1.696 seconds):
INFO:root:COST >> 0.5624 +/- 0.0103, % updates: 23.636%
INFO:root:-- EPOCH 11 (1.822 seconds):
INFO:root:COST >> 0.527 +/- 0.0093, % updates: 22.51%
INFO:root:-- EPOCH 12 (1.783 seconds):
INFO:root:COST >> 0.5007 +/- 0.0093, % updates: 21.603%
INFO:root:-- EPOCH 13 (1.857 seconds):
INFO:root:COST >> 0.4811 +/- 0.0072, % updates: 20.921%
INFO:root:-- EPOCH 14 (1.875 seconds):
INFO:root:COST >> 0.4628 +/- 0.0114, % updates: 20.148%
INFO:root:-- EPOCH 15 (1.818 seconds):
INFO:root:COST >> 0.4413 +/- 0.0087, % updates: 19.357%
INFO:root:-- EPOCH 16 (1.997 seconds):
INFO:root:COST >> 0.4317 +/- 0.0067, % updates: 18.932%
INFO:root:-- EPOCH 17 (1.902 seconds):
INFO:root:COST >> 0.4175 +/- 0.009, % updates: 18.379%
INFO:root:-- EPOCH 18 (1.868 seconds):
INFO:root:COST >> 0.4066 +/- 0.0088, % updates: 17.909%
INFO:root:-- EPOCH 19 (1.828 seconds):
INFO:root:COST >> 0.3962 +/- 0.0089, % updates: 17.546%
INFO:root:-- EPOCH 20 (1.193 seconds):
INFO:root:COST >> 0.3874 +/- 0.0071, % updates: 17.198%
INFO:root:-- EPOCH 21 (0.9 seconds):
INFO:root:COST >> 0.3818 +/- 0.0084, % updates: 16.918%
INFO:root:-- EPOCH 22 (0.868 seconds):
INFO:root:COST >> 0.3721 +/- 0.0065, % updates: 16.565%
INFO:root:-- EPOCH 23 (0.885 seconds):
INFO:root:COST >> 0.3685 +/- 0.0071, % updates: 16.332%
INFO:root:-- EPOCH 24 (0.861 seconds):
INFO:root:COST >> 0.3568 +/- 0.0057, % updates: 15.843%
INFO:root:-- EPOCH 25 (0.833 seconds):
INFO:root:COST >> 0.3529 +/- 0.0054, % updates: 15.715%
INFO:root:-- EPOCH 26 (0.891 seconds):
INFO:root:COST >> 0.3471 +/- 0.0056, % updates: 15.455%
INFO:root:-- EPOCH 27 (0.853 seconds):
INFO:root:COST >> 0.3406 +/- 0.0061, % updates: 15.192%
INFO:root:-- EPOCH 28 (0.849 seconds):
INFO:root:COST >> 0.3358 +/- 0.005, % updates: 14.966%
INFO:root:-- EPOCH 29 (0.855 seconds):
INFO:root:COST >> 0.3332 +/- 0.0075, % updates: 14.823%
INFO:root:-- EPOCH 30 (1.71 seconds):
INFO:root:COST >> 0.3292 +/- 0.0065, % updates: 14.612%
INFO:root:-- EPOCH 31 (1.991 seconds):
INFO:root:COST >> 0.3244 +/- 0.0038, % updates: 14.5%
INFO:root:-- EPOCH 32 (1.248 seconds):
INFO:root:COST >> 0.3207 +/- 0.0042, % updates: 14.275%
INFO:root:-- EPOCH 33 (0.881 seconds):
INFO:root:COST >> 0.3178 +/- 0.0054, % updates: 14.169%
INFO:root:-- EPOCH 34 (0.89 seconds):
INFO:root:COST >> 0.3153 +/- 0.0057, % updates: 14.052%
INFO:root:-- EPOCH 35 (0.907 seconds):
INFO:root:COST >> 0.3103 +/- 0.0045, % updates: 13.772%
INFO:root:-- EPOCH 36 (0.908 seconds):
INFO:root:COST >> 0.3092 +/- 0.006, % updates: 13.718%
INFO:root:-- EPOCH 37 (0.902 seconds):
INFO:root:COST >> 0.3085 +/- 0.0048, % updates: 13.597%
INFO:root:-- EPOCH 38 (0.875 seconds):
INFO:root:COST >> 0.3042 +/- 0.0039, % updates: 13.419%
INFO:root:-- EPOCH 39 (0.85 seconds):
INFO:root:COST >> 0.302 +/- 0.0061, % updates: 13.273%
INFO:root:-- EPOCH 40 (0.882 seconds):
INFO:root:COST >> 0.2984 +/- 0.0069, % updates: 13.187%
INFO:root:-- EPOCH 41 (0.872 seconds):
INFO:root:COST >> 0.2999 +/- 0.0059, % updates: 13.15%
INFO:root:-- EPOCH 42 (0.846 seconds):
INFO:root:COST >> 0.2925 +/- 0.0054, % updates: 12.927%
INFO:root:-- EPOCH 43 (1.723 seconds):
INFO:root:COST >> 0.2926 +/- 0.0036, % updates: 12.943%
INFO:root:-- EPOCH 44 (0.947 seconds):
INFO:root:COST >> 0.2911 +/- 0.0063, % updates: 12.793%
INFO:root:-- EPOCH 45 (0.857 seconds):
INFO:root:COST >> 0.2864 +/- 0.0058, % updates: 12.673%
INFO:root:-- EPOCH 46 (0.875 seconds):
INFO:root:COST >> 0.2858 +/- 0.0047, % updates: 12.601%
INFO:root:-- EPOCH 47 (0.851 seconds):
INFO:root:COST >> 0.2846 +/- 0.0053, % updates: 12.551%
INFO:root:-- EPOCH 48 (0.859 seconds):
INFO:root:COST >> 0.2823 +/- 0.0034, % updates: 12.446%
INFO:root:-- EPOCH 49 (0.857 seconds):
INFO:root:COST >> 0.2806 +/- 0.0045, % updates: 12.366%
INFO:root:-- EPOCH 50 (0.848 seconds):
INFO:root:COST >> 0.2804 +/- 0.0056, % updates: 12.311%
INFO:root:-- EPOCH 51 (0.874 seconds):
INFO:root:COST >> 0.278 +/- 0.0047, % updates: 12.143%
INFO:root:-- EPOCH 52 (0.878 seconds):
INFO:root:COST >> 0.2755 +/- 0.0045, % updates: 12.055%
INFO:root:-- EPOCH 53 (0.871 seconds):
INFO:root:COST >> 0.2748 +/- 0.005, % updates: 12.115%
INFO:root:-- EPOCH 54 (0.905 seconds):
INFO:root:COST >> 0.2718 +/- 0.0066, % updates: 11.93%
INFO:root:-- EPOCH 55 (0.878 seconds):
INFO:root:COST >> 0.2711 +/- 0.0044, % updates: 11.916%
INFO:root:-- EPOCH 56 (0.915 seconds):
INFO:root:COST >> 0.2699 +/- 0.0043, % updates: 11.839%
INFO:root:-- EPOCH 57 (0.893 seconds):
INFO:root:COST >> 0.2669 +/- 0.005, % updates: 11.772%
INFO:root:-- EPOCH 58 (1.338 seconds):
INFO:root:COST >> 0.2695 +/- 0.003, % updates: 11.708%
INFO:root:-- EPOCH 59 (0.914 seconds):
INFO:root:COST >> 0.2667 +/- 0.0054, % updates: 11.679%
INFO:root:-- EPOCH 60 (0.909 seconds):
INFO:root:COST >> 0.2671 +/- 0.0049, % updates: 11.587%
INFO:root:-- EPOCH 61 (0.9 seconds):
INFO:root:COST >> 0.2642 +/- 0.0034, % updates: 11.59%
INFO:root:-- EPOCH 62 (0.903 seconds):
INFO:root:COST >> 0.2629 +/- 0.0042, % updates: 11.438%
INFO:root:-- EPOCH 63 (0.884 seconds):
INFO:root:COST >> 0.262 +/- 0.0049, % updates: 11.448%
INFO:root:-- EPOCH 64 (0.903 seconds):
INFO:root:COST >> 0.2628 +/- 0.0047, % updates: 11.398%
INFO:root:-- EPOCH 65 (0.9 seconds):
INFO:root:COST >> 0.2593 +/- 0.0046, % updates: 11.294%
INFO:root:-- EPOCH 66 (0.893 seconds):
INFO:root:COST >> 0.2615 +/- 0.0073, % updates: 11.332%
INFO:root:-- EPOCH 67 (0.877 seconds):
INFO:root:COST >> 0.258 +/- 0.0054, % updates: 11.236%
INFO:root:-- EPOCH 68 (0.903 seconds):
INFO:root:COST >> 0.2586 +/- 0.0044, % updates: 11.269%
INFO:root:-- EPOCH 69 (0.95 seconds):
INFO:root:COST >> 0.2542 +/- 0.0048, % updates: 11.087%
INFO:root:-- EPOCH 70 (0.921 seconds):
INFO:root:COST >> 0.2565 +/- 0.0054, % updates: 11.123%
INFO:root:-- EPOCH 71 (0.912 seconds):
INFO:root:COST >> 0.2546 +/- 0.0052, % updates: 11.047%
INFO:root:-- EPOCH 72 (0.907 seconds):
INFO:root:COST >> 0.254 +/- 0.0043, % updates: 10.973%
INFO:root:-- EPOCH 73 (0.895 seconds):
INFO:root:COST >> 0.2531 +/- 0.0056, % updates: 10.96%
INFO:root:-- EPOCH 74 (0.894 seconds):
INFO:root:COST >> 0.2512 +/- 0.0043, % updates: 10.91%
INFO:root:-- EPOCH 75 (0.963 seconds):
INFO:root:COST >> 0.2523 +/- 0.0054, % updates: 10.923%
INFO:root:-- EPOCH 76 (0.936 seconds):
INFO:root:COST >> 0.2509 +/- 0.0059, % updates: 10.828%
INFO:root:-- EPOCH 77 (0.924 seconds):
INFO:root:COST >> 0.2476 +/- 0.0043, % updates: 10.76%
INFO:root:-- EPOCH 78 (0.931 seconds):
INFO:root:COST >> 0.2495 +/- 0.0038, % updates: 10.794%
INFO:root:-- EPOCH 79 (0.904 seconds):
INFO:root:COST >> 0.2484 +/- 0.0048, % updates: 10.715%
INFO:root:-- EPOCH 80 (0.923 seconds):
INFO:root:COST >> 0.2481 +/- 0.002, % updates: 10.664%
INFO:root:-- EPOCH 81 (0.935 seconds):
INFO:root:COST >> 0.2472 +/- 0.003, % updates: 10.686%
INFO:root:-- EPOCH 82 (0.861 seconds):
INFO:root:COST >> 0.2456 +/- 0.0032, % updates: 10.585%
INFO:root:-- EPOCH 83 (0.794 seconds):
INFO:root:COST >> 0.2443 +/- 0.007, % updates: 10.572%
INFO:root:-- EPOCH 84 (0.805 seconds):
INFO:root:COST >> 0.2456 +/- 0.0034, % updates: 10.582%
INFO:root:-- EPOCH 85 (0.822 seconds):
INFO:root:COST >> 0.2425 +/- 0.0042, % updates: 10.442%
INFO:root:-- EPOCH 86 (0.783 seconds):
INFO:root:COST >> 0.2436 +/- 0.0043, % updates: 10.522%
INFO:root:-- EPOCH 87 (0.839 seconds):
INFO:root:COST >> 0.2433 +/- 0.0033, % updates: 10.515%
INFO:root:-- EPOCH 88 (0.808 seconds):
INFO:root:COST >> 0.2419 +/- 0.0052, % updates: 10.396%
INFO:root:-- EPOCH 89 (0.766 seconds):
INFO:root:COST >> 0.2409 +/- 0.0057, % updates: 10.379%
INFO:root:-- EPOCH 90 (0.854 seconds):
INFO:root:COST >> 0.2419 +/- 0.0041, % updates: 10.394%
INFO:root:-- EPOCH 91 (0.78 seconds):
INFO:root:COST >> 0.2402 +/- 0.0042, % updates: 10.309%
INFO:root:-- EPOCH 92 (0.844 seconds):
INFO:root:COST >> 0.2407 +/- 0.002, % updates: 10.322%
INFO:root:-- EPOCH 93 (0.807 seconds):
INFO:root:COST >> 0.2409 +/- 0.0057, % updates: 10.298%
INFO:root:-- EPOCH 94 (0.78 seconds):
INFO:root:COST >> 0.2392 +/- 0.0058, % updates: 10.26%
INFO:root:-- EPOCH 95 (0.796 seconds):
INFO:root:COST >> 0.2365 +/- 0.0033, % updates: 10.216%
INFO:root:-- EPOCH 96 (0.809 seconds):
INFO:root:COST >> 0.2379 +/- 0.0045, % updates: 10.165%
INFO:root:-- EPOCH 97 (0.894 seconds):
INFO:root:COST >> 0.2366 +/- 0.0045, % updates: 10.101%
INFO:root:-- EPOCH 98 (0.94 seconds):
INFO:root:COST >> 0.2365 +/- 0.0055, % updates: 10.12%
INFO:root:-- EPOCH 99 (0.894 seconds):
INFO:root:COST >> 0.2367 +/- 0.0053, % updates: 10.078%
INFO:root:-- EPOCH 100 (0.905 seconds):
INFO:root:COST >> 0.2355 +/- 0.0035, % updates: 10.082%
INFO:root:### MICRO (raw valid):
INFO:root:	-- left   >> mean: 625.9648, median: 4.0, hits@10: 65.66%
INFO:root:	-- right  >> mean: 640.5266, median: 4.0, hits@10: 66.2%
INFO:root:	-- global >> mean: 633.2457, median: 4.0, hits@10: 65.93%
INFO:root:### MACRO (raw valid):
INFO:root:	-- left   >> mean: 2616.99588, median: 2187.97222, hits@10: 48.038%
INFO:root:	-- right  >> mean: 2317.25418, median: 1892.94444, hits@10: 49.721%
INFO:root:	-- global >> mean: 2467.12503, median: 1881.13889, hits@10: 48.88%
INFO:root:### MICRO (filtered valid):
INFO:root:	-- left   >> mean: 613.7596, median: 2.0, hits@10: 73.8%
INFO:root:	-- right  >> mean: 628.393, median: 2.0, hits@10: 75.1%
INFO:root:	-- global >> mean: 621.0763, median: 2.0, hits@10: 74.45%
INFO:root:### MACRO (filtered valid):
INFO:root:	-- left   >> mean: 2590.96935, median: 2162.02778, hits@10: 53.854%
INFO:root:	-- right  >> mean: 2294.03281, median: 1873.30556, hits@10: 56.274%
INFO:root:	-- global >> mean: 2442.50108, median: 1877.11111, hits@10: 55.064%
INFO:root:### MICRO (raw test):
INFO:root:	-- left   >> mean: 596.7828, median: 5.0, hits@1: 23.98%
INFO:root:	-- right  >> mean: 613.9066, median: 4.0, hits@1: 25.94%
INFO:root:	-- global >> mean: 605.3447, median: 4.0, hits@1: 24.96%
INFO:root:### MACRO (raw test):
INFO:root:	-- left   >> mean: 2527.93434, median: 1992.66667, hits@1: 19.73%
INFO:root:	-- right  >> mean: 2676.94528, median: 1935.22222, hits@1: 22.879%
INFO:root:	-- global >> mean: 2602.43981, median: 1938.52778, hits@1: 21.304%
INFO:root:### MICRO (raw test):
INFO:root:	-- left   >> mean: 596.7828, median: 5.0, hits@3: 43.86%
INFO:root:	-- right  >> mean: 613.9066, median: 4.0, hits@3: 46.52%
INFO:root:	-- global >> mean: 605.3447, median: 4.0, hits@3: 45.19%
INFO:root:### MACRO (raw test):
INFO:root:	-- left   >> mean: 2527.93434, median: 1992.66667, hits@3: 33.472%
INFO:root:	-- right  >> mean: 2676.94528, median: 1935.22222, hits@3: 35.376%
INFO:root:	-- global >> mean: 2602.43981, median: 1938.52778, hits@3: 34.424%
INFO:root:### MICRO (raw test):
INFO:root:	-- left   >> mean: 596.7828, median: 5.0, hits@10: 64.8%
INFO:root:	-- right  >> mean: 613.9066, median: 4.0, hits@10: 66.38%
INFO:root:	-- global >> mean: 605.3447, median: 4.0, hits@10: 65.59%
INFO:root:### MACRO (raw test):
INFO:root:	-- left   >> mean: 2527.93434, median: 1992.66667, hits@10: 47.633%
INFO:root:	-- right  >> mean: 2676.94528, median: 1935.22222, hits@10: 47.335%
INFO:root:	-- global >> mean: 2602.43981, median: 1938.52778, hits@10: 47.484%
INFO:root:### MICRO (filtered test):
INFO:root:	-- left   >> mean: 583.4528, median: 3.0, hits@1: 33.16%
INFO:root:	-- right  >> mean: 602.561, median: 2.0, hits@1: 33.94%
INFO:root:	-- global >> mean: 593.0069, median: 2.0, hits@1: 33.55%
INFO:root:### MACRO (filtered test):
INFO:root:	-- left   >> mean: 2499.7757, median: 1971.33333, hits@1: 25.718%
INFO:root:	-- right  >> mean: 2646.88066, median: 1906.94444, hits@1: 27.727%
INFO:root:	-- global >> mean: 2573.32818, median: 1931.22222, hits@1: 26.723%
INFO:root:### MICRO (filtered test):
INFO:root:	-- left   >> mean: 583.4528, median: 3.0, hits@3: 56.94%
INFO:root:	-- right  >> mean: 602.561, median: 2.0, hits@3: 58.68%
INFO:root:	-- global >> mean: 593.0069, median: 2.0, hits@3: 57.81%
INFO:root:### MACRO (filtered test):
INFO:root:	-- left   >> mean: 2499.7757, median: 1971.33333, hits@3: 40.596%
INFO:root:	-- right  >> mean: 2646.88066, median: 1906.94444, hits@3: 41.547%
INFO:root:	-- global >> mean: 2573.32818, median: 1931.22222, hits@3: 41.071%
INFO:root:### MICRO (filtered test):
INFO:root:	-- left   >> mean: 583.4528, median: 3.0, hits@10: 73.3%
INFO:root:	-- right  >> mean: 602.561, median: 2.0, hits@10: 74.86%
INFO:root:	-- global >> mean: 593.0069, median: 2.0, hits@10: 74.08%
INFO:root:### MACRO (filtered test):
INFO:root:	-- left   >> mean: 2499.7757, median: 1971.33333, hits@10: 52.841%
INFO:root:	-- right  >> mean: 2646.88066, median: 1906.94444, hits@10: 53.239%
INFO:root:	-- global >> mean: 2573.32818, median: 1931.22222, hits@10: 53.04%
INFO:root:### MICRO (raw test):
INFO:root:	-- global >> mean: 1.2492, median: 1.0, hits@1: 91.1%
INFO:root:### MICRO (raw test):
INFO:root:	-- global >> mean: 1.2492, median: 1.0, hits@3: 97.0%
INFO:root:### MICRO (raw test):
INFO:root:	-- global >> mean: 1.2492, median: 1.0, hits@10: 99.72%
INFO:root:### MICRO (filtered test):
INFO:root:	-- global >> mean: 1.2454, median: 1.0, hits@1: 91.3%
INFO:root:### MICRO (filtered test):
INFO:root:	-- global >> mean: 1.2454, median: 1.0, hits@3: 97.06%
INFO:root:### MICRO (filtered test):
INFO:root:	-- global >> mean: 1.2454, median: 1.0, hits@10: 99.74%
