nohup: ignoring input
WARNING (theano.sandbox.cuda): The cuda backend is deprecated and will be removed in the next release (v0.10).  Please switch to the gpuarray backend. You can get more information about how to switch at this URL:
 https://github.com/Theano/Theano/wiki/Converting-to-the-new-gpu-back-end%28gpuarray%29

ERROR (theano.sandbox.cuda): nvcc compiler not found on $PATH. Check your nvcc installation and try again.
INFO:root:Shape for training set: (41092, 141442)
INFO:root:State: {'ndim': '20', 'test_all': '100', 'test_path': 'data/wn/WN-test.pkl', 'nhid': '20', 'lremb': '0.1', 'seed': '123', 'simfn': 'L1', 'valid_path': 'data/wn/WN-valid.pkl', 'nbatches': '10', 'lrparam': '0.1', 'decay': '0.999', 'no_rescaling': 'True', 'Nrel': '149', 'ranking_score_right': 'False', 'Nent': '41092', 'Nsyn': '40943', 'method': 'ADAGRAD', 'loss_margin': '2.0', 'C': '1.0', 'epsilon': '1e-06', 'use_db': 'False', 'max_lr': 'None', 'l1_param_weight': 'None', 'filtered': 'True', 'name': 'wn_margin/wn_TransC_ap_adaden1/', 'totepochs': '500', 'l2_param_weight': 'None', 'train_path': 'data/wn/WN-train_C.pkl', 'op': 'TransE'}
INFO:root:Starting the Experiment ..
INFO:root:-- EPOCH 1 (0.853 seconds):
INFO:root:COST >> 0.0385 +/- 0.0133, % updates: 2.426%
INFO:root:-- EPOCH 2 (0.822 seconds):
INFO:root:COST >> 0.0519 +/- 0.0045, % updates: 3.429%
INFO:root:-- EPOCH 3 (0.802 seconds):
INFO:root:COST >> 0.0553 +/- 0.0048, % updates: 3.771%
INFO:root:-- EPOCH 4 (0.812 seconds):
INFO:root:COST >> 0.0536 +/- 0.0045, % updates: 3.755%
INFO:root:-- EPOCH 5 (0.771 seconds):
INFO:root:COST >> 0.0519 +/- 0.0045, % updates: 3.654%
INFO:root:-- EPOCH 6 (0.785 seconds):
INFO:root:COST >> 0.0498 +/- 0.0029, % updates: 3.482%
INFO:root:-- EPOCH 7 (0.814 seconds):
INFO:root:COST >> 0.0458 +/- 0.0027, % updates: 3.277%
INFO:root:-- EPOCH 8 (0.806 seconds):
INFO:root:COST >> 0.0439 +/- 0.0022, % updates: 3.151%
INFO:root:-- EPOCH 9 (0.777 seconds):
INFO:root:COST >> 0.041 +/- 0.0022, % updates: 2.951%
INFO:root:-- EPOCH 10 (0.794 seconds):
INFO:root:COST >> 0.0388 +/- 0.0019, % updates: 2.792%
INFO:root:-- EPOCH 11 (0.787 seconds):
INFO:root:COST >> 0.0389 +/- 0.0021, % updates: 2.755%
INFO:root:-- EPOCH 12 (0.815 seconds):
INFO:root:COST >> 0.0378 +/- 0.0021, % updates: 2.663%
INFO:root:-- EPOCH 13 (0.819 seconds):
INFO:root:COST >> 0.036 +/- 0.0022, % updates: 2.534%
INFO:root:-- EPOCH 14 (0.805 seconds):
INFO:root:COST >> 0.0356 +/- 0.0014, % updates: 2.455%
INFO:root:-- EPOCH 15 (0.793 seconds):
INFO:root:COST >> 0.0339 +/- 0.0016, % updates: 2.381%
INFO:root:-- EPOCH 16 (0.773 seconds):
INFO:root:COST >> 0.0334 +/- 0.0015, % updates: 2.356%
INFO:root:-- EPOCH 17 (0.806 seconds):
INFO:root:COST >> 0.0327 +/- 0.0013, % updates: 2.255%
INFO:root:-- EPOCH 18 (0.777 seconds):
INFO:root:COST >> 0.032 +/- 0.0011, % updates: 2.227%
INFO:root:-- EPOCH 19 (0.778 seconds):
INFO:root:COST >> 0.0312 +/- 0.0013, % updates: 2.172%
INFO:root:-- EPOCH 20 (0.771 seconds):
INFO:root:COST >> 0.0308 +/- 0.0016, % updates: 2.156%
INFO:root:-- EPOCH 21 (0.77 seconds):
INFO:root:COST >> 0.0303 +/- 0.0013, % updates: 2.101%
INFO:root:-- EPOCH 22 (0.784 seconds):
INFO:root:COST >> 0.0299 +/- 0.0014, % updates: 2.083%
INFO:root:-- EPOCH 23 (0.781 seconds):
INFO:root:COST >> 0.0289 +/- 0.0009, % updates: 2.02%
INFO:root:-- EPOCH 24 (0.807 seconds):
INFO:root:COST >> 0.0283 +/- 0.0011, % updates: 1.983%
INFO:root:-- EPOCH 25 (0.803 seconds):
INFO:root:COST >> 0.0283 +/- 0.0007, % updates: 1.97%
INFO:root:-- EPOCH 26 (0.811 seconds):
INFO:root:COST >> 0.0281 +/- 0.0013, % updates: 1.932%
INFO:root:-- EPOCH 27 (0.834 seconds):
INFO:root:COST >> 0.0281 +/- 0.0008, % updates: 1.936%
INFO:root:-- EPOCH 28 (0.826 seconds):
INFO:root:COST >> 0.0273 +/- 0.001, % updates: 1.891%
INFO:root:-- EPOCH 29 (0.809 seconds):
INFO:root:COST >> 0.0273 +/- 0.0015, % updates: 1.86%
INFO:root:-- EPOCH 30 (0.804 seconds):
INFO:root:COST >> 0.0267 +/- 0.0015, % updates: 1.831%
INFO:root:-- EPOCH 31 (0.833 seconds):
INFO:root:COST >> 0.0271 +/- 0.0008, % updates: 1.848%
INFO:root:-- EPOCH 32 (0.822 seconds):
INFO:root:COST >> 0.0273 +/- 0.0012, % updates: 1.824%
INFO:root:-- EPOCH 33 (0.731 seconds):
INFO:root:COST >> 0.0264 +/- 0.0016, % updates: 1.786%
INFO:root:-- EPOCH 34 (0.791 seconds):
INFO:root:COST >> 0.0261 +/- 0.0012, % updates: 1.773%
INFO:root:-- EPOCH 35 (0.834 seconds):
INFO:root:COST >> 0.0261 +/- 0.0013, % updates: 1.75%
INFO:root:-- EPOCH 36 (0.796 seconds):
INFO:root:COST >> 0.0253 +/- 0.0011, % updates: 1.717%
INFO:root:-- EPOCH 37 (0.799 seconds):
INFO:root:COST >> 0.0251 +/- 0.0014, % updates: 1.691%
INFO:root:-- EPOCH 38 (0.792 seconds):
INFO:root:COST >> 0.0249 +/- 0.001, % updates: 1.676%
INFO:root:-- EPOCH 39 (0.819 seconds):
INFO:root:COST >> 0.0249 +/- 0.0014, % updates: 1.7%
INFO:root:-- EPOCH 40 (0.789 seconds):
INFO:root:COST >> 0.0246 +/- 0.0015, % updates: 1.663%
INFO:root:-- EPOCH 41 (0.798 seconds):
INFO:root:COST >> 0.0242 +/- 0.0008, % updates: 1.648%
INFO:root:-- EPOCH 42 (0.8 seconds):
INFO:root:COST >> 0.0247 +/- 0.0012, % updates: 1.633%
INFO:root:-- EPOCH 43 (0.799 seconds):
INFO:root:COST >> 0.0239 +/- 0.0012, % updates: 1.6%
INFO:root:-- EPOCH 44 (0.795 seconds):
INFO:root:COST >> 0.0237 +/- 0.0005, % updates: 1.618%
INFO:root:-- EPOCH 45 (0.812 seconds):
INFO:root:COST >> 0.0236 +/- 0.0009, % updates: 1.607%
INFO:root:-- EPOCH 46 (0.817 seconds):
INFO:root:COST >> 0.024 +/- 0.0009, % updates: 1.595%
INFO:root:-- EPOCH 47 (0.792 seconds):
INFO:root:COST >> 0.0239 +/- 0.0007, % updates: 1.595%
INFO:root:-- EPOCH 48 (0.809 seconds):
INFO:root:COST >> 0.023 +/- 0.0014, % updates: 1.543%
INFO:root:-- EPOCH 49 (0.806 seconds):
INFO:root:COST >> 0.023 +/- 0.0008, % updates: 1.55%
INFO:root:-- EPOCH 50 (0.826 seconds):
INFO:root:COST >> 0.0231 +/- 0.001, % updates: 1.54%
INFO:root:-- EPOCH 51 (0.785 seconds):
INFO:root:COST >> 0.0223 +/- 0.0012, % updates: 1.51%
INFO:root:-- EPOCH 52 (0.816 seconds):
INFO:root:COST >> 0.0225 +/- 0.0014, % updates: 1.528%
INFO:root:-- EPOCH 53 (0.816 seconds):
INFO:root:COST >> 0.0229 +/- 0.001, % updates: 1.501%
INFO:root:-- EPOCH 54 (0.845 seconds):
INFO:root:COST >> 0.0227 +/- 0.0011, % updates: 1.516%
INFO:root:-- EPOCH 55 (0.822 seconds):
INFO:root:COST >> 0.0227 +/- 0.0012, % updates: 1.482%
INFO:root:-- EPOCH 56 (0.82 seconds):
INFO:root:COST >> 0.023 +/- 0.001, % updates: 1.518%
INFO:root:-- EPOCH 57 (0.813 seconds):
INFO:root:COST >> 0.0224 +/- 0.0013, % updates: 1.515%
INFO:root:-- EPOCH 58 (0.803 seconds):
INFO:root:COST >> 0.0229 +/- 0.0014, % updates: 1.479%
INFO:root:-- EPOCH 59 (0.797 seconds):
INFO:root:COST >> 0.0222 +/- 0.0008, % updates: 1.48%
INFO:root:-- EPOCH 60 (0.818 seconds):
INFO:root:COST >> 0.0216 +/- 0.001, % updates: 1.443%
INFO:root:-- EPOCH 61 (0.808 seconds):
INFO:root:COST >> 0.0217 +/- 0.001, % updates: 1.441%
INFO:root:-- EPOCH 62 (0.818 seconds):
INFO:root:COST >> 0.022 +/- 0.001, % updates: 1.475%
INFO:root:-- EPOCH 63 (0.827 seconds):
INFO:root:COST >> 0.0216 +/- 0.0009, % updates: 1.41%
INFO:root:-- EPOCH 64 (0.796 seconds):
INFO:root:COST >> 0.0217 +/- 0.0011, % updates: 1.44%
INFO:root:-- EPOCH 65 (0.775 seconds):
INFO:root:COST >> 0.0219 +/- 0.0007, % updates: 1.422%
INFO:root:-- EPOCH 66 (0.771 seconds):
INFO:root:COST >> 0.0212 +/- 0.0012, % updates: 1.404%
INFO:root:-- EPOCH 67 (0.757 seconds):
INFO:root:COST >> 0.0212 +/- 0.001, % updates: 1.383%
INFO:root:-- EPOCH 68 (0.786 seconds):
INFO:root:COST >> 0.0213 +/- 0.0011, % updates: 1.404%
INFO:root:-- EPOCH 69 (0.772 seconds):
INFO:root:COST >> 0.0211 +/- 0.0009, % updates: 1.406%
INFO:root:-- EPOCH 70 (0.754 seconds):
INFO:root:COST >> 0.0214 +/- 0.0008, % updates: 1.403%
INFO:root:-- EPOCH 71 (0.767 seconds):
INFO:root:COST >> 0.0211 +/- 0.0006, % updates: 1.403%
INFO:root:-- EPOCH 72 (0.752 seconds):
INFO:root:COST >> 0.0211 +/- 0.001, % updates: 1.396%
INFO:root:-- EPOCH 73 (0.765 seconds):
INFO:root:COST >> 0.0208 +/- 0.0011, % updates: 1.354%
INFO:root:-- EPOCH 74 (0.749 seconds):
INFO:root:COST >> 0.0205 +/- 0.0009, % updates: 1.371%
INFO:root:-- EPOCH 75 (0.763 seconds):
INFO:root:COST >> 0.0206 +/- 0.0009, % updates: 1.347%
INFO:root:-- EPOCH 76 (0.753 seconds):
INFO:root:COST >> 0.0214 +/- 0.0008, % updates: 1.387%
INFO:root:-- EPOCH 77 (0.758 seconds):
INFO:root:COST >> 0.0205 +/- 0.0009, % updates: 1.366%
INFO:root:-- EPOCH 78 (0.75 seconds):
INFO:root:COST >> 0.0209 +/- 0.001, % updates: 1.362%
INFO:root:-- EPOCH 79 (0.764 seconds):
INFO:root:COST >> 0.0208 +/- 0.0012, % updates: 1.377%
INFO:root:-- EPOCH 80 (0.779 seconds):
INFO:root:COST >> 0.0208 +/- 0.0007, % updates: 1.351%
INFO:root:-- EPOCH 81 (0.786 seconds):
INFO:root:COST >> 0.0207 +/- 0.0011, % updates: 1.346%
INFO:root:-- EPOCH 82 (0.758 seconds):
INFO:root:COST >> 0.0209 +/- 0.0013, % updates: 1.336%
INFO:root:-- EPOCH 83 (0.764 seconds):
INFO:root:COST >> 0.0198 +/- 0.001, % updates: 1.313%
INFO:root:-- EPOCH 84 (0.764 seconds):
INFO:root:COST >> 0.0206 +/- 0.0012, % updates: 1.332%
INFO:root:-- EPOCH 85 (0.812 seconds):
INFO:root:COST >> 0.0199 +/- 0.0008, % updates: 1.3%
INFO:root:-- EPOCH 86 (0.751 seconds):
INFO:root:COST >> 0.0204 +/- 0.0011, % updates: 1.312%
INFO:root:-- EPOCH 87 (0.761 seconds):
INFO:root:COST >> 0.0202 +/- 0.0009, % updates: 1.323%
INFO:root:-- EPOCH 88 (0.77 seconds):
INFO:root:COST >> 0.0204 +/- 0.0007, % updates: 1.354%
INFO:root:-- EPOCH 89 (0.737 seconds):
INFO:root:COST >> 0.0204 +/- 0.001, % updates: 1.312%
INFO:root:-- EPOCH 90 (0.745 seconds):
INFO:root:COST >> 0.0196 +/- 0.0011, % updates: 1.275%
INFO:root:-- EPOCH 91 (0.737 seconds):
INFO:root:COST >> 0.0201 +/- 0.0006, % updates: 1.295%
INFO:root:-- EPOCH 92 (0.786 seconds):
INFO:root:COST >> 0.0195 +/- 0.0008, % updates: 1.271%
INFO:root:-- EPOCH 93 (0.741 seconds):
INFO:root:COST >> 0.0198 +/- 0.0011, % updates: 1.266%
INFO:root:-- EPOCH 94 (0.737 seconds):
INFO:root:COST >> 0.0196 +/- 0.0011, % updates: 1.284%
INFO:root:-- EPOCH 95 (0.749 seconds):
INFO:root:COST >> 0.0194 +/- 0.0009, % updates: 1.275%
INFO:root:-- EPOCH 96 (0.758 seconds):
INFO:root:COST >> 0.0193 +/- 0.001, % updates: 1.274%
INFO:root:-- EPOCH 97 (0.752 seconds):
INFO:root:COST >> 0.0195 +/- 0.0008, % updates: 1.261%
INFO:root:-- EPOCH 98 (0.768 seconds):
INFO:root:COST >> 0.0197 +/- 0.0012, % updates: 1.256%
INFO:root:-- EPOCH 99 (0.74 seconds):
INFO:root:COST >> 0.0198 +/- 0.0012, % updates: 1.262%
INFO:root:-- EPOCH 100 (0.755 seconds):
INFO:root:COST >> 0.0189 +/- 0.0007, % updates: 1.241%
INFO:root:### MICRO (raw valid):
INFO:root:	-- left   >> mean: 420.4434, median: 5.0, hits@10: 66.82%
INFO:root:	-- right  >> mean: 420.2774, median: 5.0, hits@10: 67.16%
INFO:root:	-- global >> mean: 420.3604, median: 5.0, hits@10: 66.99%
INFO:root:### MACRO (raw valid):
INFO:root:	-- left   >> mean: 426.99354, median: 104.86111, hits@10: 59.46%
INFO:root:	-- right  >> mean: 368.74352, median: 38.33333, hits@10: 60.286%
INFO:root:	-- global >> mean: 397.86853, median: 41.5, hits@10: 59.873%
INFO:root:### MICRO (filtered valid):
INFO:root:	-- left   >> mean: 418.3768, median: 4.0, hits@10: 68.0%
INFO:root:	-- right  >> mean: 418.2906, median: 4.0, hits@10: 68.32%
INFO:root:	-- global >> mean: 418.3337, median: 4.0, hits@10: 68.16%
INFO:root:### MACRO (filtered valid):
INFO:root:	-- left   >> mean: 425.69252, median: 104.19444, hits@10: 59.866%
INFO:root:	-- right  >> mean: 367.76587, median: 37.91667, hits@10: 60.684%
INFO:root:	-- global >> mean: 396.72919, median: 41.47222, hits@10: 60.275%
INFO:root:### MICRO (raw test):
INFO:root:	-- left   >> mean: 327.0642, median: 5.0, hits@1: 17.1%
INFO:root:	-- right  >> mean: 332.095, median: 4.0, hits@1: 17.94%
INFO:root:	-- global >> mean: 329.5796, median: 5.0, hits@1: 17.52%
INFO:root:### MACRO (raw test):
INFO:root:	-- left   >> mean: 319.75373, median: 63.80556, hits@1: 28.555%
INFO:root:	-- right  >> mean: 367.13163, median: 74.11111, hits@1: 29.727%
INFO:root:	-- global >> mean: 343.44268, median: 53.33333, hits@1: 29.141%
INFO:root:### MICRO (raw test):
INFO:root:	-- left   >> mean: 327.0642, median: 5.0, hits@3: 40.68%
INFO:root:	-- right  >> mean: 332.095, median: 4.0, hits@3: 44.3%
INFO:root:	-- global >> mean: 329.5796, median: 5.0, hits@3: 42.49%
INFO:root:### MACRO (raw test):
INFO:root:	-- left   >> mean: 319.75373, median: 63.80556, hits@3: 42.418%
INFO:root:	-- right  >> mean: 367.13163, median: 74.11111, hits@3: 45.182%
INFO:root:	-- global >> mean: 343.44268, median: 53.33333, hits@3: 43.8%
INFO:root:### MICRO (raw test):
INFO:root:	-- left   >> mean: 327.0642, median: 5.0, hits@10: 65.54%
INFO:root:	-- right  >> mean: 332.095, median: 4.0, hits@10: 68.48%
INFO:root:	-- global >> mean: 329.5796, median: 5.0, hits@10: 67.01%
INFO:root:### MACRO (raw test):
INFO:root:	-- left   >> mean: 319.75373, median: 63.80556, hits@10: 58.541%
INFO:root:	-- right  >> mean: 367.13163, median: 74.11111, hits@10: 59.853%
INFO:root:	-- global >> mean: 343.44268, median: 53.33333, hits@10: 59.197%
INFO:root:### MICRO (filtered test):
INFO:root:	-- left   >> mean: 324.9994, median: 5.0, hits@1: 17.32%
INFO:root:	-- right  >> mean: 330.3876, median: 4.0, hits@1: 18.18%
INFO:root:	-- global >> mean: 327.6935, median: 5.0, hits@1: 17.75%
INFO:root:### MACRO (filtered test):
INFO:root:	-- left   >> mean: 318.55002, median: 63.33333, hits@1: 28.65%
INFO:root:	-- right  >> mean: 365.93364, median: 73.58333, hits@1: 29.894%
INFO:root:	-- global >> mean: 342.24183, median: 53.22222, hits@1: 29.272%
INFO:root:### MICRO (filtered test):
INFO:root:	-- left   >> mean: 324.9994, median: 5.0, hits@3: 42.16%
INFO:root:	-- right  >> mean: 330.3876, median: 4.0, hits@3: 45.58%
INFO:root:	-- global >> mean: 327.6935, median: 5.0, hits@3: 43.87%
INFO:root:### MACRO (filtered test):
INFO:root:	-- left   >> mean: 318.55002, median: 63.33333, hits@3: 43.015%
INFO:root:	-- right  >> mean: 365.93364, median: 73.58333, hits@3: 45.609%
INFO:root:	-- global >> mean: 342.24183, median: 53.22222, hits@3: 44.312%
INFO:root:### MICRO (filtered test):
INFO:root:	-- left   >> mean: 324.9994, median: 5.0, hits@10: 66.76%
INFO:root:	-- right  >> mean: 330.3876, median: 4.0, hits@10: 69.58%
INFO:root:	-- global >> mean: 327.6935, median: 5.0, hits@10: 68.17%
INFO:root:### MACRO (filtered test):
INFO:root:	-- left   >> mean: 318.55002, median: 63.33333, hits@10: 58.839%
INFO:root:	-- right  >> mean: 365.93364, median: 73.58333, hits@10: 60.172%
INFO:root:	-- global >> mean: 342.24183, median: 53.22222, hits@10: 59.505%
INFO:root:### MICRO (raw test):
INFO:root:	-- global >> mean: 1.2906, median: 1.0, hits@1: 86.26%
INFO:root:### MICRO (raw test):
INFO:root:	-- global >> mean: 1.2906, median: 1.0, hits@3: 97.86%
INFO:root:### MICRO (raw test):
INFO:root:	-- global >> mean: 1.2906, median: 1.0, hits@10: 99.56%
INFO:root:### MICRO (filtered test):
INFO:root:	-- global >> mean: 1.2874, median: 1.0, hits@1: 86.38%
INFO:root:### MICRO (filtered test):
INFO:root:	-- global >> mean: 1.2874, median: 1.0, hits@3: 97.88%
INFO:root:### MICRO (filtered test):
INFO:root:	-- global >> mean: 1.2874, median: 1.0, hits@10: 99.56%
INFO:root:-- EPOCH 101 (0.844 seconds):
INFO:root:COST >> 0.0196 +/- 0.0011, % updates: 1.249%
INFO:root:-- EPOCH 102 (0.832 seconds):
INFO:root:COST >> 0.0198 +/- 0.001, % updates: 1.257%
INFO:root:-- EPOCH 103 (0.864 seconds):
INFO:root:COST >> 0.0193 +/- 0.0007, % updates: 1.242%
INFO:root:-- EPOCH 104 (0.819 seconds):
INFO:root:COST >> 0.0197 +/- 0.0009, % updates: 1.258%
INFO:root:-- EPOCH 105 (0.841 seconds):
INFO:root:COST >> 0.0195 +/- 0.0007, % updates: 1.252%
INFO:root:-- EPOCH 106 (0.86 seconds):
INFO:root:COST >> 0.0195 +/- 0.0013, % updates: 1.245%
INFO:root:-- EPOCH 107 (0.797 seconds):
INFO:root:COST >> 0.0196 +/- 0.0011, % updates: 1.264%
INFO:root:-- EPOCH 108 (0.838 seconds):
INFO:root:COST >> 0.0189 +/- 0.0009, % updates: 1.222%
INFO:root:-- EPOCH 109 (0.863 seconds):
INFO:root:COST >> 0.0194 +/- 0.0009, % updates: 1.225%
INFO:root:-- EPOCH 110 (0.85 seconds):
INFO:root:COST >> 0.0194 +/- 0.001, % updates: 1.242%
INFO:root:-- EPOCH 111 (0.836 seconds):
INFO:root:COST >> 0.019 +/- 0.0012, % updates: 1.227%
INFO:root:-- EPOCH 112 (0.837 seconds):
INFO:root:COST >> 0.0189 +/- 0.0009, % updates: 1.203%
INFO:root:-- EPOCH 113 (0.857 seconds):
INFO:root:COST >> 0.0188 +/- 0.0008, % updates: 1.215%
INFO:root:-- EPOCH 114 (0.828 seconds):
INFO:root:COST >> 0.0192 +/- 0.0007, % updates: 1.221%
INFO:root:-- EPOCH 115 (0.783 seconds):
INFO:root:COST >> 0.019 +/- 0.001, % updates: 1.218%
INFO:root:-- EPOCH 116 (0.769 seconds):
INFO:root:COST >> 0.0188 +/- 0.0008, % updates: 1.202%
INFO:root:-- EPOCH 117 (0.803 seconds):
INFO:root:COST >> 0.0189 +/- 0.0008, % updates: 1.212%
INFO:root:-- EPOCH 118 (0.848 seconds):
INFO:root:COST >> 0.0186 +/- 0.0011, % updates: 1.197%
INFO:root:-- EPOCH 119 (0.787 seconds):
INFO:root:COST >> 0.0185 +/- 0.0007, % updates: 1.197%
INFO:root:-- EPOCH 120 (0.762 seconds):
INFO:root:COST >> 0.0187 +/- 0.0009, % updates: 1.194%
INFO:root:-- EPOCH 121 (0.759 seconds):
INFO:root:COST >> 0.0185 +/- 0.001, % updates: 1.195%
INFO:root:-- EPOCH 122 (0.745 seconds):
INFO:root:COST >> 0.0179 +/- 0.0008, % updates: 1.171%
INFO:root:-- EPOCH 123 (0.787 seconds):
INFO:root:COST >> 0.0184 +/- 0.0009, % updates: 1.198%
INFO:root:-- EPOCH 124 (0.768 seconds):
INFO:root:COST >> 0.0184 +/- 0.0012, % updates: 1.185%
INFO:root:-- EPOCH 125 (0.793 seconds):
INFO:root:COST >> 0.019 +/- 0.0007, % updates: 1.207%
INFO:root:-- EPOCH 126 (0.786 seconds):
INFO:root:COST >> 0.0185 +/- 0.001, % updates: 1.197%
INFO:root:-- EPOCH 127 (0.782 seconds):
INFO:root:COST >> 0.0186 +/- 0.0011, % updates: 1.192%
INFO:root:-- EPOCH 128 (0.796 seconds):
INFO:root:COST >> 0.0179 +/- 0.0009, % updates: 1.141%
INFO:root:-- EPOCH 129 (0.77 seconds):
INFO:root:COST >> 0.0184 +/- 0.0009, % updates: 1.174%
INFO:root:-- EPOCH 130 (0.791 seconds):
INFO:root:COST >> 0.0184 +/- 0.0006, % updates: 1.152%
INFO:root:-- EPOCH 131 (0.79 seconds):
INFO:root:COST >> 0.0184 +/- 0.0009, % updates: 1.186%
INFO:root:-- EPOCH 132 (0.788 seconds):
INFO:root:COST >> 0.019 +/- 0.0009, % updates: 1.181%
INFO:root:-- EPOCH 133 (0.774 seconds):
INFO:root:COST >> 0.0184 +/- 0.0012, % updates: 1.168%
INFO:root:-- EPOCH 134 (0.789 seconds):
INFO:root:COST >> 0.0182 +/- 0.0014, % updates: 1.167%
INFO:root:-- EPOCH 135 (0.802 seconds):
INFO:root:COST >> 0.0183 +/- 0.0011, % updates: 1.165%
INFO:root:-- EPOCH 136 (0.784 seconds):
INFO:root:COST >> 0.0185 +/- 0.0005, % updates: 1.165%
INFO:root:-- EPOCH 137 (0.777 seconds):
INFO:root:COST >> 0.0186 +/- 0.0013, % updates: 1.18%
INFO:root:-- EPOCH 138 (0.792 seconds):
INFO:root:COST >> 0.0178 +/- 0.0008, % updates: 1.154%
INFO:root:-- EPOCH 139 (0.819 seconds):
INFO:root:COST >> 0.0181 +/- 0.0011, % updates: 1.168%
INFO:root:-- EPOCH 140 (0.801 seconds):
INFO:root:COST >> 0.0185 +/- 0.001, % updates: 1.18%
INFO:root:-- EPOCH 141 (0.786 seconds):
INFO:root:COST >> 0.0181 +/- 0.0009, % updates: 1.145%
INFO:root:-- EPOCH 142 (0.765 seconds):
INFO:root:COST >> 0.018 +/- 0.001, % updates: 1.148%
INFO:root:-- EPOCH 143 (0.813 seconds):
INFO:root:COST >> 0.0178 +/- 0.0011, % updates: 1.14%
INFO:root:-- EPOCH 144 (0.757 seconds):
INFO:root:COST >> 0.0179 +/- 0.0014, % updates: 1.134%
INFO:root:-- EPOCH 145 (0.778 seconds):
INFO:root:COST >> 0.0178 +/- 0.001, % updates: 1.156%
INFO:root:-- EPOCH 146 (0.793 seconds):
INFO:root:COST >> 0.0177 +/- 0.0009, % updates: 1.136%
INFO:root:-- EPOCH 147 (0.792 seconds):
INFO:root:COST >> 0.0177 +/- 0.0013, % updates: 1.133%
INFO:root:-- EPOCH 148 (0.778 seconds):
INFO:root:COST >> 0.0184 +/- 0.0008, % updates: 1.149%
INFO:root:-- EPOCH 149 (0.787 seconds):
INFO:root:COST >> 0.0181 +/- 0.0008, % updates: 1.128%
INFO:root:-- EPOCH 150 (0.783 seconds):
INFO:root:COST >> 0.0174 +/- 0.0012, % updates: 1.118%
INFO:root:-- EPOCH 151 (0.793 seconds):
INFO:root:COST >> 0.0178 +/- 0.0007, % updates: 1.122%
INFO:root:-- EPOCH 152 (0.814 seconds):
INFO:root:COST >> 0.0176 +/- 0.0009, % updates: 1.132%
INFO:root:-- EPOCH 153 (0.764 seconds):
INFO:root:COST >> 0.0177 +/- 0.0011, % updates: 1.117%
INFO:root:-- EPOCH 154 (0.78 seconds):
INFO:root:COST >> 0.0177 +/- 0.0011, % updates: 1.12%
INFO:root:-- EPOCH 155 (0.791 seconds):
INFO:root:COST >> 0.018 +/- 0.0011, % updates: 1.133%
INFO:root:-- EPOCH 156 (0.778 seconds):
INFO:root:COST >> 0.0177 +/- 0.001, % updates: 1.126%
INFO:root:-- EPOCH 157 (0.792 seconds):
INFO:root:COST >> 0.0174 +/- 0.0016, % updates: 1.102%
INFO:root:-- EPOCH 158 (0.77 seconds):
INFO:root:COST >> 0.0173 +/- 0.0009, % updates: 1.093%
INFO:root:-- EPOCH 159 (0.784 seconds):
INFO:root:COST >> 0.0173 +/- 0.0008, % updates: 1.1%
INFO:root:-- EPOCH 160 (0.793 seconds):
INFO:root:COST >> 0.0175 +/- 0.001, % updates: 1.116%
INFO:root:-- EPOCH 161 (0.818 seconds):
INFO:root:COST >> 0.0179 +/- 0.0008, % updates: 1.105%
INFO:root:-- EPOCH 162 (0.803 seconds):
INFO:root:COST >> 0.0177 +/- 0.001, % updates: 1.101%
INFO:root:-- EPOCH 163 (0.778 seconds):
INFO:root:COST >> 0.0182 +/- 0.0008, % updates: 1.137%
INFO:root:-- EPOCH 164 (0.807 seconds):
INFO:root:COST >> 0.0172 +/- 0.0009, % updates: 1.082%
INFO:root:-- EPOCH 165 (0.762 seconds):
INFO:root:COST >> 0.0176 +/- 0.0008, % updates: 1.132%
INFO:root:-- EPOCH 166 (0.794 seconds):
INFO:root:COST >> 0.0168 +/- 0.0011, % updates: 1.081%
INFO:root:-- EPOCH 167 (0.78 seconds):
INFO:root:COST >> 0.0177 +/- 0.0009, % updates: 1.113%
INFO:root:-- EPOCH 168 (0.766 seconds):
INFO:root:COST >> 0.0178 +/- 0.0009, % updates: 1.117%
INFO:root:-- EPOCH 169 (0.768 seconds):
INFO:root:COST >> 0.0175 +/- 0.001, % updates: 1.088%
INFO:root:-- EPOCH 170 (0.842 seconds):
INFO:root:COST >> 0.0178 +/- 0.0007, % updates: 1.118%
INFO:root:-- EPOCH 171 (0.83 seconds):
INFO:root:COST >> 0.0174 +/- 0.0008, % updates: 1.104%
INFO:root:-- EPOCH 172 (0.805 seconds):
INFO:root:COST >> 0.0175 +/- 0.0008, % updates: 1.097%
INFO:root:-- EPOCH 173 (0.832 seconds):
INFO:root:COST >> 0.0173 +/- 0.001, % updates: 1.086%
INFO:root:-- EPOCH 174 (0.844 seconds):
INFO:root:COST >> 0.0172 +/- 0.001, % updates: 1.086%
INFO:root:-- EPOCH 175 (0.854 seconds):
INFO:root:COST >> 0.017 +/- 0.0008, % updates: 1.066%
INFO:root:-- EPOCH 176 (0.824 seconds):
INFO:root:COST >> 0.0174 +/- 0.001, % updates: 1.086%
INFO:root:-- EPOCH 177 (0.855 seconds):
INFO:root:COST >> 0.0175 +/- 0.0012, % updates: 1.082%
INFO:root:-- EPOCH 178 (0.846 seconds):
INFO:root:COST >> 0.0173 +/- 0.0006, % updates: 1.107%
INFO:root:-- EPOCH 179 (0.829 seconds):
INFO:root:COST >> 0.0169 +/- 0.0007, % updates: 1.077%
INFO:root:-- EPOCH 180 (0.841 seconds):
INFO:root:COST >> 0.0171 +/- 0.0013, % updates: 1.067%
INFO:root:-- EPOCH 181 (0.839 seconds):
INFO:root:COST >> 0.0174 +/- 0.001, % updates: 1.083%
INFO:root:-- EPOCH 182 (0.809 seconds):
INFO:root:COST >> 0.0169 +/- 0.001, % updates: 1.074%
INFO:root:-- EPOCH 183 (0.812 seconds):
INFO:root:COST >> 0.017 +/- 0.001, % updates: 1.092%
INFO:root:-- EPOCH 184 (0.84 seconds):
INFO:root:COST >> 0.0173 +/- 0.0009, % updates: 1.076%
INFO:root:-- EPOCH 185 (0.831 seconds):
INFO:root:COST >> 0.0167 +/- 0.001, % updates: 1.065%
INFO:root:-- EPOCH 186 (0.859 seconds):
INFO:root:COST >> 0.0172 +/- 0.0008, % updates: 1.097%
INFO:root:-- EPOCH 187 (0.834 seconds):
INFO:root:COST >> 0.0169 +/- 0.0009, % updates: 1.069%
INFO:root:-- EPOCH 188 (0.833 seconds):
INFO:root:COST >> 0.0171 +/- 0.0004, % updates: 1.062%
INFO:root:-- EPOCH 189 (0.853 seconds):
INFO:root:COST >> 0.0173 +/- 0.001, % updates: 1.092%
INFO:root:-- EPOCH 190 (0.813 seconds):
INFO:root:COST >> 0.0175 +/- 0.0014, % updates: 1.099%
INFO:root:-- EPOCH 191 (0.861 seconds):
INFO:root:COST >> 0.0169 +/- 0.0009, % updates: 1.052%
INFO:root:-- EPOCH 192 (0.856 seconds):
INFO:root:COST >> 0.0169 +/- 0.0009, % updates: 1.053%
INFO:root:-- EPOCH 193 (0.84 seconds):
INFO:root:COST >> 0.0174 +/- 0.0012, % updates: 1.092%
INFO:root:-- EPOCH 194 (0.855 seconds):
INFO:root:COST >> 0.0165 +/- 0.0012, % updates: 1.048%
INFO:root:-- EPOCH 195 (0.82 seconds):
INFO:root:COST >> 0.0166 +/- 0.001, % updates: 1.044%
INFO:root:-- EPOCH 196 (0.836 seconds):
INFO:root:COST >> 0.0168 +/- 0.0007, % updates: 1.049%
INFO:root:-- EPOCH 197 (0.801 seconds):
INFO:root:COST >> 0.0168 +/- 0.001, % updates: 1.062%
INFO:root:-- EPOCH 198 (0.844 seconds):
INFO:root:COST >> 0.0169 +/- 0.0008, % updates: 1.054%
INFO:root:-- EPOCH 199 (0.834 seconds):
INFO:root:COST >> 0.0163 +/- 0.0015, % updates: 1.043%
INFO:root:-- EPOCH 200 (0.823 seconds):
INFO:root:COST >> 0.0169 +/- 0.0011, % updates: 1.057%
INFO:root:### MICRO (raw valid):
INFO:root:	-- left   >> mean: 413.444, median: 4.0, hits@10: 70.24%
INFO:root:	-- right  >> mean: 411.2744, median: 4.0, hits@10: 70.84%
INFO:root:	-- global >> mean: 412.3592, median: 4.0, hits@10: 70.54%
INFO:root:### MACRO (raw valid):
INFO:root:	-- left   >> mean: 416.80165, median: 88.38889, hits@10: 60.242%
INFO:root:	-- right  >> mean: 369.70726, median: 31.75, hits@10: 61.811%
INFO:root:	-- global >> mean: 393.25446, median: 50.36111, hits@10: 61.026%
INFO:root:### MICRO (filtered valid):
INFO:root:	-- left   >> mean: 411.352, median: 4.0, hits@10: 71.52%
INFO:root:	-- right  >> mean: 409.2522, median: 4.0, hits@10: 72.02%
INFO:root:	-- global >> mean: 410.3021, median: 4.0, hits@10: 71.77%
INFO:root:### MACRO (filtered valid):
INFO:root:	-- left   >> mean: 415.49539, median: 88.11111, hits@10: 60.69%
INFO:root:	-- right  >> mean: 368.72142, median: 31.5, hits@10: 62.277%
INFO:root:	-- global >> mean: 392.10841, median: 50.30556, hits@10: 61.484%
INFO:root:### MICRO (raw test):
INFO:root:	-- left   >> mean: 329.2326, median: 4.0, hits@1: 20.04%
INFO:root:	-- right  >> mean: 337.278, median: 4.0, hits@1: 20.74%
INFO:root:	-- global >> mean: 333.2553, median: 4.0, hits@1: 20.39%
INFO:root:### MACRO (raw test):
INFO:root:	-- left   >> mean: 332.23918, median: 77.58333, hits@1: 29.636%
INFO:root:	-- right  >> mean: 371.94595, median: 103.30556, hits@1: 30.604%
INFO:root:	-- global >> mean: 352.09257, median: 78.38889, hits@1: 30.12%
INFO:root:### MICRO (raw test):
INFO:root:	-- left   >> mean: 329.2326, median: 4.0, hits@3: 44.98%
INFO:root:	-- right  >> mean: 337.278, median: 4.0, hits@3: 48.42%
INFO:root:	-- global >> mean: 333.2553, median: 4.0, hits@3: 46.7%
INFO:root:### MACRO (raw test):
INFO:root:	-- left   >> mean: 332.23918, median: 77.58333, hits@3: 43.228%
INFO:root:	-- right  >> mean: 371.94595, median: 103.30556, hits@3: 46.393%
INFO:root:	-- global >> mean: 352.09257, median: 78.38889, hits@3: 44.811%
INFO:root:### MICRO (raw test):
INFO:root:	-- left   >> mean: 329.2326, median: 4.0, hits@10: 69.22%
INFO:root:	-- right  >> mean: 337.278, median: 4.0, hits@10: 71.26%
INFO:root:	-- global >> mean: 333.2553, median: 4.0, hits@10: 70.24%
INFO:root:### MACRO (raw test):
INFO:root:	-- left   >> mean: 332.23918, median: 77.58333, hits@10: 58.307%
INFO:root:	-- right  >> mean: 371.94595, median: 103.30556, hits@10: 60.758%
INFO:root:	-- global >> mean: 352.09257, median: 78.38889, hits@10: 59.533%
INFO:root:### MICRO (filtered test):
INFO:root:	-- left   >> mean: 327.1484, median: 4.0, hits@1: 20.42%
INFO:root:	-- right  >> mean: 335.5554, median: 4.0, hits@1: 21.24%
INFO:root:	-- global >> mean: 331.3519, median: 4.0, hits@1: 20.83%
INFO:root:### MACRO (filtered test):
INFO:root:	-- left   >> mean: 331.07503, median: 77.19444, hits@1: 29.855%
INFO:root:	-- right  >> mean: 370.69143, median: 103.08333, hits@1: 30.787%
INFO:root:	-- global >> mean: 350.88323, median: 78.25, hits@1: 30.321%
INFO:root:### MICRO (filtered test):
INFO:root:	-- left   >> mean: 327.1484, median: 4.0, hits@3: 46.52%
INFO:root:	-- right  >> mean: 335.5554, median: 4.0, hits@3: 49.6%
INFO:root:	-- global >> mean: 331.3519, median: 4.0, hits@3: 48.06%
INFO:root:### MACRO (filtered test):
INFO:root:	-- left   >> mean: 331.07503, median: 77.19444, hits@3: 43.682%
INFO:root:	-- right  >> mean: 370.69143, median: 103.08333, hits@3: 46.788%
INFO:root:	-- global >> mean: 350.88323, median: 78.25, hits@3: 45.235%
INFO:root:### MICRO (filtered test):
INFO:root:	-- left   >> mean: 327.1484, median: 4.0, hits@10: 70.5%
INFO:root:	-- right  >> mean: 335.5554, median: 4.0, hits@10: 72.14%
INFO:root:	-- global >> mean: 331.3519, median: 4.0, hits@10: 71.32%
INFO:root:### MACRO (filtered test):
INFO:root:	-- left   >> mean: 331.07503, median: 77.19444, hits@10: 58.702%
INFO:root:	-- right  >> mean: 370.69143, median: 103.08333, hits@10: 61.021%
INFO:root:	-- global >> mean: 350.88323, median: 78.25, hits@10: 59.861%
INFO:root:### MICRO (raw test):
INFO:root:	-- global >> mean: 1.2582, median: 1.0, hits@1: 89.18%
INFO:root:### MICRO (raw test):
INFO:root:	-- global >> mean: 1.2582, median: 1.0, hits@3: 97.86%
INFO:root:### MICRO (raw test):
INFO:root:	-- global >> mean: 1.2582, median: 1.0, hits@10: 99.52%
INFO:root:### MICRO (filtered test):
INFO:root:	-- global >> mean: 1.255, median: 1.0, hits@1: 89.32%
INFO:root:### MICRO (filtered test):
INFO:root:	-- global >> mean: 1.255, median: 1.0, hits@3: 97.88%
INFO:root:### MICRO (filtered test):
INFO:root:	-- global >> mean: 1.255, median: 1.0, hits@10: 99.54%
INFO:root:-- EPOCH 201 (0.78 seconds):
INFO:root:COST >> 0.0169 +/- 0.0009, % updates: 1.051%
INFO:root:-- EPOCH 202 (0.736 seconds):
INFO:root:COST >> 0.0173 +/- 0.0013, % updates: 1.066%
INFO:root:-- EPOCH 203 (0.731 seconds):
INFO:root:COST >> 0.017 +/- 0.0008, % updates: 1.063%
INFO:root:-- EPOCH 204 (0.756 seconds):
INFO:root:COST >> 0.0167 +/- 0.0005, % updates: 1.047%
INFO:root:-- EPOCH 205 (0.737 seconds):
INFO:root:COST >> 0.0163 +/- 0.0011, % updates: 1.029%
INFO:root:-- EPOCH 206 (0.737 seconds):
INFO:root:COST >> 0.0168 +/- 0.001, % updates: 1.04%
INFO:root:-- EPOCH 207 (0.757 seconds):
INFO:root:COST >> 0.017 +/- 0.0009, % updates: 1.054%
INFO:root:-- EPOCH 208 (0.732 seconds):
INFO:root:COST >> 0.0166 +/- 0.0006, % updates: 1.04%
INFO:root:-- EPOCH 209 (0.737 seconds):
INFO:root:COST >> 0.0169 +/- 0.0009, % updates: 1.07%
INFO:root:-- EPOCH 210 (0.749 seconds):
INFO:root:COST >> 0.0172 +/- 0.0005, % updates: 1.065%
INFO:root:-- EPOCH 211 (0.75 seconds):
INFO:root:COST >> 0.0168 +/- 0.0006, % updates: 1.067%
INFO:root:-- EPOCH 212 (0.756 seconds):
INFO:root:COST >> 0.0166 +/- 0.0008, % updates: 1.031%
INFO:root:-- EPOCH 213 (0.732 seconds):
INFO:root:COST >> 0.0162 +/- 0.0009, % updates: 1.037%
INFO:root:-- EPOCH 214 (0.775 seconds):
INFO:root:COST >> 0.0166 +/- 0.0012, % updates: 1.024%
INFO:root:-- EPOCH 215 (0.732 seconds):
INFO:root:COST >> 0.0161 +/- 0.0006, % updates: 1.012%
INFO:root:-- EPOCH 216 (0.749 seconds):
INFO:root:COST >> 0.0168 +/- 0.0009, % updates: 1.037%
INFO:root:-- EPOCH 217 (0.736 seconds):
INFO:root:COST >> 0.0169 +/- 0.0009, % updates: 1.03%
INFO:root:-- EPOCH 218 (0.76 seconds):
INFO:root:COST >> 0.0169 +/- 0.0006, % updates: 1.038%
INFO:root:-- EPOCH 219 (0.766 seconds):
INFO:root:COST >> 0.0166 +/- 0.001, % updates: 1.031%
INFO:root:-- EPOCH 220 (0.735 seconds):
INFO:root:COST >> 0.0165 +/- 0.0008, % updates: 1.038%
INFO:root:-- EPOCH 221 (0.734 seconds):
INFO:root:COST >> 0.0171 +/- 0.0009, % updates: 1.04%
INFO:root:-- EPOCH 222 (0.734 seconds):
INFO:root:COST >> 0.0162 +/- 0.001, % updates: 1.003%
INFO:root:-- EPOCH 223 (0.766 seconds):
INFO:root:COST >> 0.0166 +/- 0.0012, % updates: 1.028%
INFO:root:-- EPOCH 224 (0.776 seconds):
INFO:root:COST >> 0.0166 +/- 0.0011, % updates: 1.051%
INFO:root:-- EPOCH 225 (0.728 seconds):
INFO:root:COST >> 0.0162 +/- 0.0009, % updates: 1.031%
INFO:root:-- EPOCH 226 (0.759 seconds):
INFO:root:COST >> 0.0164 +/- 0.0005, % updates: 1.032%
INFO:root:-- EPOCH 227 (0.746 seconds):
INFO:root:COST >> 0.0158 +/- 0.0011, % updates: 1.006%
INFO:root:-- EPOCH 228 (0.752 seconds):
INFO:root:COST >> 0.0167 +/- 0.0007, % updates: 1.021%
INFO:root:-- EPOCH 229 (0.759 seconds):
INFO:root:COST >> 0.0164 +/- 0.001, % updates: 1.006%
INFO:root:-- EPOCH 230 (0.763 seconds):
INFO:root:COST >> 0.0169 +/- 0.0007, % updates: 1.027%
INFO:root:-- EPOCH 231 (0.752 seconds):
INFO:root:COST >> 0.0169 +/- 0.0008, % updates: 1.021%
INFO:root:-- EPOCH 232 (0.729 seconds):
INFO:root:COST >> 0.0165 +/- 0.0009, % updates: 1.013%
INFO:root:-- EPOCH 233 (0.962 seconds):
INFO:root:COST >> 0.0165 +/- 0.001, % updates: 1.001%
INFO:root:-- EPOCH 234 (0.948 seconds):
INFO:root:COST >> 0.0163 +/- 0.0011, % updates: 1.015%
INFO:root:-- EPOCH 235 (0.822 seconds):
INFO:root:COST >> 0.0171 +/- 0.0009, % updates: 1.047%
INFO:root:-- EPOCH 236 (0.727 seconds):
INFO:root:COST >> 0.0157 +/- 0.0008, % updates: 1.005%
INFO:root:-- EPOCH 237 (0.712 seconds):
INFO:root:COST >> 0.0166 +/- 0.001, % updates: 1.02%
INFO:root:-- EPOCH 238 (0.741 seconds):
INFO:root:COST >> 0.0167 +/- 0.0009, % updates: 1.04%
INFO:root:-- EPOCH 239 (0.747 seconds):
INFO:root:COST >> 0.0164 +/- 0.0012, % updates: 1.038%
INFO:root:-- EPOCH 240 (0.784 seconds):
INFO:root:COST >> 0.0165 +/- 0.0011, % updates: 0.99%
INFO:root:-- EPOCH 241 (0.75 seconds):
INFO:root:COST >> 0.016 +/- 0.0009, % updates: 0.992%
INFO:root:-- EPOCH 242 (0.773 seconds):
INFO:root:COST >> 0.0158 +/- 0.001, % updates: 1.004%
INFO:root:-- EPOCH 243 (0.754 seconds):
INFO:root:COST >> 0.0167 +/- 0.0014, % updates: 1.043%
INFO:root:-- EPOCH 244 (0.788 seconds):
INFO:root:COST >> 0.0163 +/- 0.0006, % updates: 1.004%
INFO:root:-- EPOCH 245 (0.778 seconds):
INFO:root:COST >> 0.0167 +/- 0.0008, % updates: 1.024%
INFO:root:-- EPOCH 246 (0.813 seconds):
INFO:root:COST >> 0.0165 +/- 0.0006, % updates: 1.012%
INFO:root:-- EPOCH 247 (0.792 seconds):
INFO:root:COST >> 0.0159 +/- 0.001, % updates: 1.002%
INFO:root:-- EPOCH 248 (0.789 seconds):
INFO:root:COST >> 0.0162 +/- 0.0009, % updates: 1.024%
INFO:root:-- EPOCH 249 (0.814 seconds):
INFO:root:COST >> 0.0161 +/- 0.0011, % updates: 0.993%
INFO:root:-- EPOCH 250 (0.736 seconds):
INFO:root:COST >> 0.016 +/- 0.0008, % updates: 0.984%
INFO:root:-- EPOCH 251 (0.792 seconds):
INFO:root:COST >> 0.0164 +/- 0.001, % updates: 0.994%
INFO:root:-- EPOCH 252 (0.812 seconds):
INFO:root:COST >> 0.0165 +/- 0.0011, % updates: 1.012%
INFO:root:-- EPOCH 253 (0.949 seconds):
INFO:root:COST >> 0.0159 +/- 0.0011, % updates: 0.999%
INFO:root:-- EPOCH 254 (0.97 seconds):
INFO:root:COST >> 0.0158 +/- 0.0009, % updates: 0.989%
INFO:root:-- EPOCH 255 (0.944 seconds):
INFO:root:COST >> 0.0156 +/- 0.0008, % updates: 0.976%
INFO:root:-- EPOCH 256 (0.764 seconds):
INFO:root:COST >> 0.0161 +/- 0.0008, % updates: 0.987%
INFO:root:-- EPOCH 257 (0.822 seconds):
INFO:root:COST >> 0.016 +/- 0.0006, % updates: 0.98%
INFO:root:-- EPOCH 258 (0.815 seconds):
INFO:root:COST >> 0.0158 +/- 0.001, % updates: 0.969%
INFO:root:-- EPOCH 259 (0.805 seconds):
INFO:root:COST >> 0.0158 +/- 0.0005, % updates: 1.003%
INFO:root:-- EPOCH 260 (0.769 seconds):
INFO:root:COST >> 0.0158 +/- 0.0009, % updates: 1.004%
INFO:root:-- EPOCH 261 (0.794 seconds):
INFO:root:COST >> 0.0156 +/- 0.0007, % updates: 0.97%
INFO:root:-- EPOCH 262 (0.795 seconds):
INFO:root:COST >> 0.0158 +/- 0.0009, % updates: 0.982%
INFO:root:-- EPOCH 263 (0.813 seconds):
INFO:root:COST >> 0.0161 +/- 0.0008, % updates: 1.009%
INFO:root:-- EPOCH 264 (0.786 seconds):
INFO:root:COST >> 0.0156 +/- 0.0007, % updates: 0.971%
INFO:root:-- EPOCH 265 (0.762 seconds):
INFO:root:COST >> 0.0156 +/- 0.0008, % updates: 0.982%
INFO:root:-- EPOCH 266 (0.803 seconds):
INFO:root:COST >> 0.0164 +/- 0.001, % updates: 0.999%
INFO:root:-- EPOCH 267 (0.851 seconds):
INFO:root:COST >> 0.0157 +/- 0.0011, % updates: 0.973%
INFO:root:-- EPOCH 268 (0.766 seconds):
INFO:root:COST >> 0.0155 +/- 0.001, % updates: 0.972%
INFO:root:-- EPOCH 269 (0.811 seconds):
INFO:root:COST >> 0.0159 +/- 0.0009, % updates: 0.986%
INFO:root:-- EPOCH 270 (0.797 seconds):
INFO:root:COST >> 0.0156 +/- 0.0009, % updates: 0.965%
INFO:root:-- EPOCH 271 (0.802 seconds):
INFO:root:COST >> 0.0158 +/- 0.0007, % updates: 0.987%
INFO:root:-- EPOCH 272 (0.808 seconds):
INFO:root:COST >> 0.0152 +/- 0.0011, % updates: 0.963%
INFO:root:-- EPOCH 273 (0.989 seconds):
INFO:root:COST >> 0.0153 +/- 0.0005, % updates: 0.947%
INFO:root:-- EPOCH 274 (1.017 seconds):
INFO:root:COST >> 0.0159 +/- 0.001, % updates: 0.971%
INFO:root:-- EPOCH 275 (0.813 seconds):
INFO:root:COST >> 0.016 +/- 0.0009, % updates: 0.997%
INFO:root:-- EPOCH 276 (0.811 seconds):
INFO:root:COST >> 0.0161 +/- 0.0004, % updates: 0.982%
INFO:root:-- EPOCH 277 (0.788 seconds):
INFO:root:COST >> 0.016 +/- 0.0011, % updates: 0.966%
INFO:root:-- EPOCH 278 (0.796 seconds):
INFO:root:COST >> 0.0161 +/- 0.0007, % updates: 1.006%
INFO:root:-- EPOCH 279 (0.762 seconds):
INFO:root:COST >> 0.0158 +/- 0.001, % updates: 0.963%
INFO:root:-- EPOCH 280 (0.794 seconds):
INFO:root:COST >> 0.0158 +/- 0.001, % updates: 0.962%
INFO:root:-- EPOCH 281 (0.81 seconds):
INFO:root:COST >> 0.0153 +/- 0.0008, % updates: 0.954%
INFO:root:-- EPOCH 282 (0.821 seconds):
INFO:root:COST >> 0.0154 +/- 0.0007, % updates: 0.953%
INFO:root:-- EPOCH 283 (0.79 seconds):
INFO:root:COST >> 0.0161 +/- 0.0009, % updates: 0.95%
INFO:root:-- EPOCH 284 (0.764 seconds):
INFO:root:COST >> 0.016 +/- 0.0008, % updates: 0.961%
INFO:root:-- EPOCH 285 (0.79 seconds):
INFO:root:COST >> 0.0159 +/- 0.0007, % updates: 0.965%
INFO:root:-- EPOCH 286 (0.764 seconds):
INFO:root:COST >> 0.0162 +/- 0.0009, % updates: 0.972%
INFO:root:-- EPOCH 287 (0.772 seconds):
INFO:root:COST >> 0.016 +/- 0.0008, % updates: 0.981%
INFO:root:-- EPOCH 288 (0.785 seconds):
INFO:root:COST >> 0.0161 +/- 0.001, % updates: 0.972%
INFO:root:-- EPOCH 289 (0.786 seconds):
INFO:root:COST >> 0.0156 +/- 0.0009, % updates: 0.974%
INFO:root:-- EPOCH 290 (0.791 seconds):
INFO:root:COST >> 0.0157 +/- 0.0007, % updates: 0.973%
INFO:root:-- EPOCH 291 (0.781 seconds):
INFO:root:COST >> 0.0155 +/- 0.001, % updates: 0.963%
INFO:root:-- EPOCH 292 (0.787 seconds):
INFO:root:COST >> 0.0156 +/- 0.001, % updates: 0.955%
INFO:root:-- EPOCH 293 (0.796 seconds):
INFO:root:COST >> 0.0155 +/- 0.0014, % updates: 0.968%
INFO:root:-- EPOCH 294 (0.765 seconds):
INFO:root:COST >> 0.0154 +/- 0.0007, % updates: 0.956%
INFO:root:-- EPOCH 295 (0.797 seconds):
INFO:root:COST >> 0.0155 +/- 0.0008, % updates: 0.962%
INFO:root:-- EPOCH 296 (0.783 seconds):
INFO:root:COST >> 0.0151 +/- 0.0009, % updates: 0.945%
INFO:root:-- EPOCH 297 (0.805 seconds):
INFO:root:COST >> 0.0158 +/- 0.001, % updates: 0.943%
INFO:root:-- EPOCH 298 (0.782 seconds):
INFO:root:COST >> 0.016 +/- 0.0011, % updates: 0.97%
INFO:root:-- EPOCH 299 (0.836 seconds):
INFO:root:COST >> 0.0162 +/- 0.0007, % updates: 0.981%
INFO:root:-- EPOCH 300 (0.753 seconds):
INFO:root:COST >> 0.0158 +/- 0.0009, % updates: 0.962%
INFO:root:### MICRO (raw valid):
INFO:root:	-- left   >> mean: 418.1014, median: 4.0, hits@10: 72.06%
INFO:root:	-- right  >> mean: 413.3048, median: 4.0, hits@10: 72.82%
INFO:root:	-- global >> mean: 415.7031, median: 4.0, hits@10: 72.44%
INFO:root:### MACRO (raw valid):
INFO:root:	-- left   >> mean: 413.49834, median: 113.05556, hits@10: 61.556%
INFO:root:	-- right  >> mean: 376.11972, median: 30.41667, hits@10: 63.003%
INFO:root:	-- global >> mean: 394.80903, median: 54.44444, hits@10: 62.279%
INFO:root:### MICRO (filtered valid):
INFO:root:	-- left   >> mean: 416.0724, median: 3.0, hits@10: 73.3%
INFO:root:	-- right  >> mean: 411.2868, median: 3.0, hits@10: 73.98%
INFO:root:	-- global >> mean: 413.6796, median: 3.0, hits@10: 73.64%
INFO:root:### MACRO (filtered valid):
INFO:root:	-- left   >> mean: 412.20227, median: 112.30556, hits@10: 61.92%
INFO:root:	-- right  >> mean: 375.10135, median: 30.19444, hits@10: 63.413%
INFO:root:	-- global >> mean: 393.65181, median: 54.36111, hits@10: 62.666%
INFO:root:### MICRO (raw test):
INFO:root:	-- left   >> mean: 327.4322, median: 4.0, hits@1: 21.66%
INFO:root:	-- right  >> mean: 335.5404, median: 3.0, hits@1: 23.82%
INFO:root:	-- global >> mean: 331.4863, median: 4.0, hits@1: 22.74%
INFO:root:### MACRO (raw test):
INFO:root:	-- left   >> mean: 334.924, median: 75.36111, hits@1: 31.208%
INFO:root:	-- right  >> mean: 387.82179, median: 108.30556, hits@1: 32.68%
INFO:root:	-- global >> mean: 361.37289, median: 81.36111, hits@1: 31.944%
INFO:root:### MICRO (raw test):
INFO:root:	-- left   >> mean: 327.4322, median: 4.0, hits@3: 47.54%
INFO:root:	-- right  >> mean: 335.5404, median: 3.0, hits@3: 50.7%
INFO:root:	-- global >> mean: 331.4863, median: 4.0, hits@3: 49.12%
INFO:root:### MACRO (raw test):
INFO:root:	-- left   >> mean: 334.924, median: 75.36111, hits@3: 45.911%
INFO:root:	-- right  >> mean: 387.82179, median: 108.30556, hits@3: 48.795%
INFO:root:	-- global >> mean: 361.37289, median: 81.36111, hits@3: 47.353%
INFO:root:### MICRO (raw test):
INFO:root:	-- left   >> mean: 327.4322, median: 4.0, hits@10: 71.18%
INFO:root:	-- right  >> mean: 335.5404, median: 3.0, hits@10: 73.28%
INFO:root:	-- global >> mean: 331.4863, median: 4.0, hits@10: 72.23%
INFO:root:### MACRO (raw test):
INFO:root:	-- left   >> mean: 334.924, median: 75.36111, hits@10: 59.228%
INFO:root:	-- right  >> mean: 387.82179, median: 108.30556, hits@10: 61.932%
INFO:root:	-- global >> mean: 361.37289, median: 81.36111, hits@10: 60.58%
INFO:root:### MICRO (filtered test):
INFO:root:	-- left   >> mean: 325.3088, median: 4.0, hits@1: 22.06%
INFO:root:	-- right  >> mean: 333.805, median: 3.0, hits@1: 24.18%
INFO:root:	-- global >> mean: 329.5569, median: 3.0, hits@1: 23.12%
INFO:root:### MACRO (filtered test):
INFO:root:	-- left   >> mean: 333.66991, median: 75.02778, hits@1: 31.359%
INFO:root:	-- right  >> mean: 386.62627, median: 107.94444, hits@1: 32.856%
INFO:root:	-- global >> mean: 360.14809, median: 81.36111, hits@1: 32.108%
INFO:root:### MICRO (filtered test):
INFO:root:	-- left   >> mean: 325.3088, median: 4.0, hits@3: 48.96%
INFO:root:	-- right  >> mean: 333.805, median: 3.0, hits@3: 52.2%
INFO:root:	-- global >> mean: 329.5569, median: 3.0, hits@3: 50.58%
INFO:root:### MACRO (filtered test):
INFO:root:	-- left   >> mean: 333.66991, median: 75.02778, hits@3: 46.248%
INFO:root:	-- right  >> mean: 386.62627, median: 107.94444, hits@3: 49.314%
INFO:root:	-- global >> mean: 360.14809, median: 81.36111, hits@3: 47.781%
INFO:root:### MICRO (filtered test):
INFO:root:	-- left   >> mean: 325.3088, median: 4.0, hits@10: 72.72%
INFO:root:	-- right  >> mean: 333.805, median: 3.0, hits@10: 74.26%
INFO:root:	-- global >> mean: 329.5569, median: 3.0, hits@10: 73.49%
INFO:root:### MACRO (filtered test):
INFO:root:	-- left   >> mean: 333.66991, median: 75.02778, hits@10: 59.678%
INFO:root:	-- right  >> mean: 386.62627, median: 107.94444, hits@10: 62.345%
INFO:root:	-- global >> mean: 360.14809, median: 81.36111, hits@10: 61.012%
INFO:root:### MICRO (raw test):
INFO:root:	-- global >> mean: 1.247, median: 1.0, hits@1: 90.32%
INFO:root:### MICRO (raw test):
INFO:root:	-- global >> mean: 1.247, median: 1.0, hits@3: 97.96%
INFO:root:### MICRO (raw test):
INFO:root:	-- global >> mean: 1.247, median: 1.0, hits@10: 99.44%
INFO:root:### MICRO (filtered test):
INFO:root:	-- global >> mean: 1.244, median: 1.0, hits@1: 90.46%
INFO:root:### MICRO (filtered test):
INFO:root:	-- global >> mean: 1.244, median: 1.0, hits@3: 97.98%
INFO:root:### MICRO (filtered test):
INFO:root:	-- global >> mean: 1.244, median: 1.0, hits@10: 99.44%
INFO:root:-- EPOCH 301 (4.54 seconds):
INFO:root:COST >> 0.0155 +/- 0.0005, % updates: 0.913%
INFO:root:-- EPOCH 302 (0.977 seconds):
INFO:root:COST >> 0.0152 +/- 0.0007, % updates: 0.949%
INFO:root:-- EPOCH 303 (0.78 seconds):
INFO:root:COST >> 0.0153 +/- 0.001, % updates: 0.946%
INFO:root:-- EPOCH 304 (0.761 seconds):
INFO:root:COST >> 0.0159 +/- 0.0013, % updates: 0.96%
INFO:root:-- EPOCH 305 (0.752 seconds):
INFO:root:COST >> 0.0155 +/- 0.0006, % updates: 0.962%
INFO:root:-- EPOCH 306 (0.754 seconds):
INFO:root:COST >> 0.0158 +/- 0.001, % updates: 0.955%
INFO:root:-- EPOCH 307 (0.745 seconds):
INFO:root:COST >> 0.0152 +/- 0.0011, % updates: 0.937%
INFO:root:-- EPOCH 308 (0.741 seconds):
INFO:root:COST >> 0.0157 +/- 0.0008, % updates: 0.958%
INFO:root:-- EPOCH 309 (0.764 seconds):
INFO:root:COST >> 0.0151 +/- 0.0013, % updates: 0.942%
INFO:root:-- EPOCH 310 (0.744 seconds):
INFO:root:COST >> 0.0155 +/- 0.0011, % updates: 0.954%
INFO:root:-- EPOCH 311 (0.777 seconds):
INFO:root:COST >> 0.016 +/- 0.0012, % updates: 0.97%
INFO:root:-- EPOCH 312 (0.744 seconds):
INFO:root:COST >> 0.0163 +/- 0.001, % updates: 0.967%
INFO:root:-- EPOCH 313 (0.752 seconds):
INFO:root:COST >> 0.0155 +/- 0.0008, % updates: 0.957%
INFO:root:-- EPOCH 314 (0.742 seconds):
INFO:root:COST >> 0.0154 +/- 0.0008, % updates: 0.946%
INFO:root:-- EPOCH 315 (0.742 seconds):
INFO:root:COST >> 0.0159 +/- 0.0008, % updates: 0.981%
INFO:root:-- EPOCH 316 (0.715 seconds):
INFO:root:COST >> 0.0156 +/- 0.0006, % updates: 0.955%
INFO:root:-- EPOCH 317 (0.743 seconds):
INFO:root:COST >> 0.0159 +/- 0.0008, % updates: 0.971%
INFO:root:-- EPOCH 318 (0.708 seconds):
INFO:root:COST >> 0.0158 +/- 0.001, % updates: 0.947%
INFO:root:-- EPOCH 319 (0.745 seconds):
INFO:root:COST >> 0.0151 +/- 0.0008, % updates: 0.949%
INFO:root:-- EPOCH 320 (0.746 seconds):
INFO:root:COST >> 0.0159 +/- 0.0008, % updates: 0.963%
INFO:root:-- EPOCH 321 (0.759 seconds):
INFO:root:COST >> 0.0149 +/- 0.0011, % updates: 0.925%
INFO:root:-- EPOCH 322 (0.766 seconds):
INFO:root:COST >> 0.0148 +/- 0.0008, % updates: 0.925%
INFO:root:-- EPOCH 323 (0.721 seconds):
INFO:root:COST >> 0.0158 +/- 0.0008, % updates: 0.974%
INFO:root:-- EPOCH 324 (0.749 seconds):
INFO:root:COST >> 0.0151 +/- 0.0011, % updates: 0.953%
INFO:root:-- EPOCH 325 (0.764 seconds):
INFO:root:COST >> 0.0151 +/- 0.0007, % updates: 0.943%
INFO:root:-- EPOCH 326 (0.762 seconds):
INFO:root:COST >> 0.0154 +/- 0.0011, % updates: 0.946%
INFO:root:-- EPOCH 327 (0.767 seconds):
INFO:root:COST >> 0.0151 +/- 0.0012, % updates: 0.932%
INFO:root:-- EPOCH 328 (0.745 seconds):
INFO:root:COST >> 0.0152 +/- 0.0009, % updates: 0.933%
INFO:root:-- EPOCH 329 (0.751 seconds):
INFO:root:COST >> 0.0156 +/- 0.0009, % updates: 0.949%
INFO:root:-- EPOCH 330 (0.791 seconds):
INFO:root:COST >> 0.0156 +/- 0.0008, % updates: 0.945%
INFO:root:-- EPOCH 331 (0.788 seconds):
INFO:root:COST >> 0.015 +/- 0.0006, % updates: 0.931%
INFO:root:-- EPOCH 332 (0.789 seconds):
INFO:root:COST >> 0.0153 +/- 0.0004, % updates: 0.945%
INFO:root:-- EPOCH 333 (0.764 seconds):
INFO:root:COST >> 0.015 +/- 0.001, % updates: 0.929%
INFO:root:-- EPOCH 334 (0.8 seconds):
INFO:root:COST >> 0.0155 +/- 0.0006, % updates: 0.921%
INFO:root:-- EPOCH 335 (0.783 seconds):
INFO:root:COST >> 0.0151 +/- 0.0014, % updates: 0.922%
INFO:root:-- EPOCH 336 (0.811 seconds):
INFO:root:COST >> 0.0153 +/- 0.001, % updates: 0.93%
INFO:root:-- EPOCH 337 (0.776 seconds):
INFO:root:COST >> 0.0155 +/- 0.001, % updates: 0.929%
INFO:root:-- EPOCH 338 (0.792 seconds):
INFO:root:COST >> 0.0156 +/- 0.0007, % updates: 0.953%
INFO:root:-- EPOCH 339 (0.801 seconds):
INFO:root:COST >> 0.0157 +/- 0.0007, % updates: 0.94%
INFO:root:-- EPOCH 340 (0.764 seconds):
INFO:root:COST >> 0.0153 +/- 0.0008, % updates: 0.914%
INFO:root:-- EPOCH 341 (0.765 seconds):
INFO:root:COST >> 0.0151 +/- 0.0008, % updates: 0.928%
INFO:root:-- EPOCH 342 (0.805 seconds):
INFO:root:COST >> 0.0156 +/- 0.001, % updates: 0.929%
INFO:root:-- EPOCH 343 (0.804 seconds):
INFO:root:COST >> 0.0155 +/- 0.001, % updates: 0.922%
INFO:root:-- EPOCH 344 (0.796 seconds):
INFO:root:COST >> 0.015 +/- 0.001, % updates: 0.903%
INFO:root:-- EPOCH 345 (0.81 seconds):
INFO:root:COST >> 0.0155 +/- 0.0011, % updates: 0.933%
INFO:root:-- EPOCH 346 (0.76 seconds):
INFO:root:COST >> 0.0149 +/- 0.0009, % updates: 0.919%
INFO:root:-- EPOCH 347 (0.816 seconds):
INFO:root:COST >> 0.015 +/- 0.0004, % updates: 0.925%
INFO:root:-- EPOCH 348 (0.739 seconds):
INFO:root:COST >> 0.0151 +/- 0.0003, % updates: 0.911%
INFO:root:-- EPOCH 349 (0.759 seconds):
INFO:root:COST >> 0.0156 +/- 0.0007, % updates: 0.944%
INFO:root:-- EPOCH 350 (0.731 seconds):
INFO:root:COST >> 0.0156 +/- 0.0006, % updates: 0.929%
INFO:root:-- EPOCH 351 (0.773 seconds):
INFO:root:COST >> 0.015 +/- 0.001, % updates: 0.912%
INFO:root:-- EPOCH 352 (0.807 seconds):
INFO:root:COST >> 0.0153 +/- 0.0006, % updates: 0.921%
INFO:root:-- EPOCH 353 (0.784 seconds):
INFO:root:COST >> 0.0148 +/- 0.0008, % updates: 0.911%
INFO:root:-- EPOCH 354 (0.768 seconds):
INFO:root:COST >> 0.015 +/- 0.0006, % updates: 0.911%
INFO:root:-- EPOCH 355 (0.751 seconds):
INFO:root:COST >> 0.0152 +/- 0.0009, % updates: 0.911%
INFO:root:-- EPOCH 356 (0.777 seconds):
INFO:root:COST >> 0.0153 +/- 0.0012, % updates: 0.933%
INFO:root:-- EPOCH 357 (0.811 seconds):
INFO:root:COST >> 0.015 +/- 0.001, % updates: 0.914%
INFO:root:-- EPOCH 358 (0.808 seconds):
INFO:root:COST >> 0.0153 +/- 0.0006, % updates: 0.937%
INFO:root:-- EPOCH 359 (0.812 seconds):
INFO:root:COST >> 0.0152 +/- 0.0008, % updates: 0.915%
INFO:root:-- EPOCH 360 (0.82 seconds):
INFO:root:COST >> 0.0155 +/- 0.0008, % updates: 0.916%
INFO:root:-- EPOCH 361 (0.79 seconds):
INFO:root:COST >> 0.0153 +/- 0.0009, % updates: 0.917%
INFO:root:-- EPOCH 362 (0.817 seconds):
INFO:root:COST >> 0.0158 +/- 0.0008, % updates: 0.917%
INFO:root:-- EPOCH 363 (0.774 seconds):
INFO:root:COST >> 0.0147 +/- 0.0008, % updates: 0.919%
INFO:root:-- EPOCH 364 (0.809 seconds):
INFO:root:COST >> 0.0154 +/- 0.0012, % updates: 0.927%
INFO:root:-- EPOCH 365 (0.778 seconds):
INFO:root:COST >> 0.015 +/- 0.0006, % updates: 0.933%
INFO:root:-- EPOCH 366 (0.807 seconds):
INFO:root:COST >> 0.015 +/- 0.0008, % updates: 0.915%
INFO:root:-- EPOCH 367 (0.776 seconds):
INFO:root:COST >> 0.0155 +/- 0.0012, % updates: 0.927%
INFO:root:-- EPOCH 368 (0.762 seconds):
INFO:root:COST >> 0.0152 +/- 0.0007, % updates: 0.909%
INFO:root:-- EPOCH 369 (0.768 seconds):
INFO:root:COST >> 0.0152 +/- 0.0008, % updates: 0.945%
INFO:root:-- EPOCH 370 (0.81 seconds):
INFO:root:COST >> 0.0148 +/- 0.0005, % updates: 0.885%
INFO:root:-- EPOCH 371 (0.746 seconds):
INFO:root:COST >> 0.0152 +/- 0.0012, % updates: 0.922%
INFO:root:-- EPOCH 372 (0.813 seconds):
INFO:root:COST >> 0.0151 +/- 0.001, % updates: 0.92%
INFO:root:-- EPOCH 373 (0.78 seconds):
INFO:root:COST >> 0.0148 +/- 0.0011, % updates: 0.902%
INFO:root:-- EPOCH 374 (0.759 seconds):
INFO:root:COST >> 0.0149 +/- 0.0011, % updates: 0.924%
INFO:root:-- EPOCH 375 (0.811 seconds):
INFO:root:COST >> 0.0151 +/- 0.0014, % updates: 0.908%
INFO:root:-- EPOCH 376 (0.738 seconds):
INFO:root:COST >> 0.015 +/- 0.0006, % updates: 0.921%
INFO:root:-- EPOCH 377 (0.756 seconds):
INFO:root:COST >> 0.015 +/- 0.0012, % updates: 0.916%
INFO:root:-- EPOCH 378 (0.748 seconds):
INFO:root:COST >> 0.0144 +/- 0.001, % updates: 0.886%
INFO:root:-- EPOCH 379 (0.761 seconds):
INFO:root:COST >> 0.0147 +/- 0.0006, % updates: 0.888%
INFO:root:-- EPOCH 380 (0.805 seconds):
INFO:root:COST >> 0.015 +/- 0.0007, % updates: 0.904%
INFO:root:-- EPOCH 381 (0.79 seconds):
INFO:root:COST >> 0.0149 +/- 0.001, % updates: 0.914%
INFO:root:-- EPOCH 382 (0.755 seconds):
INFO:root:COST >> 0.0149 +/- 0.0006, % updates: 0.902%
INFO:root:-- EPOCH 383 (0.772 seconds):
INFO:root:COST >> 0.0149 +/- 0.0007, % updates: 0.909%
INFO:root:-- EPOCH 384 (0.807 seconds):
INFO:root:COST >> 0.0148 +/- 0.0008, % updates: 0.905%
INFO:root:-- EPOCH 385 (0.763 seconds):
INFO:root:COST >> 0.0152 +/- 0.0009, % updates: 0.895%
INFO:root:-- EPOCH 386 (0.792 seconds):
INFO:root:COST >> 0.0143 +/- 0.0009, % updates: 0.894%
INFO:root:-- EPOCH 387 (0.775 seconds):
INFO:root:COST >> 0.0147 +/- 0.0013, % updates: 0.917%
INFO:root:-- EPOCH 388 (0.793 seconds):
INFO:root:COST >> 0.0154 +/- 0.0012, % updates: 0.907%
INFO:root:-- EPOCH 389 (0.776 seconds):
INFO:root:COST >> 0.015 +/- 0.0008, % updates: 0.911%
INFO:root:-- EPOCH 390 (0.785 seconds):
INFO:root:COST >> 0.015 +/- 0.0014, % updates: 0.909%
INFO:root:-- EPOCH 391 (0.787 seconds):
INFO:root:COST >> 0.0151 +/- 0.0008, % updates: 0.911%
INFO:root:-- EPOCH 392 (0.758 seconds):
INFO:root:COST >> 0.0147 +/- 0.001, % updates: 0.905%
INFO:root:-- EPOCH 393 (0.761 seconds):
INFO:root:COST >> 0.0147 +/- 0.0009, % updates: 0.9%
INFO:root:-- EPOCH 394 (0.74 seconds):
INFO:root:COST >> 0.0151 +/- 0.001, % updates: 0.913%
INFO:root:-- EPOCH 395 (0.782 seconds):
INFO:root:COST >> 0.0146 +/- 0.0011, % updates: 0.886%
INFO:root:-- EPOCH 396 (0.751 seconds):
INFO:root:COST >> 0.0146 +/- 0.0007, % updates: 0.877%
INFO:root:-- EPOCH 397 (0.817 seconds):
INFO:root:COST >> 0.015 +/- 0.0008, % updates: 0.922%
INFO:root:-- EPOCH 398 (0.773 seconds):
INFO:root:COST >> 0.0152 +/- 0.0009, % updates: 0.925%
INFO:root:-- EPOCH 399 (0.819 seconds):
INFO:root:COST >> 0.0149 +/- 0.0009, % updates: 0.917%
INFO:root:-- EPOCH 400 (0.784 seconds):
INFO:root:COST >> 0.0148 +/- 0.0009, % updates: 0.88%
INFO:root:### MICRO (raw valid):
INFO:root:	-- left   >> mean: 427.9472, median: 4.0, hits@10: 73.3%
INFO:root:	-- right  >> mean: 420.0442, median: 3.0, hits@10: 73.6%
INFO:root:	-- global >> mean: 423.9957, median: 4.0, hits@10: 73.45%
INFO:root:### MACRO (raw valid):
INFO:root:	-- left   >> mean: 433.22564, median: 68.61111, hits@10: 62.375%
INFO:root:	-- right  >> mean: 376.74659, median: 30.27778, hits@10: 64.34%
INFO:root:	-- global >> mean: 404.98611, median: 39.44444, hits@10: 63.357%
INFO:root:### MICRO (filtered valid):
INFO:root:	-- left   >> mean: 425.8812, median: 3.0, hits@10: 74.5%
INFO:root:	-- right  >> mean: 417.9792, median: 3.0, hits@10: 74.82%
INFO:root:	-- global >> mean: 421.9302, median: 3.0, hits@10: 74.66%
INFO:root:### MACRO (filtered valid):
INFO:root:	-- left   >> mean: 431.92249, median: 68.13889, hits@10: 62.802%
INFO:root:	-- right  >> mean: 375.70013, median: 30.08333, hits@10: 64.704%
INFO:root:	-- global >> mean: 403.81131, median: 39.44444, hits@10: 63.753%
INFO:root:### MICRO (raw test):
INFO:root:	-- left   >> mean: 325.3722, median: 4.0, hits@1: 23.02%
INFO:root:	-- right  >> mean: 335.2554, median: 3.0, hits@1: 24.44%
INFO:root:	-- global >> mean: 330.3138, median: 3.0, hits@1: 23.73%
INFO:root:### MACRO (raw test):
INFO:root:	-- left   >> mean: 345.85077, median: 49.69444, hits@1: 31.933%
INFO:root:	-- right  >> mean: 392.83126, median: 142.11111, hits@1: 31.709%
INFO:root:	-- global >> mean: 369.34102, median: 85.47222, hits@1: 31.821%
INFO:root:### MICRO (raw test):
INFO:root:	-- left   >> mean: 325.3722, median: 4.0, hits@3: 49.06%
INFO:root:	-- right  >> mean: 335.2554, median: 3.0, hits@3: 51.18%
INFO:root:	-- global >> mean: 330.3138, median: 3.0, hits@3: 50.12%
INFO:root:### MACRO (raw test):
INFO:root:	-- left   >> mean: 345.85077, median: 49.69444, hits@3: 46.744%
INFO:root:	-- right  >> mean: 392.83126, median: 142.11111, hits@3: 47.756%
INFO:root:	-- global >> mean: 369.34102, median: 85.47222, hits@3: 47.25%
INFO:root:### MICRO (raw test):
INFO:root:	-- left   >> mean: 325.3722, median: 4.0, hits@10: 72.3%
INFO:root:	-- right  >> mean: 335.2554, median: 3.0, hits@10: 74.1%
INFO:root:	-- global >> mean: 330.3138, median: 3.0, hits@10: 73.2%
INFO:root:### MACRO (raw test):
INFO:root:	-- left   >> mean: 345.85077, median: 49.69444, hits@10: 61.07%
INFO:root:	-- right  >> mean: 392.83126, median: 142.11111, hits@10: 63.504%
INFO:root:	-- global >> mean: 369.34102, median: 85.47222, hits@10: 62.287%
INFO:root:### MICRO (filtered test):
INFO:root:	-- left   >> mean: 323.2584, median: 3.0, hits@1: 23.52%
INFO:root:	-- right  >> mean: 333.5538, median: 3.0, hits@1: 24.84%
INFO:root:	-- global >> mean: 328.4061, median: 3.0, hits@1: 24.18%
INFO:root:### MACRO (filtered test):
INFO:root:	-- left   >> mean: 344.51739, median: 49.5, hits@1: 32.227%
INFO:root:	-- right  >> mean: 391.60716, median: 141.72222, hits@1: 31.902%
INFO:root:	-- global >> mean: 368.06228, median: 85.44444, hits@1: 32.065%
INFO:root:### MICRO (filtered test):
INFO:root:	-- left   >> mean: 323.2584, median: 3.0, hits@3: 50.44%
INFO:root:	-- right  >> mean: 333.5538, median: 3.0, hits@3: 52.7%
INFO:root:	-- global >> mean: 328.4061, median: 3.0, hits@3: 51.57%
INFO:root:### MACRO (filtered test):
INFO:root:	-- left   >> mean: 344.51739, median: 49.5, hits@3: 47.232%
INFO:root:	-- right  >> mean: 391.60716, median: 141.72222, hits@3: 48.163%
INFO:root:	-- global >> mean: 368.06228, median: 85.44444, hits@3: 47.697%
INFO:root:### MICRO (filtered test):
INFO:root:	-- left   >> mean: 323.2584, median: 3.0, hits@10: 73.96%
INFO:root:	-- right  >> mean: 333.5538, median: 3.0, hits@10: 75.62%
INFO:root:	-- global >> mean: 328.4061, median: 3.0, hits@10: 74.79%
INFO:root:### MACRO (filtered test):
INFO:root:	-- left   >> mean: 344.51739, median: 49.5, hits@10: 61.638%
INFO:root:	-- right  >> mean: 391.60716, median: 141.72222, hits@10: 64.075%
INFO:root:	-- global >> mean: 368.06228, median: 85.44444, hits@10: 62.856%
INFO:root:### MICRO (raw test):
INFO:root:	-- global >> mean: 1.2414, median: 1.0, hits@1: 90.7%
INFO:root:### MICRO (raw test):
INFO:root:	-- global >> mean: 1.2414, median: 1.0, hits@3: 98.02%
INFO:root:### MICRO (raw test):
INFO:root:	-- global >> mean: 1.2414, median: 1.0, hits@10: 99.56%
INFO:root:### MICRO (filtered test):
INFO:root:	-- global >> mean: 1.238, median: 1.0, hits@1: 90.86%
INFO:root:### MICRO (filtered test):
INFO:root:	-- global >> mean: 1.238, median: 1.0, hits@3: 98.08%
INFO:root:### MICRO (filtered test):
INFO:root:	-- global >> mean: 1.238, median: 1.0, hits@10: 99.56%
INFO:root:-- EPOCH 401 (0.768 seconds):
INFO:root:COST >> 0.0145 +/- 0.0011, % updates: 0.89%
INFO:root:-- EPOCH 402 (0.729 seconds):
INFO:root:COST >> 0.0155 +/- 0.0009, % updates: 0.929%
INFO:root:-- EPOCH 403 (0.758 seconds):
INFO:root:COST >> 0.0151 +/- 0.0013, % updates: 0.9%
INFO:root:-- EPOCH 404 (0.736 seconds):
INFO:root:COST >> 0.0145 +/- 0.0007, % updates: 0.889%
INFO:root:-- EPOCH 405 (0.767 seconds):
INFO:root:COST >> 0.0147 +/- 0.0008, % updates: 0.897%
INFO:root:-- EPOCH 406 (0.74 seconds):
INFO:root:COST >> 0.0151 +/- 0.0008, % updates: 0.912%
INFO:root:-- EPOCH 407 (0.776 seconds):
INFO:root:COST >> 0.0153 +/- 0.0009, % updates: 0.921%
INFO:root:-- EPOCH 408 (0.744 seconds):
INFO:root:COST >> 0.0148 +/- 0.0007, % updates: 0.896%
INFO:root:-- EPOCH 409 (0.785 seconds):
INFO:root:COST >> 0.015 +/- 0.0008, % updates: 0.892%
INFO:root:-- EPOCH 410 (0.754 seconds):
INFO:root:COST >> 0.0147 +/- 0.0009, % updates: 0.88%
INFO:root:-- EPOCH 411 (0.776 seconds):
INFO:root:COST >> 0.015 +/- 0.0006, % updates: 0.893%
INFO:root:-- EPOCH 412 (0.748 seconds):
INFO:root:COST >> 0.0148 +/- 0.001, % updates: 0.903%
INFO:root:-- EPOCH 413 (0.774 seconds):
INFO:root:COST >> 0.0148 +/- 0.0012, % updates: 0.883%
INFO:root:-- EPOCH 414 (0.744 seconds):
INFO:root:COST >> 0.0154 +/- 0.0005, % updates: 0.912%
INFO:root:-- EPOCH 415 (0.773 seconds):
INFO:root:COST >> 0.015 +/- 0.0005, % updates: 0.899%
INFO:root:-- EPOCH 416 (0.746 seconds):
INFO:root:COST >> 0.015 +/- 0.001, % updates: 0.901%
INFO:root:-- EPOCH 417 (0.782 seconds):
INFO:root:COST >> 0.0146 +/- 0.0008, % updates: 0.892%
INFO:root:-- EPOCH 418 (0.747 seconds):
INFO:root:COST >> 0.0148 +/- 0.001, % updates: 0.883%
INFO:root:-- EPOCH 419 (0.776 seconds):
INFO:root:COST >> 0.0146 +/- 0.0009, % updates: 0.883%
INFO:root:-- EPOCH 420 (0.742 seconds):
INFO:root:COST >> 0.0148 +/- 0.0013, % updates: 0.88%
INFO:root:-- EPOCH 421 (0.768 seconds):
INFO:root:COST >> 0.0147 +/- 0.0007, % updates: 0.894%
INFO:root:-- EPOCH 422 (0.725 seconds):
INFO:root:COST >> 0.0149 +/- 0.001, % updates: 0.887%
INFO:root:-- EPOCH 423 (0.744 seconds):
INFO:root:COST >> 0.0144 +/- 0.0007, % updates: 0.871%
INFO:root:-- EPOCH 424 (0.754 seconds):
INFO:root:COST >> 0.0153 +/- 0.0009, % updates: 0.893%
INFO:root:-- EPOCH 425 (0.748 seconds):
INFO:root:COST >> 0.0153 +/- 0.0013, % updates: 0.915%
INFO:root:-- EPOCH 426 (0.708 seconds):
INFO:root:COST >> 0.0147 +/- 0.0011, % updates: 0.896%
INFO:root:-- EPOCH 427 (0.704 seconds):
INFO:root:COST >> 0.0139 +/- 0.0008, % updates: 0.861%
INFO:root:-- EPOCH 428 (0.714 seconds):
INFO:root:COST >> 0.0144 +/- 0.0011, % updates: 0.872%
INFO:root:-- EPOCH 429 (0.719 seconds):
INFO:root:COST >> 0.0145 +/- 0.0007, % updates: 0.901%
INFO:root:-- EPOCH 430 (0.81 seconds):
INFO:root:COST >> 0.0143 +/- 0.0009, % updates: 0.884%
INFO:root:-- EPOCH 431 (0.794 seconds):
INFO:root:COST >> 0.0144 +/- 0.001, % updates: 0.875%
INFO:root:-- EPOCH 432 (0.793 seconds):
INFO:root:COST >> 0.0144 +/- 0.0008, % updates: 0.866%
INFO:root:-- EPOCH 433 (0.822 seconds):
INFO:root:COST >> 0.0147 +/- 0.0012, % updates: 0.886%
INFO:root:-- EPOCH 434 (0.824 seconds):
INFO:root:COST >> 0.0145 +/- 0.0006, % updates: 0.879%
INFO:root:-- EPOCH 435 (0.851 seconds):
INFO:root:COST >> 0.015 +/- 0.001, % updates: 0.9%
INFO:root:-- EPOCH 436 (0.806 seconds):
INFO:root:COST >> 0.0149 +/- 0.0007, % updates: 0.904%
INFO:root:-- EPOCH 437 (0.765 seconds):
INFO:root:COST >> 0.0145 +/- 0.001, % updates: 0.882%
INFO:root:-- EPOCH 438 (0.772 seconds):
INFO:root:COST >> 0.0153 +/- 0.0009, % updates: 0.911%
INFO:root:-- EPOCH 439 (0.814 seconds):
INFO:root:COST >> 0.0146 +/- 0.0008, % updates: 0.88%
INFO:root:-- EPOCH 440 (0.809 seconds):
INFO:root:COST >> 0.0146 +/- 0.001, % updates: 0.878%
INFO:root:-- EPOCH 441 (0.803 seconds):
INFO:root:COST >> 0.0144 +/- 0.0009, % updates: 0.867%
INFO:root:-- EPOCH 442 (0.794 seconds):
INFO:root:COST >> 0.0146 +/- 0.0012, % updates: 0.902%
INFO:root:-- EPOCH 443 (0.8 seconds):
INFO:root:COST >> 0.0151 +/- 0.0009, % updates: 0.886%
INFO:root:-- EPOCH 444 (0.797 seconds):
INFO:root:COST >> 0.0147 +/- 0.0006, % updates: 0.887%
INFO:root:-- EPOCH 445 (0.818 seconds):
INFO:root:COST >> 0.0146 +/- 0.0009, % updates: 0.879%
INFO:root:-- EPOCH 446 (0.809 seconds):
INFO:root:COST >> 0.0147 +/- 0.0009, % updates: 0.873%
INFO:root:-- EPOCH 447 (0.784 seconds):
INFO:root:COST >> 0.0145 +/- 0.0008, % updates: 0.884%
INFO:root:-- EPOCH 448 (0.749 seconds):
INFO:root:COST >> 0.0144 +/- 0.0009, % updates: 0.885%
INFO:root:-- EPOCH 449 (0.781 seconds):
INFO:root:COST >> 0.0146 +/- 0.001, % updates: 0.885%
INFO:root:-- EPOCH 450 (0.788 seconds):
INFO:root:COST >> 0.0146 +/- 0.001, % updates: 0.879%
INFO:root:-- EPOCH 451 (0.814 seconds):
INFO:root:COST >> 0.0144 +/- 0.0008, % updates: 0.861%
INFO:root:-- EPOCH 452 (0.788 seconds):
INFO:root:COST >> 0.0153 +/- 0.0011, % updates: 0.883%
INFO:root:-- EPOCH 453 (0.817 seconds):
INFO:root:COST >> 0.0147 +/- 0.0006, % updates: 0.882%
INFO:root:-- EPOCH 454 (0.786 seconds):
INFO:root:COST >> 0.0145 +/- 0.0007, % updates: 0.875%
INFO:root:-- EPOCH 455 (0.826 seconds):
INFO:root:COST >> 0.0146 +/- 0.0007, % updates: 0.871%
INFO:root:-- EPOCH 456 (0.799 seconds):
INFO:root:COST >> 0.0143 +/- 0.0007, % updates: 0.856%
INFO:root:-- EPOCH 457 (0.822 seconds):
INFO:root:COST >> 0.0149 +/- 0.0013, % updates: 0.888%
INFO:root:-- EPOCH 458 (0.768 seconds):
INFO:root:COST >> 0.0149 +/- 0.0006, % updates: 0.874%
INFO:root:-- EPOCH 459 (0.816 seconds):
INFO:root:COST >> 0.0143 +/- 0.0008, % updates: 0.854%
INFO:root:-- EPOCH 460 (0.776 seconds):
INFO:root:COST >> 0.0147 +/- 0.001, % updates: 0.881%
INFO:root:-- EPOCH 461 (0.787 seconds):
INFO:root:COST >> 0.0148 +/- 0.0011, % updates: 0.882%
INFO:root:-- EPOCH 462 (0.787 seconds):
INFO:root:COST >> 0.0147 +/- 0.001, % updates: 0.892%
INFO:root:-- EPOCH 463 (0.798 seconds):
INFO:root:COST >> 0.0143 +/- 0.0009, % updates: 0.868%
INFO:root:-- EPOCH 464 (0.834 seconds):
INFO:root:COST >> 0.0148 +/- 0.0008, % updates: 0.896%
INFO:root:-- EPOCH 465 (0.765 seconds):
INFO:root:COST >> 0.0146 +/- 0.0008, % updates: 0.87%
INFO:root:-- EPOCH 466 (0.819 seconds):
INFO:root:COST >> 0.0143 +/- 0.0009, % updates: 0.878%
INFO:root:-- EPOCH 467 (0.821 seconds):
INFO:root:COST >> 0.0147 +/- 0.0008, % updates: 0.882%
INFO:root:-- EPOCH 468 (0.793 seconds):
INFO:root:COST >> 0.0141 +/- 0.0012, % updates: 0.845%
INFO:root:-- EPOCH 469 (0.834 seconds):
INFO:root:COST >> 0.0141 +/- 0.0009, % updates: 0.861%
INFO:root:-- EPOCH 470 (0.843 seconds):
INFO:root:COST >> 0.0151 +/- 0.0008, % updates: 0.891%
INFO:root:-- EPOCH 471 (0.817 seconds):
INFO:root:COST >> 0.0144 +/- 0.0006, % updates: 0.87%
INFO:root:-- EPOCH 472 (0.812 seconds):
INFO:root:COST >> 0.0148 +/- 0.0008, % updates: 0.865%
INFO:root:-- EPOCH 473 (0.817 seconds):
INFO:root:COST >> 0.0142 +/- 0.0005, % updates: 0.872%
INFO:root:-- EPOCH 474 (0.776 seconds):
INFO:root:COST >> 0.0142 +/- 0.001, % updates: 0.869%
INFO:root:-- EPOCH 475 (0.8 seconds):
INFO:root:COST >> 0.0147 +/- 0.0006, % updates: 0.869%
INFO:root:-- EPOCH 476 (0.796 seconds):
INFO:root:COST >> 0.0148 +/- 0.0009, % updates: 0.892%
INFO:root:-- EPOCH 477 (0.834 seconds):
INFO:root:COST >> 0.0147 +/- 0.0006, % updates: 0.878%
INFO:root:-- EPOCH 478 (0.829 seconds):
INFO:root:COST >> 0.0143 +/- 0.0008, % updates: 0.846%
INFO:root:-- EPOCH 479 (0.794 seconds):
INFO:root:COST >> 0.0144 +/- 0.0011, % updates: 0.864%
INFO:root:-- EPOCH 480 (0.826 seconds):
INFO:root:COST >> 0.0144 +/- 0.001, % updates: 0.859%
INFO:root:-- EPOCH 481 (0.838 seconds):
INFO:root:COST >> 0.0152 +/- 0.0006, % updates: 0.896%
INFO:root:-- EPOCH 482 (0.836 seconds):
INFO:root:COST >> 0.0139 +/- 0.0007, % updates: 0.843%
INFO:root:-- EPOCH 483 (0.772 seconds):
INFO:root:COST >> 0.0143 +/- 0.0012, % updates: 0.843%
INFO:root:-- EPOCH 484 (0.833 seconds):
INFO:root:COST >> 0.0146 +/- 0.0007, % updates: 0.882%
INFO:root:-- EPOCH 485 (0.8 seconds):
INFO:root:COST >> 0.0148 +/- 0.0007, % updates: 0.871%
INFO:root:-- EPOCH 486 (0.826 seconds):
INFO:root:COST >> 0.0148 +/- 0.001, % updates: 0.875%
INFO:root:-- EPOCH 487 (0.818 seconds):
INFO:root:COST >> 0.0145 +/- 0.0005, % updates: 0.862%
INFO:root:-- EPOCH 488 (0.769 seconds):
INFO:root:COST >> 0.0145 +/- 0.0009, % updates: 0.854%
INFO:root:-- EPOCH 489 (0.855 seconds):
INFO:root:COST >> 0.0145 +/- 0.0008, % updates: 0.859%
INFO:root:-- EPOCH 490 (0.821 seconds):
INFO:root:COST >> 0.0143 +/- 0.0006, % updates: 0.866%
INFO:root:-- EPOCH 491 (0.818 seconds):
INFO:root:COST >> 0.0143 +/- 0.0008, % updates: 0.855%
INFO:root:-- EPOCH 492 (0.829 seconds):
INFO:root:COST >> 0.0145 +/- 0.001, % updates: 0.845%
INFO:root:-- EPOCH 493 (0.847 seconds):
INFO:root:COST >> 0.0141 +/- 0.0008, % updates: 0.852%
INFO:root:-- EPOCH 494 (0.78 seconds):
INFO:root:COST >> 0.0144 +/- 0.0009, % updates: 0.867%
INFO:root:-- EPOCH 495 (0.861 seconds):
INFO:root:COST >> 0.0144 +/- 0.0012, % updates: 0.856%
INFO:root:-- EPOCH 496 (0.809 seconds):
INFO:root:COST >> 0.0146 +/- 0.0009, % updates: 0.853%
INFO:root:-- EPOCH 497 (0.856 seconds):
INFO:root:COST >> 0.0146 +/- 0.0006, % updates: 0.849%
INFO:root:-- EPOCH 498 (0.787 seconds):
INFO:root:COST >> 0.0143 +/- 0.0006, % updates: 0.859%
INFO:root:-- EPOCH 499 (0.837 seconds):
INFO:root:COST >> 0.0148 +/- 0.0009, % updates: 0.855%
INFO:root:-- EPOCH 500 (0.778 seconds):
INFO:root:COST >> 0.0139 +/- 0.0009, % updates: 0.841%
INFO:root:### MICRO (raw valid):
INFO:root:	-- left   >> mean: 426.7278, median: 3.0, hits@10: 74.18%
INFO:root:	-- right  >> mean: 419.3774, median: 3.0, hits@10: 74.52%
INFO:root:	-- global >> mean: 423.0526, median: 3.0, hits@10: 74.35%
INFO:root:### MACRO (raw valid):
INFO:root:	-- left   >> mean: 402.32851, median: 73.47222, hits@10: 62.356%
INFO:root:	-- right  >> mean: 384.28574, median: 38.19444, hits@10: 64.629%
INFO:root:	-- global >> mean: 393.30713, median: 35.33333, hits@10: 63.493%
INFO:root:### MICRO (filtered valid):
INFO:root:	-- left   >> mean: 424.6688, median: 3.0, hits@10: 75.32%
INFO:root:	-- right  >> mean: 417.3016, median: 3.0, hits@10: 75.66%
INFO:root:	-- global >> mean: 420.9852, median: 3.0, hits@10: 75.49%
INFO:root:### MACRO (filtered valid):
INFO:root:	-- left   >> mean: 401.03827, median: 73.05556, hits@10: 62.734%
INFO:root:	-- right  >> mean: 383.1344, median: 37.91667, hits@10: 65.004%
INFO:root:	-- global >> mean: 392.08634, median: 35.30556, hits@10: 63.869%
INFO:root:### MICRO (raw test):
INFO:root:	-- left   >> mean: 322.6194, median: 4.0, hits@1: 24.02%
INFO:root:	-- right  >> mean: 336.0032, median: 3.0, hits@1: 25.4%
INFO:root:	-- global >> mean: 329.3113, median: 3.0, hits@1: 24.71%
INFO:root:### MACRO (raw test):
INFO:root:	-- left   >> mean: 340.98694, median: 61.72222, hits@1: 32.317%
INFO:root:	-- right  >> mean: 379.68208, median: 131.66667, hits@1: 33.047%
INFO:root:	-- global >> mean: 360.33451, median: 85.88889, hits@1: 32.682%
INFO:root:### MICRO (raw test):
INFO:root:	-- left   >> mean: 322.6194, median: 4.0, hits@3: 49.24%
INFO:root:	-- right  >> mean: 336.0032, median: 3.0, hits@3: 52.24%
INFO:root:	-- global >> mean: 329.3113, median: 3.0, hits@3: 50.74%
INFO:root:### MACRO (raw test):
INFO:root:	-- left   >> mean: 340.98694, median: 61.72222, hits@3: 46.659%
INFO:root:	-- right  >> mean: 379.68208, median: 131.66667, hits@3: 49.083%
INFO:root:	-- global >> mean: 360.33451, median: 85.88889, hits@3: 47.871%
INFO:root:### MICRO (raw test):
INFO:root:	-- left   >> mean: 322.6194, median: 4.0, hits@10: 73.04%
INFO:root:	-- right  >> mean: 336.0032, median: 3.0, hits@10: 75.12%
INFO:root:	-- global >> mean: 329.3113, median: 3.0, hits@10: 74.08%
INFO:root:### MACRO (raw test):
INFO:root:	-- left   >> mean: 340.98694, median: 61.72222, hits@10: 61.128%
INFO:root:	-- right  >> mean: 379.68208, median: 131.66667, hits@10: 63.175%
INFO:root:	-- global >> mean: 360.33451, median: 85.88889, hits@10: 62.152%
INFO:root:### MICRO (filtered test):
INFO:root:	-- left   >> mean: 320.485, median: 3.0, hits@1: 24.58%
INFO:root:	-- right  >> mean: 334.2602, median: 3.0, hits@1: 25.84%
INFO:root:	-- global >> mean: 327.3726, median: 3.0, hits@1: 25.21%
INFO:root:### MACRO (filtered test):
INFO:root:	-- left   >> mean: 339.68835, median: 61.41667, hits@1: 32.612%
INFO:root:	-- right  >> mean: 378.59476, median: 131.27778, hits@1: 33.186%
INFO:root:	-- global >> mean: 359.14156, median: 85.86111, hits@1: 32.899%
INFO:root:### MICRO (filtered test):
INFO:root:	-- left   >> mean: 320.485, median: 3.0, hits@3: 50.92%
INFO:root:	-- right  >> mean: 334.2602, median: 3.0, hits@3: 53.92%
INFO:root:	-- global >> mean: 327.3726, median: 3.0, hits@3: 52.42%
INFO:root:### MACRO (filtered test):
INFO:root:	-- left   >> mean: 339.68835, median: 61.41667, hits@3: 47.12%
INFO:root:	-- right  >> mean: 378.59476, median: 131.27778, hits@3: 49.527%
INFO:root:	-- global >> mean: 359.14156, median: 85.86111, hits@3: 48.324%
INFO:root:### MICRO (filtered test):
INFO:root:	-- left   >> mean: 320.485, median: 3.0, hits@10: 74.74%
INFO:root:	-- right  >> mean: 334.2602, median: 3.0, hits@10: 76.66%
INFO:root:	-- global >> mean: 327.3726, median: 3.0, hits@10: 75.7%
INFO:root:### MACRO (filtered test):
INFO:root:	-- left   >> mean: 339.68835, median: 61.41667, hits@10: 61.7%
INFO:root:	-- right  >> mean: 378.59476, median: 131.27778, hits@10: 63.869%
INFO:root:	-- global >> mean: 359.14156, median: 85.86111, hits@10: 62.784%
INFO:root:### MICRO (raw test):
INFO:root:	-- global >> mean: 1.2356, median: 1.0, hits@1: 91.58%
INFO:root:### MICRO (raw test):
INFO:root:	-- global >> mean: 1.2356, median: 1.0, hits@3: 98.0%
INFO:root:### MICRO (raw test):
INFO:root:	-- global >> mean: 1.2356, median: 1.0, hits@10: 99.5%
INFO:root:### MICRO (filtered test):
INFO:root:	-- global >> mean: 1.2316, median: 1.0, hits@1: 91.8%
INFO:root:### MICRO (filtered test):
INFO:root:	-- global >> mean: 1.2316, median: 1.0, hits@3: 98.06%
INFO:root:### MICRO (filtered test):
INFO:root:	-- global >> mean: 1.2316, median: 1.0, hits@10: 99.5%
