nohup: ignoring input
WARNING (theano.sandbox.cuda): The cuda backend is deprecated and will be removed in the next release (v0.10).  Please switch to the gpuarray backend. You can get more information about how to switch at this URL:
 https://github.com/Theano/Theano/wiki/Converting-to-the-new-gpu-back-end%28gpuarray%29

ERROR (theano.sandbox.cuda): nvcc compiler not found on $PATH. Check your nvcc installation and try again.
INFO:root:Shape for training set: (41092, 141442)
INFO:root:State: {'ndim': '20', 'test_all': '100', 'test_path': 'data/wn/WN-test.pkl', 'nhid': '20', 'lremb': '0.1', 'seed': '123', 'simfn': 'L1', 'valid_path': 'data/wn/WN-valid.pkl', 'nbatches': '10', 'lrparam': '0.1', 'decay': '0.999', 'no_rescaling': 'True', 'Nrel': '149', 'ranking_score_right': 'False', 'Nent': '41092', 'Nsyn': '40943', 'method': 'ADAGRAD', 'loss_margin': '2.0', 'C': '1.0', 'epsilon': '1e-06', 'use_db': 'False', 'max_lr': 'None', 'l1_param_weight': 'None', 'filtered': 'True', 'name': 'wn_margin/wn_TransC_ap_den4/', 'totepochs': '500', 'l2_param_weight': 'None', 'train_path': 'data/wn/WN-train_C.pkl', 'op': 'TransE'}
INFO:root:Starting the Experiment ..
INFO:root:-- EPOCH 1 (0.757 seconds):
INFO:root:COST >> 1.5263 +/- 0.2268, % updates: 64.826%
INFO:root:-- EPOCH 2 (0.748 seconds):
INFO:root:COST >> 1.1437 +/- 0.016, % updates: 57.995%
INFO:root:-- EPOCH 3 (0.748 seconds):
INFO:root:COST >> 0.969 +/- 0.0121, % updates: 53.562%
INFO:root:-- EPOCH 4 (0.727 seconds):
INFO:root:COST >> 0.8749 +/- 0.0177, % updates: 50.707%
INFO:root:-- EPOCH 5 (0.743 seconds):
INFO:root:COST >> 0.8166 +/- 0.0144, % updates: 48.837%
INFO:root:-- EPOCH 6 (0.742 seconds):
INFO:root:COST >> 0.7713 +/- 0.0189, % updates: 47.0%
INFO:root:-- EPOCH 7 (0.719 seconds):
INFO:root:COST >> 0.739 +/- 0.0177, % updates: 45.832%
INFO:root:-- EPOCH 8 (0.751 seconds):
INFO:root:COST >> 0.7114 +/- 0.0182, % updates: 44.666%
INFO:root:-- EPOCH 9 (0.733 seconds):
INFO:root:COST >> 0.6905 +/- 0.0152, % updates: 43.814%
INFO:root:-- EPOCH 10 (0.736 seconds):
INFO:root:COST >> 0.6708 +/- 0.0143, % updates: 42.942%
INFO:root:-- EPOCH 11 (0.725 seconds):
INFO:root:COST >> 0.6588 +/- 0.0149, % updates: 42.382%
INFO:root:-- EPOCH 12 (0.733 seconds):
INFO:root:COST >> 0.6445 +/- 0.0134, % updates: 41.63%
INFO:root:-- EPOCH 13 (0.748 seconds):
INFO:root:COST >> 0.6307 +/- 0.0126, % updates: 41.081%
INFO:root:-- EPOCH 14 (0.741 seconds):
INFO:root:COST >> 0.621 +/- 0.0147, % updates: 40.516%
INFO:root:-- EPOCH 15 (0.761 seconds):
INFO:root:COST >> 0.6131 +/- 0.0142, % updates: 40.234%
INFO:root:-- EPOCH 16 (0.713 seconds):
INFO:root:COST >> 0.6037 +/- 0.0123, % updates: 39.864%
INFO:root:-- EPOCH 17 (0.743 seconds):
INFO:root:COST >> 0.5944 +/- 0.0129, % updates: 39.398%
INFO:root:-- EPOCH 18 (0.742 seconds):
INFO:root:COST >> 0.5875 +/- 0.0117, % updates: 39.082%
INFO:root:-- EPOCH 19 (0.731 seconds):
INFO:root:COST >> 0.581 +/- 0.0119, % updates: 38.737%
INFO:root:-- EPOCH 20 (0.737 seconds):
INFO:root:COST >> 0.5746 +/- 0.0113, % updates: 38.288%
INFO:root:-- EPOCH 21 (0.758 seconds):
INFO:root:COST >> 0.5712 +/- 0.0148, % updates: 38.241%
INFO:root:-- EPOCH 22 (0.716 seconds):
INFO:root:COST >> 0.5639 +/- 0.0096, % updates: 37.899%
INFO:root:-- EPOCH 23 (0.717 seconds):
INFO:root:COST >> 0.5578 +/- 0.0117, % updates: 37.626%
INFO:root:-- EPOCH 24 (0.711 seconds):
INFO:root:COST >> 0.5529 +/- 0.0131, % updates: 37.24%
INFO:root:-- EPOCH 25 (0.751 seconds):
INFO:root:COST >> 0.55 +/- 0.0109, % updates: 37.147%
INFO:root:-- EPOCH 26 (0.763 seconds):
INFO:root:COST >> 0.5445 +/- 0.01, % updates: 36.865%
INFO:root:-- EPOCH 27 (0.751 seconds):
INFO:root:COST >> 0.543 +/- 0.0102, % updates: 36.817%
INFO:root:-- EPOCH 28 (0.724 seconds):
INFO:root:COST >> 0.5369 +/- 0.0137, % updates: 36.467%
INFO:root:-- EPOCH 29 (0.742 seconds):
INFO:root:COST >> 0.5334 +/- 0.0116, % updates: 36.278%
INFO:root:-- EPOCH 30 (0.763 seconds):
INFO:root:COST >> 0.5316 +/- 0.0119, % updates: 36.224%
INFO:root:-- EPOCH 31 (0.74 seconds):
INFO:root:COST >> 0.5272 +/- 0.0088, % updates: 36.011%
INFO:root:-- EPOCH 32 (0.751 seconds):
INFO:root:COST >> 0.5236 +/- 0.0095, % updates: 35.76%
INFO:root:-- EPOCH 33 (0.718 seconds):
INFO:root:COST >> 0.5221 +/- 0.0108, % updates: 35.666%
INFO:root:-- EPOCH 34 (0.713 seconds):
INFO:root:COST >> 0.5171 +/- 0.0091, % updates: 35.55%
INFO:root:-- EPOCH 35 (0.724 seconds):
INFO:root:COST >> 0.5153 +/- 0.0074, % updates: 35.322%
INFO:root:-- EPOCH 36 (0.783 seconds):
INFO:root:COST >> 0.5107 +/- 0.0079, % updates: 35.088%
INFO:root:-- EPOCH 37 (0.778 seconds):
INFO:root:COST >> 0.5084 +/- 0.0074, % updates: 35.035%
INFO:root:-- EPOCH 38 (0.781 seconds):
INFO:root:COST >> 0.5063 +/- 0.0094, % updates: 35.007%
INFO:root:-- EPOCH 39 (0.732 seconds):
INFO:root:COST >> 0.5042 +/- 0.0102, % updates: 34.749%
INFO:root:-- EPOCH 40 (0.745 seconds):
INFO:root:COST >> 0.5022 +/- 0.0073, % updates: 34.712%
INFO:root:-- EPOCH 41 (0.736 seconds):
INFO:root:COST >> 0.4992 +/- 0.0116, % updates: 34.498%
INFO:root:-- EPOCH 42 (0.755 seconds):
INFO:root:COST >> 0.4969 +/- 0.0096, % updates: 34.423%
INFO:root:-- EPOCH 43 (0.734 seconds):
INFO:root:COST >> 0.4953 +/- 0.0092, % updates: 34.289%
INFO:root:-- EPOCH 44 (0.729 seconds):
INFO:root:COST >> 0.493 +/- 0.0099, % updates: 34.117%
INFO:root:-- EPOCH 45 (0.748 seconds):
INFO:root:COST >> 0.4891 +/- 0.009, % updates: 34.033%
INFO:root:-- EPOCH 46 (0.737 seconds):
INFO:root:COST >> 0.4887 +/- 0.008, % updates: 33.873%
INFO:root:-- EPOCH 47 (0.749 seconds):
INFO:root:COST >> 0.4848 +/- 0.0071, % updates: 33.793%
INFO:root:-- EPOCH 48 (0.729 seconds):
INFO:root:COST >> 0.4862 +/- 0.0071, % updates: 33.818%
INFO:root:-- EPOCH 49 (0.713 seconds):
INFO:root:COST >> 0.4831 +/- 0.0084, % updates: 33.677%
INFO:root:-- EPOCH 50 (0.736 seconds):
INFO:root:COST >> 0.4812 +/- 0.0107, % updates: 33.546%
INFO:root:-- EPOCH 51 (0.743 seconds):
INFO:root:COST >> 0.4785 +/- 0.0102, % updates: 33.436%
INFO:root:-- EPOCH 52 (0.745 seconds):
INFO:root:COST >> 0.4776 +/- 0.0082, % updates: 33.403%
INFO:root:-- EPOCH 53 (0.753 seconds):
INFO:root:COST >> 0.4766 +/- 0.01, % updates: 33.318%
INFO:root:-- EPOCH 54 (0.71 seconds):
INFO:root:COST >> 0.4776 +/- 0.0074, % updates: 33.289%
INFO:root:-- EPOCH 55 (0.753 seconds):
INFO:root:COST >> 0.474 +/- 0.0082, % updates: 33.231%
INFO:root:-- EPOCH 56 (0.765 seconds):
INFO:root:COST >> 0.4725 +/- 0.0089, % updates: 33.049%
INFO:root:-- EPOCH 57 (0.736 seconds):
INFO:root:COST >> 0.4719 +/- 0.0074, % updates: 32.982%
INFO:root:-- EPOCH 58 (0.72 seconds):
INFO:root:COST >> 0.4695 +/- 0.006, % updates: 32.927%
INFO:root:-- EPOCH 59 (0.746 seconds):
INFO:root:COST >> 0.47 +/- 0.0079, % updates: 32.914%
INFO:root:-- EPOCH 60 (0.742 seconds):
INFO:root:COST >> 0.4658 +/- 0.0075, % updates: 32.708%
INFO:root:-- EPOCH 61 (0.729 seconds):
INFO:root:COST >> 0.4661 +/- 0.0071, % updates: 32.77%
INFO:root:-- EPOCH 62 (0.742 seconds):
INFO:root:COST >> 0.4647 +/- 0.0071, % updates: 32.733%
INFO:root:-- EPOCH 63 (0.757 seconds):
INFO:root:COST >> 0.464 +/- 0.0056, % updates: 32.561%
INFO:root:-- EPOCH 64 (0.75 seconds):
INFO:root:COST >> 0.4638 +/- 0.0057, % updates: 32.536%
INFO:root:-- EPOCH 65 (0.72 seconds):
INFO:root:COST >> 0.4616 +/- 0.0059, % updates: 32.385%
INFO:root:-- EPOCH 66 (0.727 seconds):
INFO:root:COST >> 0.4598 +/- 0.0094, % updates: 32.423%
INFO:root:-- EPOCH 67 (0.728 seconds):
INFO:root:COST >> 0.4564 +/- 0.0082, % updates: 32.236%
INFO:root:-- EPOCH 68 (0.727 seconds):
INFO:root:COST >> 0.4559 +/- 0.0072, % updates: 32.137%
INFO:root:-- EPOCH 69 (0.715 seconds):
INFO:root:COST >> 0.4576 +/- 0.0077, % updates: 32.301%
INFO:root:-- EPOCH 70 (0.73 seconds):
INFO:root:COST >> 0.4563 +/- 0.0057, % updates: 32.151%
INFO:root:-- EPOCH 71 (0.715 seconds):
INFO:root:COST >> 0.4549 +/- 0.0086, % updates: 32.057%
INFO:root:-- EPOCH 72 (0.746 seconds):
INFO:root:COST >> 0.4531 +/- 0.0082, % updates: 31.944%
INFO:root:-- EPOCH 73 (0.733 seconds):
INFO:root:COST >> 0.4515 +/- 0.0087, % updates: 31.92%
INFO:root:-- EPOCH 74 (0.734 seconds):
INFO:root:COST >> 0.4508 +/- 0.0059, % updates: 31.804%
INFO:root:-- EPOCH 75 (0.754 seconds):
INFO:root:COST >> 0.4504 +/- 0.0079, % updates: 31.849%
INFO:root:-- EPOCH 76 (0.75 seconds):
INFO:root:COST >> 0.4509 +/- 0.0061, % updates: 31.793%
INFO:root:-- EPOCH 77 (0.729 seconds):
INFO:root:COST >> 0.4475 +/- 0.009, % updates: 31.71%
INFO:root:-- EPOCH 78 (0.73 seconds):
INFO:root:COST >> 0.4482 +/- 0.0058, % updates: 31.761%
INFO:root:-- EPOCH 79 (0.8 seconds):
INFO:root:COST >> 0.4479 +/- 0.0075, % updates: 31.627%
INFO:root:-- EPOCH 80 (0.797 seconds):
INFO:root:COST >> 0.4469 +/- 0.0068, % updates: 31.55%
INFO:root:-- EPOCH 81 (0.722 seconds):
INFO:root:COST >> 0.4458 +/- 0.009, % updates: 31.561%
INFO:root:-- EPOCH 82 (0.737 seconds):
INFO:root:COST >> 0.4459 +/- 0.0063, % updates: 31.514%
INFO:root:-- EPOCH 83 (0.788 seconds):
INFO:root:COST >> 0.4426 +/- 0.0054, % updates: 31.396%
INFO:root:-- EPOCH 84 (0.813 seconds):
INFO:root:COST >> 0.4426 +/- 0.0087, % updates: 31.395%
INFO:root:-- EPOCH 85 (0.786 seconds):
INFO:root:COST >> 0.442 +/- 0.007, % updates: 31.314%
INFO:root:-- EPOCH 86 (0.759 seconds):
INFO:root:COST >> 0.4411 +/- 0.0082, % updates: 31.208%
INFO:root:-- EPOCH 87 (0.721 seconds):
INFO:root:COST >> 0.4388 +/- 0.0097, % updates: 31.212%
INFO:root:-- EPOCH 88 (0.749 seconds):
INFO:root:COST >> 0.4409 +/- 0.0069, % updates: 31.217%
INFO:root:-- EPOCH 89 (0.729 seconds):
INFO:root:COST >> 0.4385 +/- 0.0058, % updates: 31.154%
INFO:root:-- EPOCH 90 (0.749 seconds):
INFO:root:COST >> 0.4365 +/- 0.007, % updates: 31.049%
INFO:root:-- EPOCH 91 (0.723 seconds):
INFO:root:COST >> 0.4381 +/- 0.0059, % updates: 31.172%
INFO:root:-- EPOCH 92 (0.726 seconds):
INFO:root:COST >> 0.4353 +/- 0.0071, % updates: 30.937%
INFO:root:-- EPOCH 93 (0.734 seconds):
INFO:root:COST >> 0.4356 +/- 0.007, % updates: 31.018%
INFO:root:-- EPOCH 94 (0.713 seconds):
INFO:root:COST >> 0.4354 +/- 0.0062, % updates: 30.933%
INFO:root:-- EPOCH 95 (0.722 seconds):
INFO:root:COST >> 0.4359 +/- 0.0048, % updates: 30.927%
INFO:root:-- EPOCH 96 (0.731 seconds):
INFO:root:COST >> 0.4347 +/- 0.0063, % updates: 30.884%
INFO:root:-- EPOCH 97 (0.758 seconds):
INFO:root:COST >> 0.4332 +/- 0.0065, % updates: 30.843%
INFO:root:-- EPOCH 98 (0.739 seconds):
INFO:root:COST >> 0.4344 +/- 0.0064, % updates: 30.902%
INFO:root:-- EPOCH 99 (0.727 seconds):
INFO:root:COST >> 0.4323 +/- 0.0058, % updates: 30.814%
INFO:root:-- EPOCH 100 (0.725 seconds):
INFO:root:COST >> 0.4299 +/- 0.007, % updates: 30.617%
INFO:root:### MICRO (raw valid):
INFO:root:	-- left   >> mean: 322.0874, median: 5.0, hits@10: 61.48%
INFO:root:	-- right  >> mean: 327.74, median: 5.0, hits@10: 61.4%
INFO:root:	-- global >> mean: 324.9137, median: 5.0, hits@10: 61.44%
INFO:root:### MACRO (raw valid):
INFO:root:	-- left   >> mean: 691.84778, median: 125.41667, hits@10: 53.433%
INFO:root:	-- right  >> mean: 715.11335, median: 112.41667, hits@10: 56.588%
INFO:root:	-- global >> mean: 703.48056, median: 87.61111, hits@10: 55.011%
INFO:root:### MICRO (filtered valid):
INFO:root:	-- left   >> mean: 319.9694, median: 5.0, hits@10: 62.34%
INFO:root:	-- right  >> mean: 325.628, median: 5.0, hits@10: 62.26%
INFO:root:	-- global >> mean: 322.7987, median: 5.0, hits@10: 62.3%
INFO:root:### MACRO (filtered valid):
INFO:root:	-- left   >> mean: 690.41608, median: 124.41667, hits@10: 53.657%
INFO:root:	-- right  >> mean: 713.98286, median: 111.83333, hits@10: 56.793%
INFO:root:	-- global >> mean: 702.19947, median: 87.5, hits@10: 55.225%
INFO:root:### MICRO (raw test):
INFO:root:	-- left   >> mean: 289.112, median: 6.0, hits@1: 19.14%
INFO:root:	-- right  >> mean: 285.017, median: 5.0, hits@1: 20.48%
INFO:root:	-- global >> mean: 287.0645, median: 5.0, hits@1: 19.81%
INFO:root:### MACRO (raw test):
INFO:root:	-- left   >> mean: 539.55529, median: 323.22222, hits@1: 26.632%
INFO:root:	-- right  >> mean: 413.07132, median: 97.66667, hits@1: 24.87%
INFO:root:	-- global >> mean: 476.3133, median: 74.30556, hits@1: 25.751%
INFO:root:### MICRO (raw test):
INFO:root:	-- left   >> mean: 289.112, median: 6.0, hits@3: 39.78%
INFO:root:	-- right  >> mean: 285.017, median: 5.0, hits@3: 41.44%
INFO:root:	-- global >> mean: 287.0645, median: 5.0, hits@3: 40.61%
INFO:root:### MACRO (raw test):
INFO:root:	-- left   >> mean: 539.55529, median: 323.22222, hits@3: 39.523%
INFO:root:	-- right  >> mean: 413.07132, median: 97.66667, hits@3: 41.501%
INFO:root:	-- global >> mean: 476.3133, median: 74.30556, hits@3: 40.512%
INFO:root:### MICRO (raw test):
INFO:root:	-- left   >> mean: 289.112, median: 6.0, hits@10: 61.18%
INFO:root:	-- right  >> mean: 285.017, median: 5.0, hits@10: 63.6%
INFO:root:	-- global >> mean: 287.0645, median: 5.0, hits@10: 62.39%
INFO:root:### MACRO (raw test):
INFO:root:	-- left   >> mean: 539.55529, median: 323.22222, hits@10: 53.139%
INFO:root:	-- right  >> mean: 413.07132, median: 97.66667, hits@10: 55.77%
INFO:root:	-- global >> mean: 476.3133, median: 74.30556, hits@10: 54.454%
INFO:root:### MICRO (filtered test):
INFO:root:	-- left   >> mean: 286.9506, median: 5.0, hits@1: 19.54%
INFO:root:	-- right  >> mean: 283.2104, median: 5.0, hits@1: 20.8%
INFO:root:	-- global >> mean: 285.0805, median: 5.0, hits@1: 20.17%
INFO:root:### MACRO (filtered test):
INFO:root:	-- left   >> mean: 538.08448, median: 322.61111, hits@1: 26.768%
INFO:root:	-- right  >> mean: 411.56632, median: 96.63889, hits@1: 24.981%
INFO:root:	-- global >> mean: 474.8254, median: 74.11111, hits@1: 25.874%
INFO:root:### MICRO (filtered test):
INFO:root:	-- left   >> mean: 286.9506, median: 5.0, hits@3: 41.3%
INFO:root:	-- right  >> mean: 283.2104, median: 5.0, hits@3: 43.08%
INFO:root:	-- global >> mean: 285.0805, median: 5.0, hits@3: 42.19%
INFO:root:### MACRO (filtered test):
INFO:root:	-- left   >> mean: 538.08448, median: 322.61111, hits@3: 39.949%
INFO:root:	-- right  >> mean: 411.56632, median: 96.63889, hits@3: 41.922%
INFO:root:	-- global >> mean: 474.8254, median: 74.11111, hits@3: 40.935%
INFO:root:### MICRO (filtered test):
INFO:root:	-- left   >> mean: 286.9506, median: 5.0, hits@10: 62.68%
INFO:root:	-- right  >> mean: 283.2104, median: 5.0, hits@10: 64.6%
INFO:root:	-- global >> mean: 285.0805, median: 5.0, hits@10: 63.64%
INFO:root:### MACRO (filtered test):
INFO:root:	-- left   >> mean: 538.08448, median: 322.61111, hits@10: 53.558%
INFO:root:	-- right  >> mean: 411.56632, median: 96.63889, hits@10: 56.015%
INFO:root:	-- global >> mean: 474.8254, median: 74.11111, hits@10: 54.786%
INFO:root:### MICRO (raw test):
INFO:root:	-- global >> mean: 1.592, median: 1.0, hits@1: 82.1%
INFO:root:### MICRO (raw test):
INFO:root:	-- global >> mean: 1.592, median: 1.0, hits@3: 91.5%
INFO:root:### MICRO (raw test):
INFO:root:	-- global >> mean: 1.592, median: 1.0, hits@10: 99.52%
INFO:root:### MICRO (filtered test):
INFO:root:	-- global >> mean: 1.5882, median: 1.0, hits@1: 82.18%
INFO:root:### MICRO (filtered test):
INFO:root:	-- global >> mean: 1.5882, median: 1.0, hits@3: 91.52%
INFO:root:### MICRO (filtered test):
INFO:root:	-- global >> mean: 1.5882, median: 1.0, hits@10: 99.54%
INFO:root:-- EPOCH 101 (0.838 seconds):
INFO:root:COST >> 0.4305 +/- 0.0064, % updates: 30.614%
INFO:root:-- EPOCH 102 (0.825 seconds):
INFO:root:COST >> 0.4297 +/- 0.0042, % updates: 30.607%
INFO:root:-- EPOCH 103 (0.807 seconds):
INFO:root:COST >> 0.4293 +/- 0.0055, % updates: 30.676%
INFO:root:-- EPOCH 104 (0.841 seconds):
INFO:root:COST >> 0.429 +/- 0.0067, % updates: 30.612%
INFO:root:-- EPOCH 105 (0.825 seconds):
INFO:root:COST >> 0.4281 +/- 0.0078, % updates: 30.526%
INFO:root:-- EPOCH 106 (0.861 seconds):
INFO:root:COST >> 0.4283 +/- 0.0065, % updates: 30.479%
INFO:root:-- EPOCH 107 (0.823 seconds):
INFO:root:COST >> 0.4285 +/- 0.0043, % updates: 30.484%
INFO:root:-- EPOCH 108 (0.823 seconds):
INFO:root:COST >> 0.4279 +/- 0.0068, % updates: 30.565%
INFO:root:-- EPOCH 109 (0.854 seconds):
INFO:root:COST >> 0.4256 +/- 0.0053, % updates: 30.43%
INFO:root:-- EPOCH 110 (0.81 seconds):
INFO:root:COST >> 0.4279 +/- 0.0071, % updates: 30.454%
INFO:root:-- EPOCH 111 (0.818 seconds):
INFO:root:COST >> 0.4255 +/- 0.004, % updates: 30.326%
INFO:root:-- EPOCH 112 (0.811 seconds):
INFO:root:COST >> 0.4265 +/- 0.0047, % updates: 30.387%
INFO:root:-- EPOCH 113 (0.819 seconds):
INFO:root:COST >> 0.4243 +/- 0.003, % updates: 30.38%
INFO:root:-- EPOCH 114 (0.805 seconds):
INFO:root:COST >> 0.424 +/- 0.005, % updates: 30.27%
INFO:root:-- EPOCH 115 (0.826 seconds):
INFO:root:COST >> 0.4225 +/- 0.0058, % updates: 30.256%
INFO:root:-- EPOCH 116 (0.831 seconds):
INFO:root:COST >> 0.4206 +/- 0.0056, % updates: 30.222%
INFO:root:-- EPOCH 117 (0.835 seconds):
INFO:root:COST >> 0.4224 +/- 0.0062, % updates: 30.115%
INFO:root:-- EPOCH 118 (0.836 seconds):
INFO:root:COST >> 0.4212 +/- 0.0063, % updates: 30.174%
INFO:root:-- EPOCH 119 (0.828 seconds):
INFO:root:COST >> 0.4207 +/- 0.0061, % updates: 30.115%
INFO:root:-- EPOCH 120 (0.84 seconds):
INFO:root:COST >> 0.4201 +/- 0.0063, % updates: 30.102%
INFO:root:-- EPOCH 121 (0.849 seconds):
INFO:root:COST >> 0.4198 +/- 0.0072, % updates: 30.151%
INFO:root:-- EPOCH 122 (0.821 seconds):
INFO:root:COST >> 0.4197 +/- 0.007, % updates: 30.127%
INFO:root:-- EPOCH 123 (0.851 seconds):
INFO:root:COST >> 0.4197 +/- 0.0077, % updates: 30.073%
INFO:root:-- EPOCH 124 (0.839 seconds):
INFO:root:COST >> 0.4177 +/- 0.0062, % updates: 29.976%
INFO:root:-- EPOCH 125 (0.819 seconds):
INFO:root:COST >> 0.4196 +/- 0.0046, % updates: 29.977%
INFO:root:-- EPOCH 126 (0.843 seconds):
INFO:root:COST >> 0.419 +/- 0.005, % updates: 29.956%
INFO:root:-- EPOCH 127 (0.833 seconds):
INFO:root:COST >> 0.4189 +/- 0.0056, % updates: 29.926%
INFO:root:-- EPOCH 128 (0.827 seconds):
INFO:root:COST >> 0.4155 +/- 0.0078, % updates: 29.835%
INFO:root:-- EPOCH 129 (0.826 seconds):
INFO:root:COST >> 0.4167 +/- 0.0065, % updates: 29.925%
INFO:root:-- EPOCH 130 (0.797 seconds):
INFO:root:COST >> 0.4154 +/- 0.005, % updates: 29.786%
INFO:root:-- EPOCH 131 (0.816 seconds):
INFO:root:COST >> 0.4155 +/- 0.0062, % updates: 29.754%
INFO:root:-- EPOCH 132 (0.767 seconds):
INFO:root:COST >> 0.4162 +/- 0.0066, % updates: 29.815%
INFO:root:-- EPOCH 133 (0.766 seconds):
INFO:root:COST >> 0.4142 +/- 0.0064, % updates: 29.825%
INFO:root:-- EPOCH 134 (0.785 seconds):
INFO:root:COST >> 0.4124 +/- 0.0056, % updates: 29.704%
INFO:root:-- EPOCH 135 (0.778 seconds):
INFO:root:COST >> 0.4142 +/- 0.007, % updates: 29.742%
INFO:root:-- EPOCH 136 (0.781 seconds):
INFO:root:COST >> 0.415 +/- 0.0051, % updates: 29.776%
INFO:root:-- EPOCH 137 (0.788 seconds):
INFO:root:COST >> 0.4139 +/- 0.0073, % updates: 29.766%
INFO:root:-- EPOCH 138 (0.764 seconds):
INFO:root:COST >> 0.4123 +/- 0.0062, % updates: 29.633%
INFO:root:-- EPOCH 139 (0.783 seconds):
INFO:root:COST >> 0.4146 +/- 0.0058, % updates: 29.739%
INFO:root:-- EPOCH 140 (0.78 seconds):
INFO:root:COST >> 0.4133 +/- 0.0052, % updates: 29.607%
INFO:root:-- EPOCH 141 (0.784 seconds):
INFO:root:COST >> 0.4125 +/- 0.0043, % updates: 29.684%
INFO:root:-- EPOCH 142 (0.747 seconds):
INFO:root:COST >> 0.4127 +/- 0.0079, % updates: 29.673%
INFO:root:-- EPOCH 143 (0.796 seconds):
INFO:root:COST >> 0.4105 +/- 0.0041, % updates: 29.548%
INFO:root:-- EPOCH 144 (0.776 seconds):
INFO:root:COST >> 0.413 +/- 0.0036, % updates: 29.714%
INFO:root:-- EPOCH 145 (0.8 seconds):
INFO:root:COST >> 0.4114 +/- 0.0054, % updates: 29.501%
INFO:root:-- EPOCH 146 (0.753 seconds):
INFO:root:COST >> 0.4089 +/- 0.0053, % updates: 29.475%
INFO:root:-- EPOCH 147 (0.767 seconds):
INFO:root:COST >> 0.4085 +/- 0.005, % updates: 29.503%
INFO:root:-- EPOCH 148 (0.764 seconds):
INFO:root:COST >> 0.4104 +/- 0.0088, % updates: 29.52%
INFO:root:-- EPOCH 149 (0.777 seconds):
INFO:root:COST >> 0.4103 +/- 0.0064, % updates: 29.471%
INFO:root:-- EPOCH 150 (0.796 seconds):
INFO:root:COST >> 0.408 +/- 0.0043, % updates: 29.373%
INFO:root:-- EPOCH 151 (0.769 seconds):
INFO:root:COST >> 0.41 +/- 0.0047, % updates: 29.392%
INFO:root:-- EPOCH 152 (0.795 seconds):
INFO:root:COST >> 0.4087 +/- 0.0061, % updates: 29.395%
INFO:root:-- EPOCH 153 (0.74 seconds):
INFO:root:COST >> 0.4086 +/- 0.0037, % updates: 29.439%
INFO:root:-- EPOCH 154 (0.796 seconds):
INFO:root:COST >> 0.4084 +/- 0.0052, % updates: 29.416%
INFO:root:-- EPOCH 155 (0.774 seconds):
INFO:root:COST >> 0.4064 +/- 0.0064, % updates: 29.294%
INFO:root:-- EPOCH 156 (0.784 seconds):
INFO:root:COST >> 0.4086 +/- 0.0062, % updates: 29.328%
INFO:root:-- EPOCH 157 (0.764 seconds):
INFO:root:COST >> 0.4048 +/- 0.0069, % updates: 29.219%
INFO:root:-- EPOCH 158 (0.799 seconds):
INFO:root:COST >> 0.4077 +/- 0.0063, % updates: 29.344%
INFO:root:-- EPOCH 159 (0.753 seconds):
INFO:root:COST >> 0.4052 +/- 0.0054, % updates: 29.141%
INFO:root:-- EPOCH 160 (0.81 seconds):
INFO:root:COST >> 0.4073 +/- 0.006, % updates: 29.273%
INFO:root:-- EPOCH 161 (0.769 seconds):
INFO:root:COST >> 0.4054 +/- 0.0064, % updates: 29.07%
INFO:root:-- EPOCH 162 (0.81 seconds):
INFO:root:COST >> 0.4066 +/- 0.0054, % updates: 29.238%
INFO:root:-- EPOCH 163 (0.765 seconds):
INFO:root:COST >> 0.4063 +/- 0.0072, % updates: 29.104%
INFO:root:-- EPOCH 164 (0.794 seconds):
INFO:root:COST >> 0.4034 +/- 0.0062, % updates: 29.095%
INFO:root:-- EPOCH 165 (0.767 seconds):
INFO:root:COST >> 0.4031 +/- 0.0078, % updates: 29.097%
INFO:root:-- EPOCH 166 (0.773 seconds):
INFO:root:COST >> 0.4021 +/- 0.0059, % updates: 29.006%
INFO:root:-- EPOCH 167 (0.754 seconds):
INFO:root:COST >> 0.4051 +/- 0.0043, % updates: 29.195%
INFO:root:-- EPOCH 168 (0.814 seconds):
INFO:root:COST >> 0.4031 +/- 0.0062, % updates: 29.113%
INFO:root:-- EPOCH 169 (0.77 seconds):
INFO:root:COST >> 0.4015 +/- 0.0033, % updates: 29.056%
INFO:root:-- EPOCH 170 (0.791 seconds):
INFO:root:COST >> 0.4043 +/- 0.0049, % updates: 29.092%
INFO:root:-- EPOCH 171 (0.804 seconds):
INFO:root:COST >> 0.4021 +/- 0.0044, % updates: 29.015%
INFO:root:-- EPOCH 172 (0.816 seconds):
INFO:root:COST >> 0.4019 +/- 0.0045, % updates: 28.996%
INFO:root:-- EPOCH 173 (0.786 seconds):
INFO:root:COST >> 0.4011 +/- 0.0046, % updates: 29.089%
INFO:root:-- EPOCH 174 (0.793 seconds):
INFO:root:COST >> 0.4012 +/- 0.0068, % updates: 28.95%
INFO:root:-- EPOCH 175 (0.771 seconds):
INFO:root:COST >> 0.4011 +/- 0.0062, % updates: 28.969%
INFO:root:-- EPOCH 176 (0.763 seconds):
INFO:root:COST >> 0.4005 +/- 0.0051, % updates: 28.94%
INFO:root:-- EPOCH 177 (0.783 seconds):
INFO:root:COST >> 0.402 +/- 0.0072, % updates: 29.049%
INFO:root:-- EPOCH 178 (0.773 seconds):
INFO:root:COST >> 0.4015 +/- 0.006, % updates: 29.051%
INFO:root:-- EPOCH 179 (0.815 seconds):
INFO:root:COST >> 0.4013 +/- 0.0055, % updates: 28.89%
INFO:root:-- EPOCH 180 (0.79 seconds):
INFO:root:COST >> 0.401 +/- 0.0076, % updates: 28.951%
INFO:root:-- EPOCH 181 (0.796 seconds):
INFO:root:COST >> 0.4012 +/- 0.0048, % updates: 28.926%
INFO:root:-- EPOCH 182 (0.81 seconds):
INFO:root:COST >> 0.3992 +/- 0.0047, % updates: 28.888%
INFO:root:-- EPOCH 183 (0.807 seconds):
INFO:root:COST >> 0.3989 +/- 0.0063, % updates: 28.819%
INFO:root:-- EPOCH 184 (0.812 seconds):
INFO:root:COST >> 0.3999 +/- 0.0046, % updates: 28.906%
INFO:root:-- EPOCH 185 (0.787 seconds):
INFO:root:COST >> 0.3968 +/- 0.0055, % updates: 28.764%
INFO:root:-- EPOCH 186 (0.791 seconds):
INFO:root:COST >> 0.3979 +/- 0.0053, % updates: 28.727%
INFO:root:-- EPOCH 187 (0.786 seconds):
INFO:root:COST >> 0.3985 +/- 0.006, % updates: 28.852%
INFO:root:-- EPOCH 188 (0.816 seconds):
INFO:root:COST >> 0.3976 +/- 0.0035, % updates: 28.714%
INFO:root:-- EPOCH 189 (0.782 seconds):
INFO:root:COST >> 0.4005 +/- 0.0034, % updates: 28.797%
INFO:root:-- EPOCH 190 (0.784 seconds):
INFO:root:COST >> 0.3988 +/- 0.0044, % updates: 28.76%
INFO:root:-- EPOCH 191 (0.79 seconds):
INFO:root:COST >> 0.3965 +/- 0.0068, % updates: 28.722%
INFO:root:-- EPOCH 192 (0.809 seconds):
INFO:root:COST >> 0.397 +/- 0.0041, % updates: 28.697%
INFO:root:-- EPOCH 193 (0.779 seconds):
INFO:root:COST >> 0.3968 +/- 0.0076, % updates: 28.764%
INFO:root:-- EPOCH 194 (0.797 seconds):
INFO:root:COST >> 0.396 +/- 0.0055, % updates: 28.686%
INFO:root:-- EPOCH 195 (0.819 seconds):
INFO:root:COST >> 0.3959 +/- 0.0033, % updates: 28.607%
INFO:root:-- EPOCH 196 (0.827 seconds):
INFO:root:COST >> 0.3969 +/- 0.0041, % updates: 28.734%
INFO:root:-- EPOCH 197 (0.799 seconds):
INFO:root:COST >> 0.3974 +/- 0.0059, % updates: 28.655%
INFO:root:-- EPOCH 198 (0.79 seconds):
INFO:root:COST >> 0.3973 +/- 0.0066, % updates: 28.731%
INFO:root:-- EPOCH 199 (0.758 seconds):
INFO:root:COST >> 0.3964 +/- 0.0056, % updates: 28.61%
INFO:root:-- EPOCH 200 (0.806 seconds):
INFO:root:COST >> 0.3963 +/- 0.0062, % updates: 28.762%
INFO:root:### MICRO (raw valid):
INFO:root:	-- left   >> mean: 267.8676, median: 5.0, hits@10: 62.12%
INFO:root:	-- right  >> mean: 272.5314, median: 5.0, hits@10: 62.28%
INFO:root:	-- global >> mean: 270.1995, median: 5.0, hits@10: 62.2%
INFO:root:### MACRO (raw valid):
INFO:root:	-- left   >> mean: 489.2513, median: 112.86111, hits@10: 53.939%
INFO:root:	-- right  >> mean: 558.55855, median: 53.30556, hits@10: 56.938%
INFO:root:	-- global >> mean: 523.90493, median: 49.83333, hits@10: 55.438%
INFO:root:### MICRO (filtered valid):
INFO:root:	-- left   >> mean: 265.7882, median: 5.0, hits@10: 63.14%
INFO:root:	-- right  >> mean: 270.4132, median: 5.0, hits@10: 63.46%
INFO:root:	-- global >> mean: 268.1007, median: 5.0, hits@10: 63.3%
INFO:root:### MACRO (filtered valid):
INFO:root:	-- left   >> mean: 487.82596, median: 112.05556, hits@10: 54.21%
INFO:root:	-- right  >> mean: 557.4316, median: 52.55556, hits@10: 57.251%
INFO:root:	-- global >> mean: 522.62878, median: 49.58333, hits@10: 55.731%
INFO:root:### MICRO (raw test):
INFO:root:	-- left   >> mean: 247.1002, median: 5.0, hits@1: 18.48%
INFO:root:	-- right  >> mean: 245.205, median: 5.0, hits@1: 19.98%
INFO:root:	-- global >> mean: 246.1526, median: 5.0, hits@1: 19.23%
INFO:root:### MACRO (raw test):
INFO:root:	-- left   >> mean: 481.91402, median: 273.30556, hits@1: 25.332%
INFO:root:	-- right  >> mean: 362.33142, median: 88.36111, hits@1: 26.192%
INFO:root:	-- global >> mean: 422.12272, median: 74.52778, hits@1: 25.762%
INFO:root:### MICRO (raw test):
INFO:root:	-- left   >> mean: 247.1002, median: 5.0, hits@3: 39.92%
INFO:root:	-- right  >> mean: 245.205, median: 5.0, hits@3: 41.64%
INFO:root:	-- global >> mean: 246.1526, median: 5.0, hits@3: 40.78%
INFO:root:### MACRO (raw test):
INFO:root:	-- left   >> mean: 481.91402, median: 273.30556, hits@3: 40.848%
INFO:root:	-- right  >> mean: 362.33142, median: 88.36111, hits@3: 42.123%
INFO:root:	-- global >> mean: 422.12272, median: 74.52778, hits@3: 41.485%
INFO:root:### MICRO (raw test):
INFO:root:	-- left   >> mean: 247.1002, median: 5.0, hits@10: 61.94%
INFO:root:	-- right  >> mean: 245.205, median: 5.0, hits@10: 64.04%
INFO:root:	-- global >> mean: 246.1526, median: 5.0, hits@10: 62.99%
INFO:root:### MACRO (raw test):
INFO:root:	-- left   >> mean: 481.91402, median: 273.30556, hits@10: 53.721%
INFO:root:	-- right  >> mean: 362.33142, median: 88.36111, hits@10: 56.054%
INFO:root:	-- global >> mean: 422.12272, median: 74.52778, hits@10: 54.887%
INFO:root:### MICRO (filtered test):
INFO:root:	-- left   >> mean: 244.9194, median: 5.0, hits@1: 18.98%
INFO:root:	-- right  >> mean: 243.4076, median: 5.0, hits@1: 20.32%
INFO:root:	-- global >> mean: 244.1635, median: 5.0, hits@1: 19.65%
INFO:root:### MACRO (filtered test):
INFO:root:	-- left   >> mean: 480.40836, median: 272.38889, hits@1: 25.537%
INFO:root:	-- right  >> mean: 360.79494, median: 87.36111, hits@1: 26.301%
INFO:root:	-- global >> mean: 420.60165, median: 74.33333, hits@1: 25.919%
INFO:root:### MICRO (filtered test):
INFO:root:	-- left   >> mean: 244.9194, median: 5.0, hits@3: 41.8%
INFO:root:	-- right  >> mean: 243.4076, median: 5.0, hits@3: 43.5%
INFO:root:	-- global >> mean: 244.1635, median: 5.0, hits@3: 42.65%
INFO:root:### MACRO (filtered test):
INFO:root:	-- left   >> mean: 480.40836, median: 272.38889, hits@3: 41.382%
INFO:root:	-- right  >> mean: 360.79494, median: 87.36111, hits@3: 42.612%
INFO:root:	-- global >> mean: 420.60165, median: 74.33333, hits@3: 41.997%
INFO:root:### MICRO (filtered test):
INFO:root:	-- left   >> mean: 244.9194, median: 5.0, hits@10: 63.3%
INFO:root:	-- right  >> mean: 243.4076, median: 5.0, hits@10: 65.24%
INFO:root:	-- global >> mean: 244.1635, median: 5.0, hits@10: 64.27%
INFO:root:### MACRO (filtered test):
INFO:root:	-- left   >> mean: 480.40836, median: 272.38889, hits@10: 54.097%
INFO:root:	-- right  >> mean: 360.79494, median: 87.36111, hits@10: 56.362%
INFO:root:	-- global >> mean: 420.60165, median: 74.33333, hits@10: 55.23%
INFO:root:### MICRO (raw test):
INFO:root:	-- global >> mean: 1.6008, median: 1.0, hits@1: 82.2%
INFO:root:### MICRO (raw test):
INFO:root:	-- global >> mean: 1.6008, median: 1.0, hits@3: 91.4%
INFO:root:### MICRO (raw test):
INFO:root:	-- global >> mean: 1.6008, median: 1.0, hits@10: 99.48%
INFO:root:### MICRO (filtered test):
INFO:root:	-- global >> mean: 1.5972, median: 1.0, hits@1: 82.26%
INFO:root:### MICRO (filtered test):
INFO:root:	-- global >> mean: 1.5972, median: 1.0, hits@3: 91.42%
INFO:root:### MICRO (filtered test):
INFO:root:	-- global >> mean: 1.5972, median: 1.0, hits@10: 99.54%
INFO:root:-- EPOCH 201 (0.875 seconds):
INFO:root:COST >> 0.3949 +/- 0.0046, % updates: 28.553%
INFO:root:-- EPOCH 202 (0.861 seconds):
INFO:root:COST >> 0.396 +/- 0.0051, % updates: 28.569%
INFO:root:-- EPOCH 203 (0.784 seconds):
INFO:root:COST >> 0.3953 +/- 0.0039, % updates: 28.669%
INFO:root:-- EPOCH 204 (0.798 seconds):
INFO:root:COST >> 0.3944 +/- 0.0058, % updates: 28.682%
INFO:root:-- EPOCH 205 (0.78 seconds):
INFO:root:COST >> 0.394 +/- 0.0026, % updates: 28.588%
INFO:root:-- EPOCH 206 (0.786 seconds):
INFO:root:COST >> 0.394 +/- 0.0038, % updates: 28.518%
INFO:root:-- EPOCH 207 (0.787 seconds):
INFO:root:COST >> 0.3962 +/- 0.0061, % updates: 28.635%
INFO:root:-- EPOCH 208 (0.84 seconds):
INFO:root:COST >> 0.3934 +/- 0.0042, % updates: 28.503%
INFO:root:-- EPOCH 209 (0.818 seconds):
INFO:root:COST >> 0.3949 +/- 0.004, % updates: 28.667%
INFO:root:-- EPOCH 210 (0.792 seconds):
INFO:root:COST >> 0.3929 +/- 0.0056, % updates: 28.499%
INFO:root:-- EPOCH 211 (0.96 seconds):
INFO:root:COST >> 0.3952 +/- 0.0042, % updates: 28.629%
INFO:root:-- EPOCH 212 (0.95 seconds):
INFO:root:COST >> 0.3911 +/- 0.0023, % updates: 28.374%
INFO:root:-- EPOCH 213 (0.821 seconds):
INFO:root:COST >> 0.3918 +/- 0.006, % updates: 28.416%
INFO:root:-- EPOCH 214 (0.813 seconds):
INFO:root:COST >> 0.3915 +/- 0.0045, % updates: 28.394%
INFO:root:-- EPOCH 215 (0.786 seconds):
INFO:root:COST >> 0.3919 +/- 0.0054, % updates: 28.389%
INFO:root:-- EPOCH 216 (0.795 seconds):
INFO:root:COST >> 0.3927 +/- 0.0051, % updates: 28.474%
INFO:root:-- EPOCH 217 (0.822 seconds):
INFO:root:COST >> 0.3911 +/- 0.0056, % updates: 28.302%
INFO:root:-- EPOCH 218 (0.812 seconds):
INFO:root:COST >> 0.3931 +/- 0.0055, % updates: 28.444%
INFO:root:-- EPOCH 219 (0.826 seconds):
INFO:root:COST >> 0.391 +/- 0.0055, % updates: 28.332%
INFO:root:-- EPOCH 220 (0.838 seconds):
INFO:root:COST >> 0.393 +/- 0.0049, % updates: 28.488%
INFO:root:-- EPOCH 221 (0.813 seconds):
INFO:root:COST >> 0.3916 +/- 0.0047, % updates: 28.359%
INFO:root:-- EPOCH 222 (0.79 seconds):
INFO:root:COST >> 0.3915 +/- 0.0042, % updates: 28.451%
INFO:root:-- EPOCH 223 (0.82 seconds):
INFO:root:COST >> 0.3908 +/- 0.0058, % updates: 28.285%
INFO:root:-- EPOCH 224 (0.795 seconds):
INFO:root:COST >> 0.3925 +/- 0.0063, % updates: 28.404%
INFO:root:-- EPOCH 225 (0.813 seconds):
INFO:root:COST >> 0.3898 +/- 0.0039, % updates: 28.326%
INFO:root:-- EPOCH 226 (0.794 seconds):
INFO:root:COST >> 0.3902 +/- 0.0041, % updates: 28.291%
INFO:root:-- EPOCH 227 (0.789 seconds):
INFO:root:COST >> 0.3929 +/- 0.0063, % updates: 28.382%
INFO:root:-- EPOCH 228 (0.819 seconds):
INFO:root:COST >> 0.3887 +/- 0.0057, % updates: 28.217%
INFO:root:-- EPOCH 229 (0.853 seconds):
INFO:root:COST >> 0.3898 +/- 0.0033, % updates: 28.355%
INFO:root:-- EPOCH 230 (0.77 seconds):
INFO:root:COST >> 0.3902 +/- 0.0052, % updates: 28.281%
INFO:root:-- EPOCH 231 (0.845 seconds):
INFO:root:COST >> 0.3896 +/- 0.0049, % updates: 28.321%
INFO:root:-- EPOCH 232 (0.808 seconds):
INFO:root:COST >> 0.3908 +/- 0.004, % updates: 28.341%
INFO:root:-- EPOCH 233 (0.798 seconds):
INFO:root:COST >> 0.3899 +/- 0.0061, % updates: 28.228%
INFO:root:-- EPOCH 234 (0.776 seconds):
INFO:root:COST >> 0.39 +/- 0.0034, % updates: 28.159%
INFO:root:-- EPOCH 235 (0.784 seconds):
INFO:root:COST >> 0.3901 +/- 0.0047, % updates: 28.3%
INFO:root:-- EPOCH 236 (0.824 seconds):
INFO:root:COST >> 0.3871 +/- 0.0053, % updates: 28.14%
INFO:root:-- EPOCH 237 (0.798 seconds):
INFO:root:COST >> 0.3907 +/- 0.0054, % updates: 28.325%
INFO:root:-- EPOCH 238 (0.825 seconds):
INFO:root:COST >> 0.3885 +/- 0.0062, % updates: 28.179%
INFO:root:-- EPOCH 239 (0.794 seconds):
INFO:root:COST >> 0.3892 +/- 0.0074, % updates: 28.249%
INFO:root:-- EPOCH 240 (0.833 seconds):
INFO:root:COST >> 0.3882 +/- 0.0065, % updates: 28.177%
INFO:root:-- EPOCH 241 (0.783 seconds):
INFO:root:COST >> 0.3876 +/- 0.0053, % updates: 28.197%
INFO:root:-- EPOCH 242 (0.813 seconds):
INFO:root:COST >> 0.3877 +/- 0.0046, % updates: 28.095%
INFO:root:-- EPOCH 243 (0.829 seconds):
INFO:root:COST >> 0.3885 +/- 0.004, % updates: 28.159%
INFO:root:-- EPOCH 244 (0.849 seconds):
INFO:root:COST >> 0.389 +/- 0.0055, % updates: 28.253%
INFO:root:-- EPOCH 245 (0.834 seconds):
INFO:root:COST >> 0.3892 +/- 0.0074, % updates: 28.236%
INFO:root:-- EPOCH 246 (0.792 seconds):
INFO:root:COST >> 0.3869 +/- 0.008, % updates: 28.119%
INFO:root:-- EPOCH 247 (0.818 seconds):
INFO:root:COST >> 0.3878 +/- 0.0059, % updates: 28.203%
INFO:root:-- EPOCH 248 (0.774 seconds):
INFO:root:COST >> 0.3868 +/- 0.0047, % updates: 28.021%
INFO:root:-- EPOCH 249 (0.825 seconds):
INFO:root:COST >> 0.3853 +/- 0.0054, % updates: 28.044%
INFO:root:-- EPOCH 250 (0.787 seconds):
INFO:root:COST >> 0.3857 +/- 0.0049, % updates: 27.998%
INFO:root:-- EPOCH 251 (0.823 seconds):
INFO:root:COST >> 0.3881 +/- 0.0038, % updates: 28.133%
INFO:root:-- EPOCH 252 (0.787 seconds):
INFO:root:COST >> 0.3855 +/- 0.0064, % updates: 28.099%
INFO:root:-- EPOCH 253 (0.833 seconds):
INFO:root:COST >> 0.3856 +/- 0.005, % updates: 27.975%
INFO:root:-- EPOCH 254 (0.789 seconds):
INFO:root:COST >> 0.3867 +/- 0.0048, % updates: 28.077%
INFO:root:-- EPOCH 255 (0.83 seconds):
INFO:root:COST >> 0.3857 +/- 0.004, % updates: 27.996%
INFO:root:-- EPOCH 256 (0.771 seconds):
INFO:root:COST >> 0.3871 +/- 0.0065, % updates: 28.1%
INFO:root:-- EPOCH 257 (0.805 seconds):
INFO:root:COST >> 0.3864 +/- 0.0066, % updates: 28.011%
INFO:root:-- EPOCH 258 (0.822 seconds):
INFO:root:COST >> 0.3862 +/- 0.0032, % updates: 28.034%
INFO:root:-- EPOCH 259 (0.777 seconds):
INFO:root:COST >> 0.3834 +/- 0.0049, % updates: 27.948%
INFO:root:-- EPOCH 260 (0.825 seconds):
INFO:root:COST >> 0.3849 +/- 0.0031, % updates: 27.985%
INFO:root:-- EPOCH 261 (0.791 seconds):
INFO:root:COST >> 0.3848 +/- 0.0047, % updates: 28.056%
INFO:root:-- EPOCH 262 (0.797 seconds):
INFO:root:COST >> 0.3847 +/- 0.008, % updates: 28.005%
INFO:root:-- EPOCH 263 (0.738 seconds):
INFO:root:COST >> 0.385 +/- 0.0068, % updates: 27.958%
INFO:root:-- EPOCH 264 (0.77 seconds):
INFO:root:COST >> 0.3849 +/- 0.0055, % updates: 27.955%
INFO:root:-- EPOCH 265 (0.742 seconds):
INFO:root:COST >> 0.3848 +/- 0.0045, % updates: 27.99%
INFO:root:-- EPOCH 266 (0.775 seconds):
INFO:root:COST >> 0.3842 +/- 0.0038, % updates: 28.051%
INFO:root:-- EPOCH 267 (0.751 seconds):
INFO:root:COST >> 0.3828 +/- 0.0046, % updates: 27.862%
INFO:root:-- EPOCH 268 (0.766 seconds):
INFO:root:COST >> 0.3829 +/- 0.0043, % updates: 27.917%
INFO:root:-- EPOCH 269 (0.747 seconds):
INFO:root:COST >> 0.3849 +/- 0.0031, % updates: 27.92%
INFO:root:-- EPOCH 270 (0.796 seconds):
INFO:root:COST >> 0.3815 +/- 0.0054, % updates: 27.838%
INFO:root:-- EPOCH 271 (0.958 seconds):
INFO:root:COST >> 0.384 +/- 0.0042, % updates: 27.95%
INFO:root:-- EPOCH 272 (0.838 seconds):
INFO:root:COST >> 0.3827 +/- 0.0055, % updates: 27.869%
INFO:root:-- EPOCH 273 (0.774 seconds):
INFO:root:COST >> 0.3823 +/- 0.0057, % updates: 27.965%
INFO:root:-- EPOCH 274 (0.781 seconds):
INFO:root:COST >> 0.3834 +/- 0.0025, % updates: 27.927%
INFO:root:-- EPOCH 275 (0.741 seconds):
INFO:root:COST >> 0.3843 +/- 0.0049, % updates: 27.892%
INFO:root:-- EPOCH 276 (0.787 seconds):
INFO:root:COST >> 0.3827 +/- 0.0042, % updates: 27.884%
INFO:root:-- EPOCH 277 (0.751 seconds):
INFO:root:COST >> 0.384 +/- 0.0059, % updates: 27.938%
INFO:root:-- EPOCH 278 (0.778 seconds):
INFO:root:COST >> 0.3838 +/- 0.0062, % updates: 27.823%
INFO:root:-- EPOCH 279 (0.746 seconds):
INFO:root:COST >> 0.3841 +/- 0.0037, % updates: 27.919%
INFO:root:-- EPOCH 280 (0.777 seconds):
INFO:root:COST >> 0.3834 +/- 0.0055, % updates: 27.803%
INFO:root:-- EPOCH 281 (0.754 seconds):
INFO:root:COST >> 0.3812 +/- 0.0043, % updates: 27.804%
INFO:root:-- EPOCH 282 (0.775 seconds):
INFO:root:COST >> 0.3826 +/- 0.0045, % updates: 27.841%
INFO:root:-- EPOCH 283 (0.747 seconds):
INFO:root:COST >> 0.3824 +/- 0.0042, % updates: 27.856%
INFO:root:-- EPOCH 284 (0.788 seconds):
INFO:root:COST >> 0.383 +/- 0.0043, % updates: 27.778%
INFO:root:-- EPOCH 285 (0.749 seconds):
INFO:root:COST >> 0.3837 +/- 0.0062, % updates: 27.857%
INFO:root:-- EPOCH 286 (0.78 seconds):
INFO:root:COST >> 0.3822 +/- 0.0045, % updates: 27.835%
INFO:root:-- EPOCH 287 (0.744 seconds):
INFO:root:COST >> 0.3823 +/- 0.0038, % updates: 27.765%
INFO:root:-- EPOCH 288 (0.78 seconds):
INFO:root:COST >> 0.3823 +/- 0.0054, % updates: 27.763%
INFO:root:-- EPOCH 289 (0.748 seconds):
INFO:root:COST >> 0.3828 +/- 0.0046, % updates: 27.841%
INFO:root:-- EPOCH 290 (0.777 seconds):
INFO:root:COST >> 0.3792 +/- 0.0024, % updates: 27.723%
INFO:root:-- EPOCH 291 (0.902 seconds):
INFO:root:COST >> 0.3803 +/- 0.006, % updates: 27.787%
INFO:root:-- EPOCH 292 (0.962 seconds):
INFO:root:COST >> 0.3805 +/- 0.0075, % updates: 27.72%
INFO:root:-- EPOCH 293 (0.737 seconds):
INFO:root:COST >> 0.3815 +/- 0.0064, % updates: 27.838%
INFO:root:-- EPOCH 294 (0.775 seconds):
INFO:root:COST >> 0.3795 +/- 0.0034, % updates: 27.681%
INFO:root:-- EPOCH 295 (0.752 seconds):
INFO:root:COST >> 0.3794 +/- 0.0047, % updates: 27.723%
INFO:root:-- EPOCH 296 (0.772 seconds):
INFO:root:COST >> 0.3805 +/- 0.003, % updates: 27.731%
INFO:root:-- EPOCH 297 (0.739 seconds):
INFO:root:COST >> 0.3803 +/- 0.0063, % updates: 27.69%
INFO:root:-- EPOCH 298 (0.79 seconds):
INFO:root:COST >> 0.3793 +/- 0.0029, % updates: 27.658%
INFO:root:-- EPOCH 299 (0.742 seconds):
INFO:root:COST >> 0.3803 +/- 0.0048, % updates: 27.678%
INFO:root:-- EPOCH 300 (0.784 seconds):
INFO:root:COST >> 0.3813 +/- 0.0062, % updates: 27.764%
INFO:root:### MICRO (raw valid):
INFO:root:	-- left   >> mean: 257.8728, median: 5.0, hits@10: 62.74%
INFO:root:	-- right  >> mean: 257.486, median: 5.0, hits@10: 62.16%
INFO:root:	-- global >> mean: 257.6794, median: 5.0, hits@10: 62.45%
INFO:root:### MACRO (raw valid):
INFO:root:	-- left   >> mean: 376.56905, median: 103.5, hits@10: 54.799%
INFO:root:	-- right  >> mean: 427.79444, median: 44.88889, hits@10: 56.631%
INFO:root:	-- global >> mean: 402.18174, median: 43.05556, hits@10: 55.715%
INFO:root:### MICRO (filtered valid):
INFO:root:	-- left   >> mean: 255.792, median: 5.0, hits@10: 63.92%
INFO:root:	-- right  >> mean: 255.362, median: 5.0, hits@10: 63.22%
INFO:root:	-- global >> mean: 255.577, median: 5.0, hits@10: 63.57%
INFO:root:### MACRO (filtered valid):
INFO:root:	-- left   >> mean: 375.13629, median: 102.22222, hits@10: 55.097%
INFO:root:	-- right  >> mean: 426.66076, median: 44.13889, hits@10: 56.931%
INFO:root:	-- global >> mean: 400.89853, median: 42.86111, hits@10: 56.014%
INFO:root:### MICRO (raw test):
INFO:root:	-- left   >> mean: 226.2038, median: 5.0, hits@1: 18.24%
INFO:root:	-- right  >> mean: 226.9826, median: 5.0, hits@1: 20.28%
INFO:root:	-- global >> mean: 226.5932, median: 5.0, hits@1: 19.26%
INFO:root:### MACRO (raw test):
INFO:root:	-- left   >> mean: 410.40153, median: 171.77778, hits@1: 25.211%
INFO:root:	-- right  >> mean: 316.22732, median: 70.11111, hits@1: 26.71%
INFO:root:	-- global >> mean: 363.31442, median: 58.80556, hits@1: 25.961%
INFO:root:### MICRO (raw test):
INFO:root:	-- left   >> mean: 226.2038, median: 5.0, hits@3: 40.1%
INFO:root:	-- right  >> mean: 226.9826, median: 5.0, hits@3: 42.56%
INFO:root:	-- global >> mean: 226.5932, median: 5.0, hits@3: 41.33%
INFO:root:### MACRO (raw test):
INFO:root:	-- left   >> mean: 410.40153, median: 171.77778, hits@3: 41.324%
INFO:root:	-- right  >> mean: 316.22732, median: 70.11111, hits@3: 42.638%
INFO:root:	-- global >> mean: 363.31442, median: 58.80556, hits@3: 41.981%
INFO:root:### MICRO (raw test):
INFO:root:	-- left   >> mean: 226.2038, median: 5.0, hits@10: 62.42%
INFO:root:	-- right  >> mean: 226.9826, median: 5.0, hits@10: 64.3%
INFO:root:	-- global >> mean: 226.5932, median: 5.0, hits@10: 63.36%
INFO:root:### MACRO (raw test):
INFO:root:	-- left   >> mean: 410.40153, median: 171.77778, hits@10: 54.501%
INFO:root:	-- right  >> mean: 316.22732, median: 70.11111, hits@10: 56.305%
INFO:root:	-- global >> mean: 363.31442, median: 58.80556, hits@10: 55.403%
INFO:root:### MICRO (filtered test):
INFO:root:	-- left   >> mean: 224.0596, median: 5.0, hits@1: 18.66%
INFO:root:	-- right  >> mean: 225.2016, median: 4.0, hits@1: 20.7%
INFO:root:	-- global >> mean: 224.6306, median: 5.0, hits@1: 19.68%
INFO:root:### MACRO (filtered test):
INFO:root:	-- left   >> mean: 408.98524, median: 171.30556, hits@1: 25.445%
INFO:root:	-- right  >> mean: 314.76338, median: 68.83333, hits@1: 26.885%
INFO:root:	-- global >> mean: 361.87431, median: 58.75, hits@1: 26.165%
INFO:root:### MICRO (filtered test):
INFO:root:	-- left   >> mean: 224.0596, median: 5.0, hits@3: 41.86%
INFO:root:	-- right  >> mean: 225.2016, median: 4.0, hits@3: 44.34%
INFO:root:	-- global >> mean: 224.6306, median: 5.0, hits@3: 43.1%
INFO:root:### MACRO (filtered test):
INFO:root:	-- left   >> mean: 408.98524, median: 171.30556, hits@3: 41.804%
INFO:root:	-- right  >> mean: 314.76338, median: 68.83333, hits@3: 43.138%
INFO:root:	-- global >> mean: 361.87431, median: 58.75, hits@3: 42.471%
INFO:root:### MICRO (filtered test):
INFO:root:	-- left   >> mean: 224.0596, median: 5.0, hits@10: 63.68%
INFO:root:	-- right  >> mean: 225.2016, median: 4.0, hits@10: 65.36%
INFO:root:	-- global >> mean: 224.6306, median: 5.0, hits@10: 64.52%
INFO:root:### MACRO (filtered test):
INFO:root:	-- left   >> mean: 408.98524, median: 171.30556, hits@10: 54.85%
INFO:root:	-- right  >> mean: 314.76338, median: 68.83333, hits@10: 56.562%
INFO:root:	-- global >> mean: 361.87431, median: 58.75, hits@10: 55.706%
INFO:root:### MICRO (raw test):
INFO:root:	-- global >> mean: 1.6038, median: 1.0, hits@1: 81.76%
INFO:root:### MICRO (raw test):
INFO:root:	-- global >> mean: 1.6038, median: 1.0, hits@3: 91.38%
INFO:root:### MICRO (raw test):
INFO:root:	-- global >> mean: 1.6038, median: 1.0, hits@10: 99.58%
INFO:root:### MICRO (filtered test):
INFO:root:	-- global >> mean: 1.6004, median: 1.0, hits@1: 81.8%
INFO:root:### MICRO (filtered test):
INFO:root:	-- global >> mean: 1.6004, median: 1.0, hits@3: 91.4%
INFO:root:### MICRO (filtered test):
INFO:root:	-- global >> mean: 1.6004, median: 1.0, hits@10: 99.6%
INFO:root:-- EPOCH 301 (3.477 seconds):
INFO:root:COST >> 0.3786 +/- 0.006, % updates: 27.691%
INFO:root:-- EPOCH 302 (1.018 seconds):
INFO:root:COST >> 0.381 +/- 0.0051, % updates: 27.747%
INFO:root:-- EPOCH 303 (0.855 seconds):
INFO:root:COST >> 0.3815 +/- 0.0038, % updates: 27.746%
INFO:root:-- EPOCH 304 (0.874 seconds):
INFO:root:COST >> 0.3805 +/- 0.0036, % updates: 27.66%
INFO:root:-- EPOCH 305 (0.801 seconds):
INFO:root:COST >> 0.3801 +/- 0.0039, % updates: 27.706%
INFO:root:-- EPOCH 306 (0.796 seconds):
INFO:root:COST >> 0.379 +/- 0.0034, % updates: 27.656%
INFO:root:-- EPOCH 307 (0.773 seconds):
INFO:root:COST >> 0.3796 +/- 0.0045, % updates: 27.635%
INFO:root:-- EPOCH 308 (0.78 seconds):
INFO:root:COST >> 0.38 +/- 0.0047, % updates: 27.759%
INFO:root:-- EPOCH 309 (0.784 seconds):
INFO:root:COST >> 0.3804 +/- 0.0029, % updates: 27.741%
INFO:root:-- EPOCH 310 (0.774 seconds):
INFO:root:COST >> 0.3783 +/- 0.0044, % updates: 27.586%
INFO:root:-- EPOCH 311 (0.784 seconds):
INFO:root:COST >> 0.3789 +/- 0.0039, % updates: 27.563%
INFO:root:-- EPOCH 312 (0.812 seconds):
INFO:root:COST >> 0.3777 +/- 0.0047, % updates: 27.586%
INFO:root:-- EPOCH 313 (0.785 seconds):
INFO:root:COST >> 0.3771 +/- 0.004, % updates: 27.661%
INFO:root:-- EPOCH 314 (0.816 seconds):
INFO:root:COST >> 0.3798 +/- 0.0036, % updates: 27.615%
INFO:root:-- EPOCH 315 (0.814 seconds):
INFO:root:COST >> 0.3773 +/- 0.0054, % updates: 27.569%
INFO:root:-- EPOCH 316 (0.814 seconds):
INFO:root:COST >> 0.3782 +/- 0.0055, % updates: 27.516%
INFO:root:-- EPOCH 317 (0.938 seconds):
INFO:root:COST >> 0.3788 +/- 0.003, % updates: 27.619%
INFO:root:-- EPOCH 318 (0.972 seconds):
INFO:root:COST >> 0.3774 +/- 0.0035, % updates: 27.493%
INFO:root:-- EPOCH 319 (0.874 seconds):
INFO:root:COST >> 0.3768 +/- 0.0043, % updates: 27.507%
INFO:root:-- EPOCH 320 (0.806 seconds):
INFO:root:COST >> 0.3784 +/- 0.0041, % updates: 27.547%
INFO:root:-- EPOCH 321 (0.797 seconds):
INFO:root:COST >> 0.3774 +/- 0.0034, % updates: 27.535%
INFO:root:-- EPOCH 322 (0.788 seconds):
INFO:root:COST >> 0.3769 +/- 0.0054, % updates: 27.532%
INFO:root:-- EPOCH 323 (0.772 seconds):
INFO:root:COST >> 0.3777 +/- 0.0065, % updates: 27.548%
INFO:root:-- EPOCH 324 (0.767 seconds):
INFO:root:COST >> 0.3783 +/- 0.0053, % updates: 27.632%
INFO:root:-- EPOCH 325 (0.799 seconds):
INFO:root:COST >> 0.3781 +/- 0.0041, % updates: 27.563%
INFO:root:-- EPOCH 326 (0.801 seconds):
INFO:root:COST >> 0.3777 +/- 0.0057, % updates: 27.476%
INFO:root:-- EPOCH 327 (0.786 seconds):
INFO:root:COST >> 0.3763 +/- 0.0038, % updates: 27.565%
INFO:root:-- EPOCH 328 (0.846 seconds):
INFO:root:COST >> 0.3763 +/- 0.0055, % updates: 27.495%
INFO:root:-- EPOCH 329 (0.796 seconds):
INFO:root:COST >> 0.3773 +/- 0.0027, % updates: 27.556%
INFO:root:-- EPOCH 330 (0.772 seconds):
INFO:root:COST >> 0.3758 +/- 0.0041, % updates: 27.505%
INFO:root:-- EPOCH 331 (0.776 seconds):
INFO:root:COST >> 0.3761 +/- 0.0041, % updates: 27.523%
INFO:root:-- EPOCH 332 (0.797 seconds):
INFO:root:COST >> 0.3763 +/- 0.0064, % updates: 27.496%
INFO:root:-- EPOCH 333 (0.804 seconds):
INFO:root:COST >> 0.3745 +/- 0.0051, % updates: 27.428%
INFO:root:-- EPOCH 334 (0.775 seconds):
INFO:root:COST >> 0.3758 +/- 0.0045, % updates: 27.498%
INFO:root:-- EPOCH 335 (0.76 seconds):
INFO:root:COST >> 0.3763 +/- 0.0062, % updates: 27.527%
INFO:root:-- EPOCH 336 (0.792 seconds):
INFO:root:COST >> 0.3785 +/- 0.0035, % updates: 27.531%
INFO:root:-- EPOCH 337 (0.779 seconds):
INFO:root:COST >> 0.3757 +/- 0.0039, % updates: 27.41%
INFO:root:-- EPOCH 338 (0.767 seconds):
INFO:root:COST >> 0.3754 +/- 0.0048, % updates: 27.423%
INFO:root:-- EPOCH 339 (0.778 seconds):
INFO:root:COST >> 0.3756 +/- 0.0053, % updates: 27.454%
INFO:root:-- EPOCH 340 (0.76 seconds):
INFO:root:COST >> 0.3764 +/- 0.0052, % updates: 27.504%
INFO:root:-- EPOCH 341 (0.786 seconds):
INFO:root:COST >> 0.3757 +/- 0.0071, % updates: 27.409%
INFO:root:-- EPOCH 342 (0.787 seconds):
INFO:root:COST >> 0.3776 +/- 0.0035, % updates: 27.51%
INFO:root:-- EPOCH 343 (0.791 seconds):
INFO:root:COST >> 0.3752 +/- 0.0047, % updates: 27.393%
INFO:root:-- EPOCH 344 (0.77 seconds):
INFO:root:COST >> 0.3739 +/- 0.004, % updates: 27.324%
INFO:root:-- EPOCH 345 (0.755 seconds):
INFO:root:COST >> 0.3758 +/- 0.0038, % updates: 27.396%
INFO:root:-- EPOCH 346 (0.761 seconds):
INFO:root:COST >> 0.3759 +/- 0.0045, % updates: 27.434%
INFO:root:-- EPOCH 347 (0.785 seconds):
INFO:root:COST >> 0.3744 +/- 0.0042, % updates: 27.389%
INFO:root:-- EPOCH 348 (0.788 seconds):
INFO:root:COST >> 0.3734 +/- 0.0041, % updates: 27.315%
INFO:root:-- EPOCH 349 (0.774 seconds):
INFO:root:COST >> 0.3761 +/- 0.0049, % updates: 27.341%
INFO:root:-- EPOCH 350 (0.772 seconds):
INFO:root:COST >> 0.3761 +/- 0.0061, % updates: 27.409%
INFO:root:-- EPOCH 351 (0.75 seconds):
INFO:root:COST >> 0.374 +/- 0.0042, % updates: 27.426%
INFO:root:-- EPOCH 352 (0.752 seconds):
INFO:root:COST >> 0.375 +/- 0.0033, % updates: 27.429%
INFO:root:-- EPOCH 353 (0.763 seconds):
INFO:root:COST >> 0.3754 +/- 0.0051, % updates: 27.381%
INFO:root:-- EPOCH 354 (0.76 seconds):
INFO:root:COST >> 0.3734 +/- 0.0051, % updates: 27.346%
INFO:root:-- EPOCH 355 (0.781 seconds):
INFO:root:COST >> 0.3743 +/- 0.0066, % updates: 27.365%
INFO:root:-- EPOCH 356 (0.751 seconds):
INFO:root:COST >> 0.3733 +/- 0.0042, % updates: 27.286%
INFO:root:-- EPOCH 357 (0.761 seconds):
INFO:root:COST >> 0.374 +/- 0.0057, % updates: 27.321%
INFO:root:-- EPOCH 358 (0.765 seconds):
INFO:root:COST >> 0.3729 +/- 0.0047, % updates: 27.34%
INFO:root:-- EPOCH 359 (0.78 seconds):
INFO:root:COST >> 0.3735 +/- 0.0054, % updates: 27.264%
INFO:root:-- EPOCH 360 (0.774 seconds):
INFO:root:COST >> 0.3739 +/- 0.0048, % updates: 27.34%
INFO:root:-- EPOCH 361 (0.756 seconds):
INFO:root:COST >> 0.3748 +/- 0.006, % updates: 27.348%
INFO:root:-- EPOCH 362 (0.749 seconds):
INFO:root:COST >> 0.3748 +/- 0.003, % updates: 27.402%
INFO:root:-- EPOCH 363 (0.764 seconds):
INFO:root:COST >> 0.3741 +/- 0.0049, % updates: 27.37%
INFO:root:-- EPOCH 364 (0.771 seconds):
INFO:root:COST >> 0.3734 +/- 0.0033, % updates: 27.318%
INFO:root:-- EPOCH 365 (0.76 seconds):
INFO:root:COST >> 0.3734 +/- 0.0041, % updates: 27.418%
INFO:root:-- EPOCH 366 (0.789 seconds):
INFO:root:COST >> 0.3738 +/- 0.0052, % updates: 27.305%
INFO:root:-- EPOCH 367 (0.772 seconds):
INFO:root:COST >> 0.3753 +/- 0.0051, % updates: 27.351%
INFO:root:-- EPOCH 368 (0.807 seconds):
INFO:root:COST >> 0.3741 +/- 0.0055, % updates: 27.441%
INFO:root:-- EPOCH 369 (0.802 seconds):
INFO:root:COST >> 0.3735 +/- 0.0035, % updates: 27.377%
INFO:root:-- EPOCH 370 (0.749 seconds):
INFO:root:COST >> 0.3739 +/- 0.0037, % updates: 27.331%
INFO:root:-- EPOCH 371 (0.756 seconds):
INFO:root:COST >> 0.3757 +/- 0.003, % updates: 27.393%
INFO:root:-- EPOCH 372 (0.721 seconds):
INFO:root:COST >> 0.3733 +/- 0.0062, % updates: 27.212%
INFO:root:-- EPOCH 373 (0.732 seconds):
INFO:root:COST >> 0.3737 +/- 0.0057, % updates: 27.332%
INFO:root:-- EPOCH 374 (0.739 seconds):
INFO:root:COST >> 0.3732 +/- 0.0026, % updates: 27.252%
INFO:root:-- EPOCH 375 (0.724 seconds):
INFO:root:COST >> 0.3728 +/- 0.0047, % updates: 27.275%
INFO:root:-- EPOCH 376 (0.731 seconds):
INFO:root:COST >> 0.3739 +/- 0.0024, % updates: 27.255%
INFO:root:-- EPOCH 377 (0.747 seconds):
INFO:root:COST >> 0.3735 +/- 0.0053, % updates: 27.223%
INFO:root:-- EPOCH 378 (0.74 seconds):
INFO:root:COST >> 0.3721 +/- 0.0055, % updates: 27.244%
INFO:root:-- EPOCH 379 (0.754 seconds):
INFO:root:COST >> 0.3724 +/- 0.0042, % updates: 27.251%
INFO:root:-- EPOCH 380 (0.725 seconds):
INFO:root:COST >> 0.372 +/- 0.0033, % updates: 27.243%
INFO:root:-- EPOCH 381 (0.742 seconds):
INFO:root:COST >> 0.3727 +/- 0.0047, % updates: 27.247%
INFO:root:-- EPOCH 382 (0.741 seconds):
INFO:root:COST >> 0.3737 +/- 0.0038, % updates: 27.294%
INFO:root:-- EPOCH 383 (0.73 seconds):
INFO:root:COST >> 0.3726 +/- 0.0053, % updates: 27.212%
INFO:root:-- EPOCH 384 (0.746 seconds):
INFO:root:COST >> 0.3724 +/- 0.0048, % updates: 27.182%
INFO:root:-- EPOCH 385 (0.765 seconds):
INFO:root:COST >> 0.3725 +/- 0.0023, % updates: 27.292%
INFO:root:-- EPOCH 386 (0.782 seconds):
INFO:root:COST >> 0.3726 +/- 0.0033, % updates: 27.192%
INFO:root:-- EPOCH 387 (0.753 seconds):
INFO:root:COST >> 0.3725 +/- 0.0032, % updates: 27.263%
INFO:root:-- EPOCH 388 (0.758 seconds):
INFO:root:COST >> 0.3717 +/- 0.005, % updates: 27.187%
INFO:root:-- EPOCH 389 (0.73 seconds):
INFO:root:COST >> 0.3712 +/- 0.0045, % updates: 27.227%
INFO:root:-- EPOCH 390 (0.765 seconds):
INFO:root:COST >> 0.3729 +/- 0.0039, % updates: 27.196%
INFO:root:-- EPOCH 391 (0.753 seconds):
INFO:root:COST >> 0.3701 +/- 0.0031, % updates: 27.146%
INFO:root:-- EPOCH 392 (0.749 seconds):
INFO:root:COST >> 0.3715 +/- 0.0061, % updates: 27.212%
INFO:root:-- EPOCH 393 (0.738 seconds):
INFO:root:COST >> 0.3693 +/- 0.0052, % updates: 27.144%
INFO:root:-- EPOCH 394 (0.755 seconds):
INFO:root:COST >> 0.3723 +/- 0.0053, % updates: 27.091%
INFO:root:-- EPOCH 395 (0.738 seconds):
INFO:root:COST >> 0.3707 +/- 0.0051, % updates: 27.073%
INFO:root:-- EPOCH 396 (0.742 seconds):
INFO:root:COST >> 0.3706 +/- 0.004, % updates: 27.224%
INFO:root:-- EPOCH 397 (0.727 seconds):
INFO:root:COST >> 0.3729 +/- 0.0064, % updates: 27.208%
INFO:root:-- EPOCH 398 (0.774 seconds):
INFO:root:COST >> 0.3697 +/- 0.0046, % updates: 27.122%
INFO:root:-- EPOCH 399 (0.732 seconds):
INFO:root:COST >> 0.3708 +/- 0.0034, % updates: 27.135%
INFO:root:-- EPOCH 400 (0.749 seconds):
INFO:root:COST >> 0.37 +/- 0.0043, % updates: 27.167%
INFO:root:### MICRO (raw valid):
INFO:root:	-- left   >> mean: 243.2442, median: 5.0, hits@10: 62.64%
INFO:root:	-- right  >> mean: 240.7324, median: 5.0, hits@10: 62.48%
INFO:root:	-- global >> mean: 241.9883, median: 5.0, hits@10: 62.56%
INFO:root:### MACRO (raw valid):
INFO:root:	-- left   >> mean: 309.23292, median: 65.72222, hits@10: 54.407%
INFO:root:	-- right  >> mean: 340.34253, median: 37.0, hits@10: 57.172%
INFO:root:	-- global >> mean: 324.78772, median: 21.63889, hits@10: 55.79%
INFO:root:### MICRO (filtered valid):
INFO:root:	-- left   >> mean: 241.1612, median: 5.0, hits@10: 63.82%
INFO:root:	-- right  >> mean: 238.6158, median: 5.0, hits@10: 63.6%
INFO:root:	-- global >> mean: 239.8885, median: 5.0, hits@10: 63.71%
INFO:root:### MACRO (filtered valid):
INFO:root:	-- left   >> mean: 307.76574, median: 64.94444, hits@10: 54.829%
INFO:root:	-- right  >> mean: 339.19565, median: 36.47222, hits@10: 57.529%
INFO:root:	-- global >> mean: 323.4807, median: 21.52778, hits@10: 56.179%
INFO:root:### MICRO (raw test):
INFO:root:	-- left   >> mean: 209.3622, median: 5.0, hits@1: 18.72%
INFO:root:	-- right  >> mean: 211.9252, median: 5.0, hits@1: 19.82%
INFO:root:	-- global >> mean: 210.6437, median: 5.0, hits@1: 19.27%
INFO:root:### MACRO (raw test):
INFO:root:	-- left   >> mean: 334.99388, median: 91.61111, hits@1: 26.551%
INFO:root:	-- right  >> mean: 293.68235, median: 53.55556, hits@1: 26.709%
INFO:root:	-- global >> mean: 314.33811, median: 40.94444, hits@1: 26.63%
INFO:root:### MICRO (raw test):
INFO:root:	-- left   >> mean: 209.3622, median: 5.0, hits@3: 40.22%
INFO:root:	-- right  >> mean: 211.9252, median: 5.0, hits@3: 42.4%
INFO:root:	-- global >> mean: 210.6437, median: 5.0, hits@3: 41.31%
INFO:root:### MACRO (raw test):
INFO:root:	-- left   >> mean: 334.99388, median: 91.61111, hits@3: 42.006%
INFO:root:	-- right  >> mean: 293.68235, median: 53.55556, hits@3: 42.826%
INFO:root:	-- global >> mean: 314.33811, median: 40.94444, hits@3: 42.416%
INFO:root:### MICRO (raw test):
INFO:root:	-- left   >> mean: 209.3622, median: 5.0, hits@10: 61.86%
INFO:root:	-- right  >> mean: 211.9252, median: 5.0, hits@10: 64.4%
INFO:root:	-- global >> mean: 210.6437, median: 5.0, hits@10: 63.13%
INFO:root:### MACRO (raw test):
INFO:root:	-- left   >> mean: 334.99388, median: 91.61111, hits@10: 54.266%
INFO:root:	-- right  >> mean: 293.68235, median: 53.55556, hits@10: 56.627%
INFO:root:	-- global >> mean: 314.33811, median: 40.94444, hits@10: 55.447%
INFO:root:### MICRO (filtered test):
INFO:root:	-- left   >> mean: 207.2152, median: 5.0, hits@1: 19.12%
INFO:root:	-- right  >> mean: 210.1366, median: 5.0, hits@1: 20.26%
INFO:root:	-- global >> mean: 208.6759, median: 5.0, hits@1: 19.69%
INFO:root:### MACRO (filtered test):
INFO:root:	-- left   >> mean: 333.53106, median: 91.08333, hits@1: 26.779%
INFO:root:	-- right  >> mean: 292.26879, median: 52.52778, hits@1: 26.842%
INFO:root:	-- global >> mean: 312.89992, median: 40.75, hits@1: 26.81%
INFO:root:### MICRO (filtered test):
INFO:root:	-- left   >> mean: 207.2152, median: 5.0, hits@3: 41.92%
INFO:root:	-- right  >> mean: 210.1366, median: 5.0, hits@3: 44.2%
INFO:root:	-- global >> mean: 208.6759, median: 5.0, hits@3: 43.06%
INFO:root:### MACRO (filtered test):
INFO:root:	-- left   >> mean: 333.53106, median: 91.08333, hits@3: 42.43%
INFO:root:	-- right  >> mean: 292.26879, median: 52.52778, hits@3: 43.361%
INFO:root:	-- global >> mean: 312.89992, median: 40.75, hits@3: 42.895%
INFO:root:### MICRO (filtered test):
INFO:root:	-- left   >> mean: 207.2152, median: 5.0, hits@10: 63.3%
INFO:root:	-- right  >> mean: 210.1366, median: 5.0, hits@10: 65.56%
INFO:root:	-- global >> mean: 208.6759, median: 5.0, hits@10: 64.43%
INFO:root:### MACRO (filtered test):
INFO:root:	-- left   >> mean: 333.53106, median: 91.08333, hits@10: 54.717%
INFO:root:	-- right  >> mean: 292.26879, median: 52.52778, hits@10: 56.928%
INFO:root:	-- global >> mean: 312.89992, median: 40.75, hits@10: 55.823%
INFO:root:### MICRO (raw test):
INFO:root:	-- global >> mean: 1.5976, median: 1.0, hits@1: 82.18%
INFO:root:### MICRO (raw test):
INFO:root:	-- global >> mean: 1.5976, median: 1.0, hits@3: 91.32%
INFO:root:### MICRO (raw test):
INFO:root:	-- global >> mean: 1.5976, median: 1.0, hits@10: 99.54%
INFO:root:### MICRO (filtered test):
INFO:root:	-- global >> mean: 1.5944, median: 1.0, hits@1: 82.22%
INFO:root:### MICRO (filtered test):
INFO:root:	-- global >> mean: 1.5944, median: 1.0, hits@3: 91.34%
INFO:root:### MICRO (filtered test):
INFO:root:	-- global >> mean: 1.5944, median: 1.0, hits@10: 99.58%
INFO:root:-- EPOCH 401 (0.859 seconds):
INFO:root:COST >> 0.3696 +/- 0.0047, % updates: 27.134%
INFO:root:-- EPOCH 402 (0.823 seconds):
INFO:root:COST >> 0.3693 +/- 0.0063, % updates: 27.114%
INFO:root:-- EPOCH 403 (0.781 seconds):
INFO:root:COST >> 0.3694 +/- 0.0043, % updates: 27.137%
INFO:root:-- EPOCH 404 (0.824 seconds):
INFO:root:COST >> 0.3691 +/- 0.0054, % updates: 27.107%
INFO:root:-- EPOCH 405 (0.855 seconds):
INFO:root:COST >> 0.3709 +/- 0.0037, % updates: 27.171%
INFO:root:-- EPOCH 406 (0.791 seconds):
INFO:root:COST >> 0.3698 +/- 0.0027, % updates: 27.132%
INFO:root:-- EPOCH 407 (0.827 seconds):
INFO:root:COST >> 0.3718 +/- 0.0054, % updates: 27.214%
INFO:root:-- EPOCH 408 (0.777 seconds):
INFO:root:COST >> 0.3684 +/- 0.0063, % updates: 27.031%
INFO:root:-- EPOCH 409 (0.773 seconds):
INFO:root:COST >> 0.3697 +/- 0.0026, % updates: 27.045%
INFO:root:-- EPOCH 410 (0.824 seconds):
INFO:root:COST >> 0.3699 +/- 0.0026, % updates: 27.073%
INFO:root:-- EPOCH 411 (0.829 seconds):
INFO:root:COST >> 0.3687 +/- 0.0037, % updates: 27.114%
INFO:root:-- EPOCH 412 (0.829 seconds):
INFO:root:COST >> 0.3699 +/- 0.0029, % updates: 27.114%
INFO:root:-- EPOCH 413 (0.817 seconds):
INFO:root:COST >> 0.3692 +/- 0.0054, % updates: 27.145%
INFO:root:-- EPOCH 414 (0.829 seconds):
INFO:root:COST >> 0.3705 +/- 0.0035, % updates: 27.128%
INFO:root:-- EPOCH 415 (0.832 seconds):
INFO:root:COST >> 0.369 +/- 0.0033, % updates: 27.067%
INFO:root:-- EPOCH 416 (0.828 seconds):
INFO:root:COST >> 0.3695 +/- 0.0044, % updates: 27.101%
INFO:root:-- EPOCH 417 (0.827 seconds):
INFO:root:COST >> 0.37 +/- 0.0046, % updates: 27.044%
INFO:root:-- EPOCH 418 (0.805 seconds):
INFO:root:COST >> 0.3686 +/- 0.0031, % updates: 27.055%
INFO:root:-- EPOCH 419 (0.79 seconds):
INFO:root:COST >> 0.3698 +/- 0.0043, % updates: 27.035%
INFO:root:-- EPOCH 420 (0.8 seconds):
INFO:root:COST >> 0.3701 +/- 0.0049, % updates: 27.181%
INFO:root:-- EPOCH 421 (0.828 seconds):
INFO:root:COST >> 0.3683 +/- 0.004, % updates: 26.946%
INFO:root:-- EPOCH 422 (0.807 seconds):
INFO:root:COST >> 0.3683 +/- 0.0054, % updates: 26.945%
INFO:root:-- EPOCH 423 (0.808 seconds):
INFO:root:COST >> 0.3699 +/- 0.0045, % updates: 27.088%
INFO:root:-- EPOCH 424 (0.809 seconds):
INFO:root:COST >> 0.3671 +/- 0.0029, % updates: 26.949%
INFO:root:-- EPOCH 425 (0.794 seconds):
INFO:root:COST >> 0.3701 +/- 0.0052, % updates: 27.071%
INFO:root:-- EPOCH 426 (0.832 seconds):
INFO:root:COST >> 0.3685 +/- 0.0049, % updates: 26.976%
INFO:root:-- EPOCH 427 (0.801 seconds):
INFO:root:COST >> 0.3682 +/- 0.0058, % updates: 26.97%
INFO:root:-- EPOCH 428 (0.904 seconds):
INFO:root:COST >> 0.3694 +/- 0.0042, % updates: 27.185%
INFO:root:-- EPOCH 429 (1.025 seconds):
INFO:root:COST >> 0.3683 +/- 0.005, % updates: 26.989%
INFO:root:-- EPOCH 430 (0.976 seconds):
INFO:root:COST >> 0.3678 +/- 0.0042, % updates: 27.044%
INFO:root:-- EPOCH 431 (0.782 seconds):
INFO:root:COST >> 0.3664 +/- 0.0025, % updates: 27.021%
INFO:root:-- EPOCH 432 (0.799 seconds):
INFO:root:COST >> 0.3692 +/- 0.0045, % updates: 27.01%
INFO:root:-- EPOCH 433 (0.799 seconds):
INFO:root:COST >> 0.3669 +/- 0.0042, % updates: 27.019%
INFO:root:-- EPOCH 434 (0.819 seconds):
INFO:root:COST >> 0.3688 +/- 0.0031, % updates: 26.985%
INFO:root:-- EPOCH 435 (0.804 seconds):
INFO:root:COST >> 0.3682 +/- 0.006, % updates: 27.016%
INFO:root:-- EPOCH 436 (0.844 seconds):
INFO:root:COST >> 0.3693 +/- 0.0061, % updates: 27.059%
INFO:root:-- EPOCH 437 (0.827 seconds):
INFO:root:COST >> 0.3686 +/- 0.006, % updates: 27.048%
INFO:root:-- EPOCH 438 (0.817 seconds):
INFO:root:COST >> 0.3682 +/- 0.0023, % updates: 26.988%
INFO:root:-- EPOCH 439 (0.86 seconds):
INFO:root:COST >> 0.3671 +/- 0.004, % updates: 26.913%
INFO:root:-- EPOCH 440 (0.871 seconds):
INFO:root:COST >> 0.3682 +/- 0.0065, % updates: 26.982%
INFO:root:-- EPOCH 441 (0.822 seconds):
INFO:root:COST >> 0.3671 +/- 0.0075, % updates: 26.91%
INFO:root:-- EPOCH 442 (0.85 seconds):
INFO:root:COST >> 0.3663 +/- 0.0043, % updates: 26.954%
INFO:root:-- EPOCH 443 (0.806 seconds):
INFO:root:COST >> 0.3698 +/- 0.0046, % updates: 27.039%
INFO:root:-- EPOCH 444 (0.801 seconds):
INFO:root:COST >> 0.3684 +/- 0.0031, % updates: 27.018%
INFO:root:-- EPOCH 445 (0.791 seconds):
INFO:root:COST >> 0.3689 +/- 0.0037, % updates: 27.093%
INFO:root:-- EPOCH 446 (0.82 seconds):
INFO:root:COST >> 0.3667 +/- 0.0058, % updates: 26.959%
INFO:root:-- EPOCH 447 (0.839 seconds):
INFO:root:COST >> 0.3664 +/- 0.0033, % updates: 26.963%
INFO:root:-- EPOCH 448 (0.865 seconds):
INFO:root:COST >> 0.3672 +/- 0.0046, % updates: 26.994%
INFO:root:-- EPOCH 449 (0.806 seconds):
INFO:root:COST >> 0.3671 +/- 0.0037, % updates: 26.989%
INFO:root:-- EPOCH 450 (0.864 seconds):
INFO:root:COST >> 0.3676 +/- 0.0046, % updates: 26.948%
INFO:root:-- EPOCH 451 (0.835 seconds):
INFO:root:COST >> 0.3678 +/- 0.0049, % updates: 26.95%
INFO:root:-- EPOCH 452 (0.822 seconds):
INFO:root:COST >> 0.3668 +/- 0.0053, % updates: 26.928%
INFO:root:-- EPOCH 453 (0.785 seconds):
INFO:root:COST >> 0.3678 +/- 0.0051, % updates: 27.057%
INFO:root:-- EPOCH 454 (0.852 seconds):
INFO:root:COST >> 0.3667 +/- 0.0064, % updates: 26.934%
INFO:root:-- EPOCH 455 (0.806 seconds):
INFO:root:COST >> 0.3676 +/- 0.0034, % updates: 26.952%
INFO:root:-- EPOCH 456 (0.874 seconds):
INFO:root:COST >> 0.3668 +/- 0.0051, % updates: 26.927%
INFO:root:-- EPOCH 457 (0.82 seconds):
INFO:root:COST >> 0.3663 +/- 0.0055, % updates: 26.857%
INFO:root:-- EPOCH 458 (0.816 seconds):
INFO:root:COST >> 0.3665 +/- 0.0038, % updates: 26.997%
INFO:root:-- EPOCH 459 (0.798 seconds):
INFO:root:COST >> 0.3658 +/- 0.0034, % updates: 26.835%
INFO:root:-- EPOCH 460 (0.847 seconds):
INFO:root:COST >> 0.3672 +/- 0.0049, % updates: 26.941%
INFO:root:-- EPOCH 461 (0.791 seconds):
INFO:root:COST >> 0.3669 +/- 0.0041, % updates: 26.842%
INFO:root:-- EPOCH 462 (0.851 seconds):
INFO:root:COST >> 0.3663 +/- 0.006, % updates: 26.913%
INFO:root:-- EPOCH 463 (0.833 seconds):
INFO:root:COST >> 0.3667 +/- 0.005, % updates: 26.997%
INFO:root:-- EPOCH 464 (0.795 seconds):
INFO:root:COST >> 0.3668 +/- 0.0064, % updates: 26.888%
INFO:root:-- EPOCH 465 (0.877 seconds):
INFO:root:COST >> 0.3665 +/- 0.005, % updates: 26.822%
INFO:root:-- EPOCH 466 (0.896 seconds):
INFO:root:COST >> 0.3647 +/- 0.0042, % updates: 26.857%
INFO:root:-- EPOCH 467 (1.084 seconds):
INFO:root:COST >> 0.3672 +/- 0.0016, % updates: 26.877%
INFO:root:-- EPOCH 468 (1.034 seconds):
INFO:root:COST >> 0.3664 +/- 0.0041, % updates: 26.982%
INFO:root:-- EPOCH 469 (0.797 seconds):
INFO:root:COST >> 0.3651 +/- 0.0064, % updates: 26.928%
INFO:root:-- EPOCH 470 (0.764 seconds):
INFO:root:COST >> 0.3668 +/- 0.0041, % updates: 26.874%
INFO:root:-- EPOCH 471 (0.8 seconds):
INFO:root:COST >> 0.3678 +/- 0.0037, % updates: 26.834%
INFO:root:-- EPOCH 472 (0.805 seconds):
INFO:root:COST >> 0.3663 +/- 0.0054, % updates: 26.961%
INFO:root:-- EPOCH 473 (0.8 seconds):
INFO:root:COST >> 0.3657 +/- 0.0048, % updates: 26.868%
INFO:root:-- EPOCH 474 (0.759 seconds):
INFO:root:COST >> 0.365 +/- 0.0067, % updates: 26.893%
INFO:root:-- EPOCH 475 (0.809 seconds):
INFO:root:COST >> 0.3667 +/- 0.0054, % updates: 26.972%
INFO:root:-- EPOCH 476 (0.775 seconds):
INFO:root:COST >> 0.3651 +/- 0.0058, % updates: 26.766%
INFO:root:-- EPOCH 477 (0.771 seconds):
INFO:root:COST >> 0.3662 +/- 0.0048, % updates: 26.822%
INFO:root:-- EPOCH 478 (0.776 seconds):
INFO:root:COST >> 0.3657 +/- 0.0052, % updates: 26.902%
INFO:root:-- EPOCH 479 (0.784 seconds):
INFO:root:COST >> 0.3665 +/- 0.0073, % updates: 26.856%
INFO:root:-- EPOCH 480 (0.803 seconds):
INFO:root:COST >> 0.3659 +/- 0.0051, % updates: 26.945%
INFO:root:-- EPOCH 481 (0.749 seconds):
INFO:root:COST >> 0.3666 +/- 0.0053, % updates: 26.882%
INFO:root:-- EPOCH 482 (0.774 seconds):
INFO:root:COST >> 0.366 +/- 0.0049, % updates: 26.906%
INFO:root:-- EPOCH 483 (0.825 seconds):
INFO:root:COST >> 0.3643 +/- 0.0047, % updates: 26.815%
INFO:root:-- EPOCH 484 (0.781 seconds):
INFO:root:COST >> 0.367 +/- 0.0043, % updates: 26.868%
INFO:root:-- EPOCH 485 (0.836 seconds):
INFO:root:COST >> 0.3667 +/- 0.0032, % updates: 26.924%
INFO:root:-- EPOCH 486 (0.806 seconds):
INFO:root:COST >> 0.3663 +/- 0.0038, % updates: 26.871%
INFO:root:-- EPOCH 487 (0.768 seconds):
INFO:root:COST >> 0.3653 +/- 0.0051, % updates: 26.946%
INFO:root:-- EPOCH 488 (0.799 seconds):
INFO:root:COST >> 0.3642 +/- 0.0042, % updates: 26.843%
INFO:root:-- EPOCH 489 (0.81 seconds):
INFO:root:COST >> 0.3642 +/- 0.0037, % updates: 26.756%
INFO:root:-- EPOCH 490 (0.749 seconds):
INFO:root:COST >> 0.366 +/- 0.004, % updates: 26.839%
INFO:root:-- EPOCH 491 (0.787 seconds):
INFO:root:COST >> 0.3634 +/- 0.003, % updates: 26.682%
INFO:root:-- EPOCH 492 (0.782 seconds):
INFO:root:COST >> 0.3667 +/- 0.0048, % updates: 26.818%
INFO:root:-- EPOCH 493 (0.768 seconds):
INFO:root:COST >> 0.3644 +/- 0.0046, % updates: 26.808%
INFO:root:-- EPOCH 494 (0.772 seconds):
INFO:root:COST >> 0.3651 +/- 0.005, % updates: 26.855%
INFO:root:-- EPOCH 495 (0.802 seconds):
INFO:root:COST >> 0.3645 +/- 0.0043, % updates: 26.845%
INFO:root:-- EPOCH 496 (0.793 seconds):
INFO:root:COST >> 0.3629 +/- 0.0045, % updates: 26.668%
INFO:root:-- EPOCH 497 (0.789 seconds):
INFO:root:COST >> 0.3648 +/- 0.0035, % updates: 26.882%
INFO:root:-- EPOCH 498 (0.782 seconds):
INFO:root:COST >> 0.364 +/- 0.004, % updates: 26.797%
INFO:root:-- EPOCH 499 (0.776 seconds):
INFO:root:COST >> 0.3638 +/- 0.0043, % updates: 26.753%
INFO:root:-- EPOCH 500 (0.768 seconds):
INFO:root:COST >> 0.3643 +/- 0.0062, % updates: 26.835%
INFO:root:### MICRO (raw valid):
INFO:root:	-- left   >> mean: 236.129, median: 5.0, hits@10: 63.04%
INFO:root:	-- right  >> mean: 230.3024, median: 5.0, hits@10: 62.16%
INFO:root:	-- global >> mean: 233.2157, median: 5.0, hits@10: 62.6%
INFO:root:### MACRO (raw valid):
INFO:root:	-- left   >> mean: 300.2112, median: 58.69444, hits@10: 55.311%
INFO:root:	-- right  >> mean: 315.39839, median: 35.16667, hits@10: 56.996%
INFO:root:	-- global >> mean: 307.80479, median: 18.44444, hits@10: 56.154%
INFO:root:### MICRO (filtered valid):
INFO:root:	-- left   >> mean: 234.0896, median: 5.0, hits@10: 64.18%
INFO:root:	-- right  >> mean: 228.1682, median: 5.0, hits@10: 63.26%
INFO:root:	-- global >> mean: 231.1289, median: 5.0, hits@10: 63.72%
INFO:root:### MACRO (filtered valid):
INFO:root:	-- left   >> mean: 298.777, median: 57.69444, hits@10: 55.65%
INFO:root:	-- right  >> mean: 314.24496, median: 34.27778, hits@10: 57.274%
INFO:root:	-- global >> mean: 306.51098, median: 18.25, hits@10: 56.462%
INFO:root:### MICRO (raw test):
INFO:root:	-- left   >> mean: 202.6332, median: 5.0, hits@1: 18.44%
INFO:root:	-- right  >> mean: 206.6138, median: 5.0, hits@1: 20.36%
INFO:root:	-- global >> mean: 204.6235, median: 5.0, hits@1: 19.4%
INFO:root:### MACRO (raw test):
INFO:root:	-- left   >> mean: 334.06503, median: 87.30556, hits@1: 25.479%
INFO:root:	-- right  >> mean: 294.4641, median: 66.19444, hits@1: 26.695%
INFO:root:	-- global >> mean: 314.26456, median: 34.63889, hits@1: 26.087%
INFO:root:### MICRO (raw test):
INFO:root:	-- left   >> mean: 202.6332, median: 5.0, hits@3: 40.36%
INFO:root:	-- right  >> mean: 206.6138, median: 5.0, hits@3: 42.12%
INFO:root:	-- global >> mean: 204.6235, median: 5.0, hits@3: 41.24%
INFO:root:### MACRO (raw test):
INFO:root:	-- left   >> mean: 334.06503, median: 87.30556, hits@3: 41.648%
INFO:root:	-- right  >> mean: 294.4641, median: 66.19444, hits@3: 42.56%
INFO:root:	-- global >> mean: 314.26456, median: 34.63889, hits@3: 42.104%
INFO:root:### MICRO (raw test):
INFO:root:	-- left   >> mean: 202.6332, median: 5.0, hits@10: 62.72%
INFO:root:	-- right  >> mean: 206.6138, median: 5.0, hits@10: 64.14%
INFO:root:	-- global >> mean: 204.6235, median: 5.0, hits@10: 63.43%
INFO:root:### MACRO (raw test):
INFO:root:	-- left   >> mean: 334.06503, median: 87.30556, hits@10: 54.743%
INFO:root:	-- right  >> mean: 294.4641, median: 66.19444, hits@10: 56.045%
INFO:root:	-- global >> mean: 314.26456, median: 34.63889, hits@10: 55.394%
INFO:root:### MICRO (filtered test):
INFO:root:	-- left   >> mean: 200.482, median: 5.0, hits@1: 19.0%
INFO:root:	-- right  >> mean: 204.8246, median: 5.0, hits@1: 20.68%
INFO:root:	-- global >> mean: 202.6533, median: 5.0, hits@1: 19.84%
INFO:root:### MACRO (filtered test):
INFO:root:	-- left   >> mean: 332.61168, median: 86.38889, hits@1: 25.803%
INFO:root:	-- right  >> mean: 293.01017, median: 64.97222, hits@1: 26.799%
INFO:root:	-- global >> mean: 312.81092, median: 34.47222, hits@1: 26.301%
INFO:root:### MICRO (filtered test):
INFO:root:	-- left   >> mean: 200.482, median: 5.0, hits@3: 42.12%
INFO:root:	-- right  >> mean: 204.8246, median: 5.0, hits@3: 43.86%
INFO:root:	-- global >> mean: 202.6533, median: 5.0, hits@3: 42.99%
INFO:root:### MACRO (filtered test):
INFO:root:	-- left   >> mean: 332.61168, median: 86.38889, hits@3: 42.156%
INFO:root:	-- right  >> mean: 293.01017, median: 64.97222, hits@3: 43.033%
INFO:root:	-- global >> mean: 312.81092, median: 34.47222, hits@3: 42.594%
INFO:root:### MICRO (filtered test):
INFO:root:	-- left   >> mean: 200.482, median: 5.0, hits@10: 64.26%
INFO:root:	-- right  >> mean: 204.8246, median: 5.0, hits@10: 65.38%
INFO:root:	-- global >> mean: 202.6533, median: 5.0, hits@10: 64.82%
INFO:root:### MACRO (filtered test):
INFO:root:	-- left   >> mean: 332.61168, median: 86.38889, hits@10: 55.215%
INFO:root:	-- right  >> mean: 293.01017, median: 64.97222, hits@10: 56.457%
INFO:root:	-- global >> mean: 312.81092, median: 34.47222, hits@10: 55.836%
INFO:root:### MICRO (raw test):
INFO:root:	-- global >> mean: 1.6002, median: 1.0, hits@1: 82.04%
INFO:root:### MICRO (raw test):
INFO:root:	-- global >> mean: 1.6002, median: 1.0, hits@3: 91.28%
INFO:root:### MICRO (raw test):
INFO:root:	-- global >> mean: 1.6002, median: 1.0, hits@10: 99.54%
INFO:root:### MICRO (filtered test):
INFO:root:	-- global >> mean: 1.597, median: 1.0, hits@1: 82.08%
INFO:root:### MICRO (filtered test):
INFO:root:	-- global >> mean: 1.597, median: 1.0, hits@3: 91.3%
INFO:root:### MICRO (filtered test):
INFO:root:	-- global >> mean: 1.597, median: 1.0, hits@10: 99.58%
